#***************************************************************************

#sjplacer

#Version:            1.1

#Build Date:         Sep  9 2019 11:47:43

#File Generated:     Nov 23 2025 22:59:36

#Purpose:            

#Copyright (C) 2010-2011 by Softjin Technologies Pvt Ltd. All rights reserved.

#***************************************************************************

Executing : C:\H_Da Softwares & Projects\PSoC Creator\4.4\PSoC Creator\bin/sjplacer.exe --proj-name ReactionGame --netlist-vh2 ReactionGame_p.vh2 --arch p35_udb4x6 --arch-file C:\H_Da Softwares & Projects\PSoC Creator\4.4\PSoC Creator\dev\arch/udbdsi_4x6_24.cydata --ip-file C:\H_Da Softwares & Projects\PSoC Creator\4.4\PSoC Creator\dev\psoc5/psoc5lp/ip_blocks.cydata --rrg-file C:\H_Da Softwares & Projects\PSoC Creator\4.4\PSoC Creator\dev\psoc5/psoc5lp/route_arch-rrg.cydata --irq-file C:\H_Da Softwares & Projects\PSoC Creator\4.4\PSoC Creator\dev\psoc5/psoc5lp/irqconn.cydata --drq-file C:\H_Da Softwares & Projects\PSoC Creator\4.4\PSoC Creator\dev\psoc5/psoc5lp/dmaconn.cydata --dsi-conn-file C:\H_Da Softwares & Projects\PSoC Creator\4.4\PSoC Creator\dev\psoc5/psoc5lp/dsiconn.cydata --pins-file pins_68-QFN.xml --lib-file ReactionGame_p.lib --sdc-file ReactionGame.sdc --io-pcf ReactionGame.pci --outdir .

		Softjin Techologies Placer, Version 1.1

Build Date : Sep  9 2019	11:45:12

D2004: Option and Settings Summary
=============================================================
Netlist vh2 file          - ReactionGame_p.vh2
Architecture file         - C:\H_Da Softwares & Projects\PSoC Creator\4.4\PSoC Creator\dev\arch/udbdsi_4x6_24.cydata
Package                   - 
Defparam file             - 
SDC file                  - ReactionGame.sdc
Output directory          - .
Timing library            - ReactionGame_p.lib
IO Placement file         - ReactionGame.pci

D2050: Starting reading inputs for placer
=============================================================
D2065: Reading netlist file : "ReactionGame_p.vh2"
D2065: Reading arch file : "C:\H_Da Softwares & Projects\PSoC Creator\4.4\PSoC Creator\dev\arch/udbdsi_4x6_24.cydata"
D2051: Reading of inputs for placer completed successfully

D2053: Starting placement of the design
=============================================================

Phase 2
Phase 3

Design Statistics after Packing
    Number of Combinational MCs 	:	14
    Number of Sequential MCs    	:	25
    Number of DPs               	:	4
    Number of Controls          	:	3
    Number of Status            	:	4
    Number of SyncCells         	:	0
    Number of count7cells       	:	2

Device Utilization Summary after Packing
    Macrocells                  :	39/192
    UDBS                        :	7/24
    IOs                         :	22/72


D2088: Phase 3, elapsed time : 0.0 (sec)

Phase 4
D2088: Phase 4, elapsed time : 0.0 (sec)

Phase 5
D2088: Phase 5, elapsed time : 0.0 (sec)

Phase 6

######################################################################
Placement Timing Summary

The timing summary is based on estimated routing delays after
placement. For final timing report, please carry out the timing
analysis after routing.
======================================================================

######################################################################
                     Clock Summary 
======================================================================
Number of clocks: 9
Clock: CLK_LED              | Frequency: N/A       | Target:   0.0 MHz
Clock: CLK_LED(fixed-function) | Frequency: N/A       | Target:   0.0 MHz
Clock: CyBUS_CLK            | Frequency:  53.9 MHz | Target:  24.0 MHz
Clock: CyILO                | Frequency: N/A       | Target:   0.0 MHz
Clock: CyIMO                | Frequency: N/A       | Target:   3.0 MHz
Clock: CyMASTER_CLK         | Frequency: N/A       | Target:  24.0 MHz
Clock: CyPLL_OUT            | Frequency: N/A       | Target:  24.0 MHz
Clock: TFT_SPI_IntClock     | Frequency:  65.0 MHz | Target:  24.0 MHz
Clock: UART_LOG_IntClock    | Frequency:  53.6 MHz | Target:   0.9 MHz

======================================================================
                     End of Clock Summary
######################################################################

D2088: Phase 6, elapsed time : 0.0 (sec)

Phase 7
######################################################################
                     Clock Summary 
======================================================================
Number of clocks: 9
Clock: CLK_LED              | Frequency: N/A       | Target:   0.0 MHz
Clock: CLK_LED(fixed-function) | Frequency: N/A       | Target:   0.0 MHz
Clock: CyBUS_CLK            | Frequency:   1.3 MHz | Target:  24.0 MHz
Clock: CyILO                | Frequency: N/A       | Target:   0.0 MHz
Clock: CyIMO                | Frequency: N/A       | Target:   3.0 MHz
Clock: CyMASTER_CLK         | Frequency: N/A       | Target:  24.0 MHz
Clock: CyPLL_OUT            | Frequency: N/A       | Target:  24.0 MHz
Clock: TFT_SPI_IntClock     | Frequency:  65.0 MHz | Target:  24.0 MHz
Clock: UART_LOG_IntClock    | Frequency:   1.3 MHz | Target:   0.9 MHz

======================================================================
                     End of Clock Summary
######################################################################
D2088: Phase 7, elapsed time : 0.2 (sec)

Final Design Statistics
    Number of Combinational MCs 	:	14
    Number of Sequential MCs    	:	25
    Number of DPs               	:	4
    Number of Controls          	:	3
    Number of Status            	:	4
    Number of SyncCells         	:	0
    Number of count7cells       	:	2
    Number of IOs       	:	22

Device Utilization Summary
    Macrocells                  :	39/192
    IOs                         :	22/72



######################################################################
Placement Timing Summary

The timing summary is based on estimated routing delays after
placement. For final timing report, please carry out the timing
analysis after routing.
======================================================================


######################################################################
                     Clock Summary 
======================================================================
Number of clocks: 9
Clock: CLK_LED              | Frequency: N/A       | Target:   0.0 MHz
Clock: CLK_LED(fixed-function) | Frequency: N/A       | Target:   0.0 MHz
Clock: CyBUS_CLK            | Frequency:   1.4 MHz | Target:  24.0 MHz
Clock: CyILO                | Frequency: N/A       | Target:   0.0 MHz
Clock: CyIMO                | Frequency: N/A       | Target:   3.0 MHz
Clock: CyMASTER_CLK         | Frequency: N/A       | Target:  24.0 MHz
Clock: CyPLL_OUT            | Frequency: N/A       | Target:  24.0 MHz
Clock: TFT_SPI_IntClock     | Frequency:  65.0 MHz | Target:  24.0 MHz
Clock: UART_LOG_IntClock    | Frequency:   1.4 MHz | Target:   0.9 MHz

======================================================================
                     End of Clock Summary
######################################################################

Phase 8
D2088: Phase 8, elapsed time : 0.0 (sec)

D2054: Placement of the design completed successfully

I2076: Total run-time: 0.8 sec.

