ARM GAS  C:\Users\agila\AppData\Local\Temp\ccxWzz6w.s 			page 1


   1              		.syntax unified
   2              		.cpu cortex-m3
   3              		.fpu softvfp
   4              		.eabi_attribute 20, 1
   5              		.eabi_attribute 21, 1
   6              		.eabi_attribute 23, 3
   7              		.eabi_attribute 24, 1
   8              		.eabi_attribute 25, 1
   9              		.eabi_attribute 26, 1
  10              		.eabi_attribute 30, 1
  11              		.eabi_attribute 34, 1
  12              		.eabi_attribute 18, 4
  13              		.thumb
  14              		.syntax unified
  15              		.file	"ArcadianLight.c"
  16              		.text
  17              	.Ltext0:
  18              		.cfi_sections	.debug_frame
  19              		.section	.text.AL_fader,"ax",%progbits
  20              		.align	2
  21              		.global	AL_fader
  22              		.thumb
  23              		.thumb_func
  24              		.type	AL_fader, %function
  25              	AL_fader:
  26              	.LFB111:
  27              		.file 1 "source\\asw\\ArcadianLight.c"
   1:source\asw/ArcadianLight.c **** /**
   2:source\asw/ArcadianLight.c **** * \file <ReactionGame.c>
   3:source\asw/ArcadianLight.c **** * \author <AGILAN V S>
   4:source\asw/ArcadianLight.c **** * \date <26-11-2025>
   5:source\asw/ArcadianLight.c **** *
   6:source\asw/ArcadianLight.c **** * \brief <Symbolic File name>   // ???
   7:source\asw/ArcadianLight.c **** *
   8:source\asw/ArcadianLight.c **** * \copyright Copyright ©2016
   9:source\asw/ArcadianLight.c **** * Department of electrical engineering and information technology, Hochschule Darmstadt - Universit
  10:source\asw/ArcadianLight.c **** * Permission to use, copy, modify, and distribute this software and its documentation for education
  11:source\asw/ArcadianLight.c **** * (unless permitted by h_da) and official h_da projects, is hereby granted for enrolled students of
  12:source\asw/ArcadianLight.c **** * this paragraph and the following paragraph appear in all copies, modifications, and distributions
  13:source\asw/ArcadianLight.c **** * Contact Prof.Dr.-Ing. Peter Fromm, peter.fromm@h-da.de, Birkenweg 8 64295 Darmstadt - GERMANY for
  14:source\asw/ArcadianLight.c **** *
  15:source\asw/ArcadianLight.c **** * \warning This software is a PROTOTYPE version and is not designed or intended for use in producti
  16:source\asw/ArcadianLight.c **** * The user represents and warrants that it will NOT use or redistribute the Software for such purpo
  17:source\asw/ArcadianLight.c **** * This prototype is for research purposes only. This software is provided "AS IS," without a warran
  18:source\asw/ArcadianLight.c **** */
  19:source\asw/ArcadianLight.c **** 
  20:source\asw/ArcadianLight.c **** /*****************************************************************************/
  21:source\asw/ArcadianLight.c **** /* Include files                                                             */
  22:source\asw/ArcadianLight.c **** /*****************************************************************************/
  23:source\asw/ArcadianLight.c **** #include <stdio.h>
  24:source\asw/ArcadianLight.c **** #include <string.h>
  25:source\asw/ArcadianLight.c **** #include "project.h"
  26:source\asw/ArcadianLight.c **** #include "global.h"
  27:source\asw/ArcadianLight.c **** #include "led.h"
  28:source\asw/ArcadianLight.c **** 
  29:source\asw/ArcadianLight.c **** #include "ArcadianLight.h"
  30:source\asw/ArcadianLight.c **** 
ARM GAS  C:\Users\agila\AppData\Local\Temp\ccxWzz6w.s 			page 2


  31:source\asw/ArcadianLight.c **** /*****************************************************************************/
  32:source\asw/ArcadianLight.c **** /* Local pre-processor symbols/macros ('#define')                            */
  33:source\asw/ArcadianLight.c **** /*****************************************************************************/ 
  34:source\asw/ArcadianLight.c **** 
  35:source\asw/ArcadianLight.c **** /*****************************************************************************/
  36:source\asw/ArcadianLight.c **** /* Global variable definitions (declared in header file with 'extern')       */
  37:source\asw/ArcadianLight.c **** /*****************************************************************************/
  38:source\asw/ArcadianLight.c **** const RG_Glow_t RG_glowtable[] = {
  39:source\asw/ArcadianLight.c ****     //Red Green Blue TimeInMS
  40:source\asw/ArcadianLight.c ****     {255, 0, 0, 500},
  41:source\asw/ArcadianLight.c ****     {0, 255, 0, 500},
  42:source\asw/ArcadianLight.c ****     {0, 0, 255, 500},
  43:source\asw/ArcadianLight.c ****     {0, 0, 0, 100},
  44:source\asw/ArcadianLight.c ****     {255, 255, 255, 100},
  45:source\asw/ArcadianLight.c ****     {0, 0, 0, 100},
  46:source\asw/ArcadianLight.c ****     {255, 255, 255, 100},
  47:source\asw/ArcadianLight.c ****     {0, 0, 0, 100},
  48:source\asw/ArcadianLight.c ****     {255, 255, 255, 100}
  49:source\asw/ArcadianLight.c **** };
  50:source\asw/ArcadianLight.c **** 
  51:source\asw/ArcadianLight.c **** /*****************************************************************************/
  52:source\asw/ArcadianLight.c **** /* Local type definitions ('typedef')                                        */
  53:source\asw/ArcadianLight.c **** /*****************************************************************************/
  54:source\asw/ArcadianLight.c **** 
  55:source\asw/ArcadianLight.c **** /*****************************************************************************/
  56:source\asw/ArcadianLight.c **** /* Local variable definitions ('static')                                     */
  57:source\asw/ArcadianLight.c **** /*****************************************************************************/ 
  58:source\asw/ArcadianLight.c **** 
  59:source\asw/ArcadianLight.c **** /*****************************************************************************/
  60:source\asw/ArcadianLight.c **** /* Local function prototypes ('static')                                      */
  61:source\asw/ArcadianLight.c **** /*****************************************************************************/
  62:source\asw/ArcadianLight.c **** 
  63:source\asw/ArcadianLight.c **** /*****************************************************************************/
  64:source\asw/ArcadianLight.c **** /* Function implementation - global ('extern') and local ('static')          */
  65:source\asw/ArcadianLight.c **** /*****************************************************************************/
  66:source\asw/ArcadianLight.c **** 
  67:source\asw/ArcadianLight.c **** /********************************************************************************
  68:source\asw/ArcadianLight.c ****  * API Definitions
  69:source\asw/ArcadianLight.c ****  ********************************************************************************/
  70:source\asw/ArcadianLight.c **** 
  71:source\asw/ArcadianLight.c **** RC_t AL_fader(uint16_t tickTime_ms, uint16_t reactionTime_ms)
  72:source\asw/ArcadianLight.c **** {
  28              		.loc 1 72 0
  29              		.cfi_startproc
  30              		@ args = 0, pretend = 0, frame = 0
  31              		@ frame_needed = 0, uses_anonymous_args = 0
  32              	.LVL0:
  33 0000 08B5     		push	{r3, lr}
  34              		.cfi_def_cfa_offset 8
  35              		.cfi_offset 3, -8
  36              		.cfi_offset 14, -4
  73:source\asw/ArcadianLight.c ****     static uint32_t tickCounter = 0;
  74:source\asw/ArcadianLight.c ****     static uint32_t phase = 0;
  75:source\asw/ArcadianLight.c ****     static uint32_t modulo = 1;
  76:source\asw/ArcadianLight.c **** 
  77:source\asw/ArcadianLight.c ****     /* Initialize update rate once */
  78:source\asw/ArcadianLight.c ****     static uint8_t init = 0;
ARM GAS  C:\Users\agila\AppData\Local\Temp\ccxWzz6w.s 			page 3


  79:source\asw/ArcadianLight.c ****     if (!init)
  37              		.loc 1 79 0
  38 0002 214B     		ldr	r3, .L12
  39 0004 1B78     		ldrb	r3, [r3]	@ zero_extendqisi2
  40 0006 4BB9     		cbnz	r3, .L2
  80:source\asw/ArcadianLight.c ****     {
  81:source\asw/ArcadianLight.c ****         modulo = reactionTime_ms / tickTime_ms;
  41              		.loc 1 81 0
  42 0008 B1FBF0F1 		udiv	r1, r1, r0
  43              	.LVL1:
  44 000c 1F4B     		ldr	r3, .L12+4
  45 000e 1960     		str	r1, [r3]
  82:source\asw/ArcadianLight.c ****         if (modulo == 0) modulo = 1;
  46              		.loc 1 82 0
  47 0010 09B9     		cbnz	r1, .L3
  48              		.loc 1 82 0 is_stmt 0 discriminator 1
  49 0012 0122     		movs	r2, #1
  50 0014 1A60     		str	r2, [r3]
  51              	.L3:
  83:source\asw/ArcadianLight.c ****         init = 1;
  52              		.loc 1 83 0 is_stmt 1
  53 0016 0122     		movs	r2, #1
  54 0018 1B4B     		ldr	r3, .L12
  55 001a 1A70     		strb	r2, [r3]
  56              	.L2:
  84:source\asw/ArcadianLight.c ****     }
  85:source\asw/ArcadianLight.c **** 
  86:source\asw/ArcadianLight.c ****     /* Tick counting + update control */
  87:source\asw/ArcadianLight.c ****     if (++tickCounter % modulo != 0)
  57              		.loc 1 87 0
  58 001c 1A4A     		ldr	r2, .L12
  59 001e 5368     		ldr	r3, [r2, #4]
  60 0020 0133     		adds	r3, r3, #1
  61 0022 5360     		str	r3, [r2, #4]
  62 0024 194A     		ldr	r2, .L12+4
  63 0026 1168     		ldr	r1, [r2]
  64 0028 B3FBF1F2 		udiv	r2, r3, r1
  65 002c 01FB1233 		mls	r3, r1, r2, r3
  66 0030 43BB     		cbnz	r3, .L4
  88:source\asw/ArcadianLight.c ****         return RC_SUCCESS;
  89:source\asw/ArcadianLight.c **** 
  90:source\asw/ArcadianLight.c ****     /* Compute local fade value */
  91:source\asw/ArcadianLight.c ****     uint8_t value = phase & 0xFF;        // same as % 256 but faster
  67              		.loc 1 91 0
  68 0032 154B     		ldr	r3, .L12
  69 0034 9B68     		ldr	r3, [r3, #8]
  70 0036 D8B2     		uxtb	r0, r3
  71              	.LVL2:
  92:source\asw/ArcadianLight.c **** 
  93:source\asw/ArcadianLight.c ****     uint8_t r = 0, g = 0, b = 0;
  94:source\asw/ArcadianLight.c **** 
  95:source\asw/ArcadianLight.c ****     /* Phase region (0–1023): fade logic */
  96:source\asw/ArcadianLight.c ****     switch (phase >> 8)       // divide by 256 using bit-shift
  72              		.loc 1 96 0
  73 0038 1B0A     		lsrs	r3, r3, #8
  74 003a 012B     		cmp	r3, #1
  75 003c 03D0     		beq	.L6
ARM GAS  C:\Users\agila\AppData\Local\Temp\ccxWzz6w.s 			page 4


  76 003e 8BB1     		cbz	r3, .L9
  77 0040 022B     		cmp	r3, #2
  78 0042 05D0     		beq	.L8
  79 0044 09E0     		b	.L10
  80              	.L6:
  97:source\asw/ArcadianLight.c ****     {
  98:source\asw/ArcadianLight.c ****         case 0: r = value;                break;                  // 0–255
  99:source\asw/ArcadianLight.c ****         case 1: r = 255 - value; g = value; break;                // 256–511
  81              		.loc 1 99 0
  82 0046 C343     		mvns	r3, r0
  83              	.LVL3:
  84 0048 0146     		mov	r1, r0
  85 004a D8B2     		uxtb	r0, r3
  86              	.LVL4:
  93:source\asw/ArcadianLight.c **** 
  87              		.loc 1 93 0
  88 004c 0022     		movs	r2, #0
  89              		.loc 1 99 0
  90 004e 0BE0     		b	.L7
  91              	.LVL5:
  92              	.L8:
 100:source\asw/ArcadianLight.c ****         case 2: g = 255 - value; b = value; break;                // 512–767
  93              		.loc 1 100 0
  94 0050 C143     		mvns	r1, r0
  95 0052 C9B2     		uxtb	r1, r1
  96              	.LVL6:
  97 0054 0246     		mov	r2, r0
  93:source\asw/ArcadianLight.c **** 
  98              		.loc 1 93 0
  99 0056 0020     		movs	r0, #0
 100              	.LVL7:
 101              		.loc 1 100 0
 102 0058 06E0     		b	.L7
 103              	.LVL8:
 104              	.L10:
 101:source\asw/ArcadianLight.c ****         default:b = 255 - value;            break;                // 768–1023
 105              		.loc 1 101 0
 106 005a C043     		mvns	r0, r0
 107              	.LVL9:
 108 005c C2B2     		uxtb	r2, r0
 109              	.LVL10:
  93:source\asw/ArcadianLight.c **** 
 110              		.loc 1 93 0
 111 005e 0020     		movs	r0, #0
 112              	.LVL11:
 113 0060 0146     		mov	r1, r0
 114              		.loc 1 101 0
 115 0062 01E0     		b	.L7
 116              	.LVL12:
 117              	.L9:
  93:source\asw/ArcadianLight.c **** 
 118              		.loc 1 93 0
 119 0064 0022     		movs	r2, #0
 120 0066 1146     		mov	r1, r2
 121              	.LVL13:
 122              	.L7:
 102:source\asw/ArcadianLight.c ****     }
ARM GAS  C:\Users\agila\AppData\Local\Temp\ccxWzz6w.s 			page 5


 103:source\asw/ArcadianLight.c **** 
 104:source\asw/ArcadianLight.c ****     LED_PWM_Set(r, g, b);
 123              		.loc 1 104 0
 124 0068 92B2     		uxth	r2, r2
 125              	.LVL14:
 126 006a 89B2     		uxth	r1, r1
 127              	.LVL15:
 128 006c FFF7FEFF 		bl	LED_PWM_Set
 129              	.LVL16:
 105:source\asw/ArcadianLight.c **** 
 106:source\asw/ArcadianLight.c ****     /* Advance fade position */
 107:source\asw/ArcadianLight.c ****     if (++phase >= 1024)
 130              		.loc 1 107 0
 131 0070 054A     		ldr	r2, .L12
 132 0072 9368     		ldr	r3, [r2, #8]
 133 0074 0133     		adds	r3, r3, #1
 134 0076 9360     		str	r3, [r2, #8]
 135 0078 B3F5806F 		cmp	r3, #1024
 136 007c 02D3     		bcc	.L4
 108:source\asw/ArcadianLight.c ****         phase = 0;
 137              		.loc 1 108 0
 138 007e 0022     		movs	r2, #0
 139 0080 014B     		ldr	r3, .L12
 140 0082 9A60     		str	r2, [r3, #8]
 141              	.L4:
 109:source\asw/ArcadianLight.c **** 
 110:source\asw/ArcadianLight.c ****     return RC_SUCCESS;
 111:source\asw/ArcadianLight.c **** }
 142              		.loc 1 111 0
 143 0084 0020     		movs	r0, #0
 144 0086 08BD     		pop	{r3, pc}
 145              	.L13:
 146              		.align	2
 147              	.L12:
 148 0088 00000000 		.word	.LANCHOR0
 149 008c 00000000 		.word	.LANCHOR1
 150              		.cfi_endproc
 151              	.LFE111:
 152              		.size	AL_fader, .-AL_fader
 153              		.section	.text.AL_glower,"ax",%progbits
 154              		.align	2
 155              		.global	AL_glower
 156              		.thumb
 157              		.thumb_func
 158              		.type	AL_glower, %function
 159              	AL_glower:
 160              	.LFB112:
 112:source\asw/ArcadianLight.c **** 
 113:source\asw/ArcadianLight.c **** RC_t AL_glower(uint16_t tickTime_ms, uint16_t reactionTime_ms)
 114:source\asw/ArcadianLight.c **** {
 161              		.loc 1 114 0
 162              		.cfi_startproc
 163              		@ args = 0, pretend = 0, frame = 0
 164              		@ frame_needed = 0, uses_anonymous_args = 0
 165              	.LVL17:
 115:source\asw/ArcadianLight.c ****     static uint32_t tickCounter = 0;
 116:source\asw/ArcadianLight.c ****     static uint32_t step = 0;
ARM GAS  C:\Users\agila\AppData\Local\Temp\ccxWzz6w.s 			page 6


 117:source\asw/ArcadianLight.c ****     static uint32_t modulo = 1;
 118:source\asw/ArcadianLight.c **** 
 119:source\asw/ArcadianLight.c ****     /* Initialize update rate once */
 120:source\asw/ArcadianLight.c ****     static uint8_t init = 0;
 121:source\asw/ArcadianLight.c ****     if (!init)
 166              		.loc 1 121 0
 167 0000 264B     		ldr	r3, .L21
 168 0002 1B7B     		ldrb	r3, [r3, #12]	@ zero_extendqisi2
 169 0004 A3B9     		cbnz	r3, .L15
 122:source\asw/ArcadianLight.c ****     {
 123:source\asw/ArcadianLight.c ****         modulo = (RG_glowtable[step].al_duration + tickTime_ms - 1) / tickTime_ms; // ceil
 170              		.loc 1 123 0
 171 0006 254B     		ldr	r3, .L21
 172 0008 1B69     		ldr	r3, [r3, #16]
 173 000a 03EB4303 		add	r3, r3, r3, lsl #1
 174 000e 5A00     		lsls	r2, r3, #1
 175 0010 234B     		ldr	r3, .L21+4
 176 0012 1A44     		add	r2, r2, r3
 177 0014 9388     		ldrh	r3, [r2, #4]
 178 0016 0344     		add	r3, r3, r0
 179 0018 013B     		subs	r3, r3, #1
 180 001a 93FBF0F3 		sdiv	r3, r3, r0
 181 001e 214A     		ldr	r2, .L21+8
 182 0020 5360     		str	r3, [r2, #4]
 124:source\asw/ArcadianLight.c ****         if (modulo == 0) modulo = 1;
 183              		.loc 1 124 0
 184 0022 13B9     		cbnz	r3, .L16
 185              		.loc 1 124 0 is_stmt 0 discriminator 1
 186 0024 0122     		movs	r2, #1
 187 0026 1F4B     		ldr	r3, .L21+8
 188 0028 5A60     		str	r2, [r3, #4]
 189              	.L16:
 125:source\asw/ArcadianLight.c ****         init = 1;
 190              		.loc 1 125 0 is_stmt 1
 191 002a 0122     		movs	r2, #1
 192 002c 1B4B     		ldr	r3, .L21
 193 002e 1A73     		strb	r2, [r3, #12]
 194              	.L15:
 126:source\asw/ArcadianLight.c ****     }
 127:source\asw/ArcadianLight.c **** 
 128:source\asw/ArcadianLight.c ****     /* Tick counting + update control */
 129:source\asw/ArcadianLight.c ****     if (++tickCounter % modulo != 0)
 195              		.loc 1 129 0
 196 0030 1A4A     		ldr	r2, .L21
 197 0032 5369     		ldr	r3, [r2, #20]
 198 0034 0133     		adds	r3, r3, #1
 199 0036 5361     		str	r3, [r2, #20]
 200 0038 1A4A     		ldr	r2, .L21+8
 201 003a 5168     		ldr	r1, [r2, #4]
 202              	.LVL18:
 203 003c B3FBF1F2 		udiv	r2, r3, r1
 204 0040 01FB1233 		mls	r3, r1, r2, r3
 205 0044 43BB     		cbnz	r3, .L20
 114:source\asw/ArcadianLight.c ****     static uint32_t tickCounter = 0;
 206              		.loc 1 114 0
 207 0046 70B5     		push	{r4, r5, r6, lr}
 208              		.cfi_def_cfa_offset 16
ARM GAS  C:\Users\agila\AppData\Local\Temp\ccxWzz6w.s 			page 7


 209              		.cfi_offset 4, -16
 210              		.cfi_offset 5, -12
 211              		.cfi_offset 6, -8
 212              		.cfi_offset 14, -4
 213 0048 0446     		mov	r4, r0
 130:source\asw/ArcadianLight.c ****         return RC_SUCCESS;
 131:source\asw/ArcadianLight.c **** 
 132:source\asw/ArcadianLight.c ****     /* Set RGB values for current step */
 133:source\asw/ArcadianLight.c ****     LED_RGB_Set(RG_glowtable[step].al_red,
 214              		.loc 1 133 0
 215 004a 144D     		ldr	r5, .L21
 216 004c 2B69     		ldr	r3, [r5, #16]
 217 004e 144E     		ldr	r6, .L21+4
 218 0050 5A00     		lsls	r2, r3, #1
 219 0052 D018     		adds	r0, r2, r3
 220              	.LVL19:
 221 0054 4100     		lsls	r1, r0, #1
 222 0056 0846     		mov	r0, r1
 223 0058 3144     		add	r1, r1, r6
 224 005a 8A78     		ldrb	r2, [r1, #2]	@ zero_extendqisi2
 225 005c 4978     		ldrb	r1, [r1, #1]	@ zero_extendqisi2
 226 005e 305C     		ldrb	r0, [r6, r0]	@ zero_extendqisi2
 227 0060 FFF7FEFF 		bl	LED_RGB_Set
 228              	.LVL20:
 134:source\asw/ArcadianLight.c ****                 RG_glowtable[step].al_green,
 135:source\asw/ArcadianLight.c ****                 RG_glowtable[step].al_blue);
 136:source\asw/ArcadianLight.c **** 
 137:source\asw/ArcadianLight.c ****     /* Advance to next step */
 138:source\asw/ArcadianLight.c ****     step++;
 229              		.loc 1 138 0
 230 0064 2B69     		ldr	r3, [r5, #16]
 231 0066 0133     		adds	r3, r3, #1
 232 0068 2B61     		str	r3, [r5, #16]
 139:source\asw/ArcadianLight.c ****     if (step >= (sizeof(RG_glowtable) / sizeof(RG_Glow_t)))
 233              		.loc 1 139 0
 234 006a 082B     		cmp	r3, #8
 235 006c 01D9     		bls	.L18
 140:source\asw/ArcadianLight.c ****         step = 0;  // Loop back to start
 236              		.loc 1 140 0
 237 006e 0022     		movs	r2, #0
 238 0070 2A61     		str	r2, [r5, #16]
 239              	.L18:
 141:source\asw/ArcadianLight.c **** 
 142:source\asw/ArcadianLight.c ****     /* Update modulo for the new step */
 143:source\asw/ArcadianLight.c ****     modulo = (RG_glowtable[step].al_duration + tickTime_ms - 1) / tickTime_ms; // ceil
 240              		.loc 1 143 0
 241 0072 0A4B     		ldr	r3, .L21
 242 0074 1B69     		ldr	r3, [r3, #16]
 243 0076 03EB4303 		add	r3, r3, r3, lsl #1
 244 007a 5A00     		lsls	r2, r3, #1
 245 007c 084B     		ldr	r3, .L21+4
 246 007e 1A44     		add	r2, r2, r3
 247 0080 9088     		ldrh	r0, [r2, #4]
 248 0082 2044     		add	r0, r0, r4
 249 0084 0138     		subs	r0, r0, #1
 250 0086 90FBF4F0 		sdiv	r0, r0, r4
 251 008a 064B     		ldr	r3, .L21+8
ARM GAS  C:\Users\agila\AppData\Local\Temp\ccxWzz6w.s 			page 8


 252 008c 5860     		str	r0, [r3, #4]
 144:source\asw/ArcadianLight.c ****     if (modulo == 0) modulo = 1;
 253              		.loc 1 144 0
 254 008e 08B9     		cbnz	r0, .L17
 255              		.loc 1 144 0 is_stmt 0 discriminator 1
 256 0090 0122     		movs	r2, #1
 257 0092 5A60     		str	r2, [r3, #4]
 258              	.L17:
 145:source\asw/ArcadianLight.c **** 
 146:source\asw/ArcadianLight.c ****     return RC_SUCCESS;
 147:source\asw/ArcadianLight.c **** }
 259              		.loc 1 147 0 is_stmt 1
 260 0094 0020     		movs	r0, #0
 261 0096 70BD     		pop	{r4, r5, r6, pc}
 262              	.LVL21:
 263              	.L20:
 264              		.cfi_def_cfa_offset 0
 265              		.cfi_restore 4
 266              		.cfi_restore 5
 267              		.cfi_restore 6
 268              		.cfi_restore 14
 269 0098 0020     		movs	r0, #0
 270              	.LVL22:
 271 009a 7047     		bx	lr
 272              	.L22:
 273              		.align	2
 274              	.L21:
 275 009c 00000000 		.word	.LANCHOR0
 276 00a0 00000000 		.word	.LANCHOR2
 277 00a4 00000000 		.word	.LANCHOR1
 278              		.cfi_endproc
 279              	.LFE112:
 280              		.size	AL_glower, .-AL_glower
 281              		.global	RG_glowtable
 282              		.section	.rodata
 283              		.align	2
 284              		.set	.LANCHOR2,. + 0
 285              		.type	RG_glowtable, %object
 286              		.size	RG_glowtable, 54
 287              	RG_glowtable:
 288 0000 FF       		.byte	-1
 289 0001 00       		.byte	0
 290 0002 00       		.byte	0
 291 0003 00       		.space	1
 292 0004 F401     		.short	500
 293 0006 00       		.byte	0
 294 0007 FF       		.byte	-1
 295 0008 00       		.byte	0
 296 0009 00       		.space	1
 297 000a F401     		.short	500
 298 000c 00       		.byte	0
 299 000d 00       		.byte	0
 300 000e FF       		.byte	-1
 301 000f 00       		.space	1
 302 0010 F401     		.short	500
 303 0012 00       		.byte	0
 304 0013 00       		.byte	0
ARM GAS  C:\Users\agila\AppData\Local\Temp\ccxWzz6w.s 			page 9


 305 0014 00       		.byte	0
 306 0015 00       		.space	1
 307 0016 6400     		.short	100
 308 0018 FF       		.byte	-1
 309 0019 FF       		.byte	-1
 310 001a FF       		.byte	-1
 311 001b 00       		.space	1
 312 001c 6400     		.short	100
 313 001e 00       		.byte	0
 314 001f 00       		.byte	0
 315 0020 00       		.byte	0
 316 0021 00       		.space	1
 317 0022 6400     		.short	100
 318 0024 FF       		.byte	-1
 319 0025 FF       		.byte	-1
 320 0026 FF       		.byte	-1
 321 0027 00       		.space	1
 322 0028 6400     		.short	100
 323 002a 00       		.byte	0
 324 002b 00       		.byte	0
 325 002c 00       		.byte	0
 326 002d 00       		.space	1
 327 002e 6400     		.short	100
 328 0030 FF       		.byte	-1
 329 0031 FF       		.byte	-1
 330 0032 FF       		.byte	-1
 331 0033 00       		.space	1
 332 0034 6400     		.short	100
 333              		.data
 334              		.align	2
 335              		.set	.LANCHOR1,. + 0
 336              		.type	modulo.7758, %object
 337              		.size	modulo.7758, 4
 338              	modulo.7758:
 339 0000 01000000 		.word	1
 340              		.type	modulo.7775, %object
 341              		.size	modulo.7775, 4
 342              	modulo.7775:
 343 0004 01000000 		.word	1
 344              		.bss
 345              		.align	2
 346              		.set	.LANCHOR0,. + 0
 347              		.type	init.7759, %object
 348              		.size	init.7759, 1
 349              	init.7759:
 350 0000 00       		.space	1
 351 0001 000000   		.space	3
 352              		.type	tickCounter.7756, %object
 353              		.size	tickCounter.7756, 4
 354              	tickCounter.7756:
 355 0004 00000000 		.space	4
 356              		.type	phase.7757, %object
 357              		.size	phase.7757, 4
 358              	phase.7757:
 359 0008 00000000 		.space	4
 360              		.type	init.7776, %object
 361              		.size	init.7776, 1
ARM GAS  C:\Users\agila\AppData\Local\Temp\ccxWzz6w.s 			page 10


 362              	init.7776:
 363 000c 00       		.space	1
 364 000d 000000   		.space	3
 365              		.type	step.7774, %object
 366              		.size	step.7774, 4
 367              	step.7774:
 368 0010 00000000 		.space	4
 369              		.type	tickCounter.7773, %object
 370              		.size	tickCounter.7773, 4
 371              	tickCounter.7773:
 372 0014 00000000 		.space	4
 373              		.text
 374              	.Letext0:
 375              		.file 2 "c:\\h_da softwares & projects\\psoc creator\\4.4\\psoc creator\\import\\gnu\\arm\\5.4.1\\
 376              		.file 3 "c:\\h_da softwares & projects\\psoc creator\\4.4\\psoc creator\\import\\gnu\\arm\\5.4.1\\
 377              		.file 4 "Generated_Source\\PSoC5/ErikaOS_common_ee_types.inc"
 378              		.file 5 "Generated_Source\\PSoC5/ErikaOS_cortex_mx_ee_cpu.inc"
 379              		.file 6 ".\\source\\bsw/global.h"
 380              		.file 7 "source\\asw\\ArcadianLight.h"
 381              		.file 8 "Generated_Source\\PSoC5/ErikaOS_ee_oo_intfunc.inc"
 382              		.file 9 "Generated_Source\\PSoC5/ErikaOS_cortex_mx_ee_context.inc"
 383              		.file 10 "Generated_Source\\PSoC5/ErikaOS_common_ee_primitives.inc"
 384              		.file 11 "Generated_Source\\PSoC5/core_cm3.h"
 385              		.file 12 ".\\source\\bsw\\LabBoard/led.h"
 386              		.section	.debug_info,"",%progbits
 387              	.Ldebug_info0:
 388 0000 DB030000 		.4byte	0x3db
 389 0004 0400     		.2byte	0x4
 390 0006 00000000 		.4byte	.Ldebug_abbrev0
 391 000a 04       		.byte	0x4
 392 000b 01       		.uleb128 0x1
 393 000c 33030000 		.4byte	.LASF78
 394 0010 0C       		.byte	0xc
 395 0011 0B020000 		.4byte	.LASF79
 396 0015 B0000000 		.4byte	.LASF80
 397 0019 00000000 		.4byte	.Ldebug_ranges0+0
 398 001d 00000000 		.4byte	0
 399 0021 00000000 		.4byte	.Ldebug_line0
 400 0025 02       		.uleb128 0x2
 401 0026 01       		.byte	0x1
 402 0027 06       		.byte	0x6
 403 0028 90020000 		.4byte	.LASF0
 404 002c 03       		.uleb128 0x3
 405 002d 26020000 		.4byte	.LASF3
 406 0031 02       		.byte	0x2
 407 0032 1D       		.byte	0x1d
 408 0033 37000000 		.4byte	0x37
 409 0037 02       		.uleb128 0x2
 410 0038 01       		.byte	0x1
 411 0039 08       		.byte	0x8
 412 003a 6F020000 		.4byte	.LASF1
 413 003e 02       		.uleb128 0x2
 414 003f 02       		.byte	0x2
 415 0040 05       		.byte	0x5
 416 0041 32000000 		.4byte	.LASF2
 417 0045 03       		.uleb128 0x3
 418 0046 EC000000 		.4byte	.LASF4
ARM GAS  C:\Users\agila\AppData\Local\Temp\ccxWzz6w.s 			page 11


 419 004a 02       		.byte	0x2
 420 004b 2B       		.byte	0x2b
 421 004c 50000000 		.4byte	0x50
 422 0050 02       		.uleb128 0x2
 423 0051 02       		.byte	0x2
 424 0052 07       		.byte	0x7
 425 0053 20030000 		.4byte	.LASF5
 426 0057 03       		.uleb128 0x3
 427 0058 5A040000 		.4byte	.LASF6
 428 005c 02       		.byte	0x2
 429 005d 3F       		.byte	0x3f
 430 005e 62000000 		.4byte	0x62
 431 0062 02       		.uleb128 0x2
 432 0063 04       		.byte	0x4
 433 0064 05       		.byte	0x5
 434 0065 E2010000 		.4byte	.LASF7
 435 0069 03       		.uleb128 0x3
 436 006a A5000000 		.4byte	.LASF8
 437 006e 02       		.byte	0x2
 438 006f 41       		.byte	0x41
 439 0070 74000000 		.4byte	0x74
 440 0074 02       		.uleb128 0x2
 441 0075 04       		.byte	0x4
 442 0076 07       		.byte	0x7
 443 0077 1B040000 		.4byte	.LASF9
 444 007b 02       		.uleb128 0x2
 445 007c 08       		.byte	0x8
 446 007d 05       		.byte	0x5
 447 007e 97010000 		.4byte	.LASF10
 448 0082 02       		.uleb128 0x2
 449 0083 08       		.byte	0x8
 450 0084 07       		.byte	0x7
 451 0085 9C020000 		.4byte	.LASF11
 452 0089 04       		.uleb128 0x4
 453 008a 04       		.byte	0x4
 454 008b 05       		.byte	0x5
 455 008c 696E7400 		.ascii	"int\000"
 456 0090 02       		.uleb128 0x2
 457 0091 04       		.byte	0x4
 458 0092 07       		.byte	0x7
 459 0093 BC020000 		.4byte	.LASF12
 460 0097 02       		.uleb128 0x2
 461 0098 08       		.byte	0x8
 462 0099 04       		.byte	0x4
 463 009a 53020000 		.4byte	.LASF13
 464 009e 02       		.uleb128 0x2
 465 009f 04       		.byte	0x4
 466 00a0 07       		.byte	0x7
 467 00a1 62000000 		.4byte	.LASF14
 468 00a5 02       		.uleb128 0x2
 469 00a6 01       		.byte	0x1
 470 00a7 08       		.byte	0x8
 471 00a8 CD030000 		.4byte	.LASF15
 472 00ac 03       		.uleb128 0x3
 473 00ad 08010000 		.4byte	.LASF16
 474 00b1 03       		.byte	0x3
 475 00b2 18       		.byte	0x18
ARM GAS  C:\Users\agila\AppData\Local\Temp\ccxWzz6w.s 			page 12


 476 00b3 2C000000 		.4byte	0x2c
 477 00b7 03       		.uleb128 0x3
 478 00b8 D7020000 		.4byte	.LASF17
 479 00bc 03       		.byte	0x3
 480 00bd 24       		.byte	0x24
 481 00be 45000000 		.4byte	0x45
 482 00c2 03       		.uleb128 0x3
 483 00c3 EC030000 		.4byte	.LASF18
 484 00c7 03       		.byte	0x3
 485 00c8 2C       		.byte	0x2c
 486 00c9 57000000 		.4byte	0x57
 487 00cd 03       		.uleb128 0x3
 488 00ce B3020000 		.4byte	.LASF19
 489 00d2 03       		.byte	0x3
 490 00d3 30       		.byte	0x30
 491 00d4 69000000 		.4byte	0x69
 492 00d8 02       		.uleb128 0x2
 493 00d9 04       		.byte	0x4
 494 00da 04       		.byte	0x4
 495 00db 64010000 		.4byte	.LASF20
 496 00df 02       		.uleb128 0x2
 497 00e0 08       		.byte	0x8
 498 00e1 04       		.byte	0x4
 499 00e2 39040000 		.4byte	.LASF21
 500 00e6 03       		.uleb128 0x3
 501 00e7 17030000 		.4byte	.LASF22
 502 00eb 04       		.byte	0x4
 503 00ec 53       		.byte	0x53
 504 00ed 89000000 		.4byte	0x89
 505 00f1 03       		.uleb128 0x3
 506 00f2 E2000000 		.4byte	.LASF23
 507 00f6 04       		.byte	0x4
 508 00f7 54       		.byte	0x54
 509 00f8 90000000 		.4byte	0x90
 510 00fc 03       		.uleb128 0x3
 511 00fd 52040000 		.4byte	.LASF24
 512 0101 05       		.byte	0x5
 513 0102 4D       		.byte	0x4d
 514 0103 F1000000 		.4byte	0xf1
 515 0107 03       		.uleb128 0x3
 516 0108 89000000 		.4byte	.LASF25
 517 010c 05       		.byte	0x5
 518 010d 4F       		.byte	0x4f
 519 010e F1000000 		.4byte	0xf1
 520 0112 03       		.uleb128 0x3
 521 0113 F7000000 		.4byte	.LASF26
 522 0117 05       		.byte	0x5
 523 0118 78       		.byte	0x78
 524 0119 E6000000 		.4byte	0xe6
 525 011d 05       		.uleb128 0x5
 526 011e 01       		.byte	0x1
 527 011f 25000000 		.4byte	0x25
 528 0123 06       		.byte	0x6
 529 0124 CF       		.byte	0xcf
 530 0125 C6010000 		.4byte	0x1c6
 531 0129 06       		.uleb128 0x6
 532 012a 13000000 		.4byte	.LASF27
ARM GAS  C:\Users\agila\AppData\Local\Temp\ccxWzz6w.s 			page 13


 533 012e 00       		.byte	0
 534 012f 07       		.uleb128 0x7
 535 0130 A1040000 		.4byte	.LASF28
 536 0134 7F       		.sleb128 -1
 537 0135 07       		.uleb128 0x7
 538 0136 F3020000 		.4byte	.LASF29
 539 013a 7E       		.sleb128 -2
 540 013b 07       		.uleb128 0x7
 541 013c 7B000000 		.4byte	.LASF30
 542 0140 7D       		.sleb128 -3
 543 0141 07       		.uleb128 0x7
 544 0142 B0040000 		.4byte	.LASF31
 545 0146 7C       		.sleb128 -4
 546 0147 07       		.uleb128 0x7
 547 0148 55010000 		.4byte	.LASF32
 548 014c 7B       		.sleb128 -5
 549 014d 07       		.uleb128 0x7
 550 014e 3C000000 		.4byte	.LASF33
 551 0152 7A       		.sleb128 -6
 552 0153 07       		.uleb128 0x7
 553 0154 EB010000 		.4byte	.LASF34
 554 0158 79       		.sleb128 -7
 555 0159 07       		.uleb128 0x7
 556 015a D7030000 		.4byte	.LASF35
 557 015e 78       		.sleb128 -8
 558 015f 07       		.uleb128 0x7
 559 0160 01030000 		.4byte	.LASF36
 560 0164 77       		.sleb128 -9
 561 0165 07       		.uleb128 0x7
 562 0166 FD010000 		.4byte	.LASF37
 563 016a 76       		.sleb128 -10
 564 016b 07       		.uleb128 0x7
 565 016c E2040000 		.4byte	.LASF38
 566 0170 75       		.sleb128 -11
 567 0171 07       		.uleb128 0x7
 568 0172 C9020000 		.4byte	.LASF39
 569 0176 74       		.sleb128 -12
 570 0177 07       		.uleb128 0x7
 571 0178 40040000 		.4byte	.LASF40
 572 017c 73       		.sleb128 -13
 573 017d 07       		.uleb128 0x7
 574 017e 00000000 		.4byte	.LASF41
 575 0182 72       		.sleb128 -14
 576 0183 07       		.uleb128 0x7
 577 0184 1E000000 		.4byte	.LASF42
 578 0188 71       		.sleb128 -15
 579 0189 07       		.uleb128 0x7
 580 018a 30020000 		.4byte	.LASF43
 581 018e 70       		.sleb128 -16
 582 018f 07       		.uleb128 0x7
 583 0190 91000000 		.4byte	.LASF44
 584 0194 6F       		.sleb128 -17
 585 0195 07       		.uleb128 0x7
 586 0196 4D000000 		.4byte	.LASF45
 587 019a 6E       		.sleb128 -18
 588 019b 07       		.uleb128 0x7
 589 019c BE010000 		.4byte	.LASF46
ARM GAS  C:\Users\agila\AppData\Local\Temp\ccxWzz6w.s 			page 14


 590 01a0 6D       		.sleb128 -19
 591 01a1 07       		.uleb128 0x7
 592 01a2 7D020000 		.4byte	.LASF47
 593 01a6 6C       		.sleb128 -20
 594 01a7 07       		.uleb128 0x7
 595 01a8 41020000 		.4byte	.LASF48
 596 01ac 6B       		.sleb128 -21
 597 01ad 07       		.uleb128 0x7
 598 01ae 82040000 		.4byte	.LASF49
 599 01b2 6A       		.sleb128 -22
 600 01b3 07       		.uleb128 0x7
 601 01b4 10010000 		.4byte	.LASF50
 602 01b8 69       		.sleb128 -23
 603 01b9 07       		.uleb128 0x7
 604 01ba D1010000 		.4byte	.LASF51
 605 01be 68       		.sleb128 -24
 606 01bf 07       		.uleb128 0x7
 607 01c0 7E010000 		.4byte	.LASF52
 608 01c4 67       		.sleb128 -25
 609 01c5 00       		.byte	0
 610 01c6 03       		.uleb128 0x3
 611 01c7 DD040000 		.4byte	.LASF53
 612 01cb 06       		.byte	0x6
 613 01cc EA       		.byte	0xea
 614 01cd 1D010000 		.4byte	0x11d
 615 01d1 08       		.uleb128 0x8
 616 01d2 06       		.byte	0x6
 617 01d3 07       		.byte	0x7
 618 01d4 62       		.byte	0x62
 619 01d5 0A020000 		.4byte	0x20a
 620 01d9 09       		.uleb128 0x9
 621 01da 6A010000 		.4byte	.LASF54
 622 01de 07       		.byte	0x7
 623 01df 63       		.byte	0x63
 624 01e0 AC000000 		.4byte	0xac
 625 01e4 00       		.byte	0
 626 01e5 09       		.uleb128 0x9
 627 01e6 64040000 		.4byte	.LASF55
 628 01ea 07       		.byte	0x7
 629 01eb 64       		.byte	0x64
 630 01ec AC000000 		.4byte	0xac
 631 01f0 01       		.byte	0x1
 632 01f1 09       		.uleb128 0x9
 633 01f2 00040000 		.4byte	.LASF56
 634 01f6 07       		.byte	0x7
 635 01f7 65       		.byte	0x65
 636 01f8 AC000000 		.4byte	0xac
 637 01fc 02       		.byte	0x2
 638 01fd 09       		.uleb128 0x9
 639 01fe C1030000 		.4byte	.LASF57
 640 0202 07       		.byte	0x7
 641 0203 66       		.byte	0x66
 642 0204 B7000000 		.4byte	0xb7
 643 0208 04       		.byte	0x4
 644 0209 00       		.byte	0
 645 020a 03       		.uleb128 0x3
 646 020b FE000000 		.4byte	.LASF58
ARM GAS  C:\Users\agila\AppData\Local\Temp\ccxWzz6w.s 			page 15


 647 020f 07       		.byte	0x7
 648 0210 67       		.byte	0x67
 649 0211 D1010000 		.4byte	0x1d1
 650 0215 0A       		.uleb128 0xa
 651 0216 6D040000 		.4byte	.LASF66
 652 021a 01       		.byte	0x1
 653 021b 47       		.byte	0x47
 654 021c C6010000 		.4byte	0x1c6
 655 0220 00000000 		.4byte	.LFB111
 656 0224 90000000 		.4byte	.LFE111-.LFB111
 657 0228 01       		.uleb128 0x1
 658 0229 9C       		.byte	0x9c
 659 022a D0020000 		.4byte	0x2d0
 660 022e 0B       		.uleb128 0xb
 661 022f 2D040000 		.4byte	.LASF59
 662 0233 01       		.byte	0x1
 663 0234 47       		.byte	0x47
 664 0235 B7000000 		.4byte	0xb7
 665 0239 00000000 		.4byte	.LLST0
 666 023d 0B       		.uleb128 0xb
 667 023e 5F020000 		.4byte	.LASF60
 668 0242 01       		.byte	0x1
 669 0243 47       		.byte	0x47
 670 0244 B7000000 		.4byte	0xb7
 671 0248 21000000 		.4byte	.LLST1
 672 024c 0C       		.uleb128 0xc
 673 024d E0020000 		.4byte	.LASF61
 674 0251 01       		.byte	0x1
 675 0252 49       		.byte	0x49
 676 0253 CD000000 		.4byte	0xcd
 677 0257 05       		.uleb128 0x5
 678 0258 03       		.byte	0x3
 679 0259 04000000 		.4byte	tickCounter.7756
 680 025d 0C       		.uleb128 0xc
 681 025e 75000000 		.4byte	.LASF62
 682 0262 01       		.byte	0x1
 683 0263 4A       		.byte	0x4a
 684 0264 CD000000 		.4byte	0xcd
 685 0268 05       		.uleb128 0x5
 686 0269 03       		.byte	0x3
 687 026a 08000000 		.4byte	phase.7757
 688 026e 0C       		.uleb128 0xc
 689 026f EC020000 		.4byte	.LASF63
 690 0273 01       		.byte	0x1
 691 0274 4B       		.byte	0x4b
 692 0275 CD000000 		.4byte	0xcd
 693 0279 05       		.uleb128 0x5
 694 027a 03       		.byte	0x3
 695 027b 00000000 		.4byte	modulo.7758
 696 027f 0C       		.uleb128 0xc
 697 0280 D2030000 		.4byte	.LASF64
 698 0284 01       		.byte	0x1
 699 0285 4E       		.byte	0x4e
 700 0286 AC000000 		.4byte	0xac
 701 028a 05       		.uleb128 0x5
 702 028b 03       		.byte	0x3
 703 028c 00000000 		.4byte	init.7759
ARM GAS  C:\Users\agila\AppData\Local\Temp\ccxWzz6w.s 			page 16


 704 0290 0D       		.uleb128 0xd
 705 0291 AA040000 		.4byte	.LASF65
 706 0295 01       		.byte	0x1
 707 0296 5B       		.byte	0x5b
 708 0297 AC000000 		.4byte	0xac
 709 029b 42000000 		.4byte	.LLST2
 710 029f 0E       		.uleb128 0xe
 711 02a0 7200     		.ascii	"r\000"
 712 02a2 01       		.byte	0x1
 713 02a3 5D       		.byte	0x5d
 714 02a4 AC000000 		.4byte	0xac
 715 02a8 B8000000 		.4byte	.LLST3
 716 02ac 0E       		.uleb128 0xe
 717 02ad 6700     		.ascii	"g\000"
 718 02af 01       		.byte	0x1
 719 02b0 5D       		.byte	0x5d
 720 02b1 AC000000 		.4byte	0xac
 721 02b5 EE000000 		.4byte	.LLST4
 722 02b9 0E       		.uleb128 0xe
 723 02ba 6200     		.ascii	"b\000"
 724 02bc 01       		.byte	0x1
 725 02bd 5D       		.byte	0x5d
 726 02be AC000000 		.4byte	0xac
 727 02c2 46010000 		.4byte	.LLST5
 728 02c6 0F       		.uleb128 0xf
 729 02c7 70000000 		.4byte	.LVL16
 730 02cb C8030000 		.4byte	0x3c8
 731 02cf 00       		.byte	0
 732 02d0 0A       		.uleb128 0xa
 733 02d1 6B000000 		.4byte	.LASF67
 734 02d5 01       		.byte	0x1
 735 02d6 71       		.byte	0x71
 736 02d7 C6010000 		.4byte	0x1c6
 737 02db 00000000 		.4byte	.LFB112
 738 02df A8000000 		.4byte	.LFE112-.LFB112
 739 02e3 01       		.uleb128 0x1
 740 02e4 9C       		.byte	0x9c
 741 02e5 55030000 		.4byte	0x355
 742 02e9 0B       		.uleb128 0xb
 743 02ea 2D040000 		.4byte	.LASF59
 744 02ee 01       		.byte	0x1
 745 02ef 71       		.byte	0x71
 746 02f0 B7000000 		.4byte	0xb7
 747 02f4 9E010000 		.4byte	.LLST6
 748 02f8 0B       		.uleb128 0xb
 749 02f9 5F020000 		.4byte	.LASF60
 750 02fd 01       		.byte	0x1
 751 02fe 71       		.byte	0x71
 752 02ff B7000000 		.4byte	0xb7
 753 0303 D8010000 		.4byte	.LLST7
 754 0307 0C       		.uleb128 0xc
 755 0308 E0020000 		.4byte	.LASF61
 756 030c 01       		.byte	0x1
 757 030d 73       		.byte	0x73
 758 030e CD000000 		.4byte	0xcd
 759 0312 05       		.uleb128 0x5
 760 0313 03       		.byte	0x3
ARM GAS  C:\Users\agila\AppData\Local\Temp\ccxWzz6w.s 			page 17


 761 0314 14000000 		.4byte	tickCounter.7773
 762 0318 0C       		.uleb128 0xc
 763 0319 D8040000 		.4byte	.LASF68
 764 031d 01       		.byte	0x1
 765 031e 74       		.byte	0x74
 766 031f CD000000 		.4byte	0xcd
 767 0323 05       		.uleb128 0x5
 768 0324 03       		.byte	0x3
 769 0325 10000000 		.4byte	step.7774
 770 0329 0C       		.uleb128 0xc
 771 032a EC020000 		.4byte	.LASF63
 772 032e 01       		.byte	0x1
 773 032f 75       		.byte	0x75
 774 0330 CD000000 		.4byte	0xcd
 775 0334 05       		.uleb128 0x5
 776 0335 03       		.byte	0x3
 777 0336 04000000 		.4byte	modulo.7775
 778 033a 0C       		.uleb128 0xc
 779 033b D2030000 		.4byte	.LASF64
 780 033f 01       		.byte	0x1
 781 0340 78       		.byte	0x78
 782 0341 AC000000 		.4byte	0xac
 783 0345 05       		.uleb128 0x5
 784 0346 03       		.byte	0x3
 785 0347 0C000000 		.4byte	init.7776
 786 034b 0F       		.uleb128 0xf
 787 034c 64000000 		.4byte	.LVL20
 788 0350 D3030000 		.4byte	0x3d3
 789 0354 00       		.byte	0
 790 0355 10       		.uleb128 0x10
 791 0356 C0040000 		.4byte	.LASF69
 792 035a 08       		.byte	0x8
 793 035b 40       		.byte	0x40
 794 035c FC000000 		.4byte	0xfc
 795 0360 10       		.uleb128 0x10
 796 0361 A5010000 		.4byte	.LASF70
 797 0365 08       		.byte	0x8
 798 0366 47       		.byte	0x47
 799 0367 07010000 		.4byte	0x107
 800 036b 10       		.uleb128 0x10
 801 036c 08040000 		.4byte	.LASF71
 802 0370 08       		.byte	0x8
 803 0371 4A       		.byte	0x4a
 804 0372 FC000000 		.4byte	0xfc
 805 0376 10       		.uleb128 0x10
 806 0377 3C010000 		.4byte	.LASF72
 807 037b 09       		.byte	0x9
 808 037c 48       		.byte	0x48
 809 037d 12010000 		.4byte	0x112
 810 0381 10       		.uleb128 0x10
 811 0382 27010000 		.4byte	.LASF73
 812 0386 0A       		.byte	0xa
 813 0387 44       		.byte	0x44
 814 0388 FC000000 		.4byte	0xfc
 815 038c 11       		.uleb128 0x11
 816 038d 94040000 		.4byte	.LASF74
 817 0391 0B       		.byte	0xb
ARM GAS  C:\Users\agila\AppData\Local\Temp\ccxWzz6w.s 			page 18


 818 0392 1207     		.2byte	0x712
 819 0394 98030000 		.4byte	0x398
 820 0398 12       		.uleb128 0x12
 821 0399 C2000000 		.4byte	0xc2
 822 039d 13       		.uleb128 0x13
 823 039e AD030000 		.4byte	0x3ad
 824 03a2 AD030000 		.4byte	0x3ad
 825 03a6 14       		.uleb128 0x14
 826 03a7 9E000000 		.4byte	0x9e
 827 03ab 08       		.byte	0x8
 828 03ac 00       		.byte	0
 829 03ad 15       		.uleb128 0x15
 830 03ae 0A020000 		.4byte	0x20a
 831 03b2 16       		.uleb128 0x16
 832 03b3 71010000 		.4byte	.LASF75
 833 03b7 01       		.byte	0x1
 834 03b8 26       		.byte	0x26
 835 03b9 C3030000 		.4byte	0x3c3
 836 03bd 05       		.uleb128 0x5
 837 03be 03       		.byte	0x3
 838 03bf 00000000 		.4byte	RG_glowtable
 839 03c3 15       		.uleb128 0x15
 840 03c4 9D030000 		.4byte	0x39d
 841 03c8 17       		.uleb128 0x17
 842 03c9 76040000 		.4byte	.LASF76
 843 03cd 76040000 		.4byte	.LASF76
 844 03d1 0C       		.byte	0xc
 845 03d2 A7       		.byte	0xa7
 846 03d3 17       		.uleb128 0x17
 847 03d4 F4030000 		.4byte	.LASF77
 848 03d8 F4030000 		.4byte	.LASF77
 849 03dc 0C       		.byte	0xc
 850 03dd A5       		.byte	0xa5
 851 03de 00       		.byte	0
 852              		.section	.debug_abbrev,"",%progbits
 853              	.Ldebug_abbrev0:
 854 0000 01       		.uleb128 0x1
 855 0001 11       		.uleb128 0x11
 856 0002 01       		.byte	0x1
 857 0003 25       		.uleb128 0x25
 858 0004 0E       		.uleb128 0xe
 859 0005 13       		.uleb128 0x13
 860 0006 0B       		.uleb128 0xb
 861 0007 03       		.uleb128 0x3
 862 0008 0E       		.uleb128 0xe
 863 0009 1B       		.uleb128 0x1b
 864 000a 0E       		.uleb128 0xe
 865 000b 55       		.uleb128 0x55
 866 000c 17       		.uleb128 0x17
 867 000d 11       		.uleb128 0x11
 868 000e 01       		.uleb128 0x1
 869 000f 10       		.uleb128 0x10
 870 0010 17       		.uleb128 0x17
 871 0011 00       		.byte	0
 872 0012 00       		.byte	0
 873 0013 02       		.uleb128 0x2
 874 0014 24       		.uleb128 0x24
ARM GAS  C:\Users\agila\AppData\Local\Temp\ccxWzz6w.s 			page 19


 875 0015 00       		.byte	0
 876 0016 0B       		.uleb128 0xb
 877 0017 0B       		.uleb128 0xb
 878 0018 3E       		.uleb128 0x3e
 879 0019 0B       		.uleb128 0xb
 880 001a 03       		.uleb128 0x3
 881 001b 0E       		.uleb128 0xe
 882 001c 00       		.byte	0
 883 001d 00       		.byte	0
 884 001e 03       		.uleb128 0x3
 885 001f 16       		.uleb128 0x16
 886 0020 00       		.byte	0
 887 0021 03       		.uleb128 0x3
 888 0022 0E       		.uleb128 0xe
 889 0023 3A       		.uleb128 0x3a
 890 0024 0B       		.uleb128 0xb
 891 0025 3B       		.uleb128 0x3b
 892 0026 0B       		.uleb128 0xb
 893 0027 49       		.uleb128 0x49
 894 0028 13       		.uleb128 0x13
 895 0029 00       		.byte	0
 896 002a 00       		.byte	0
 897 002b 04       		.uleb128 0x4
 898 002c 24       		.uleb128 0x24
 899 002d 00       		.byte	0
 900 002e 0B       		.uleb128 0xb
 901 002f 0B       		.uleb128 0xb
 902 0030 3E       		.uleb128 0x3e
 903 0031 0B       		.uleb128 0xb
 904 0032 03       		.uleb128 0x3
 905 0033 08       		.uleb128 0x8
 906 0034 00       		.byte	0
 907 0035 00       		.byte	0
 908 0036 05       		.uleb128 0x5
 909 0037 04       		.uleb128 0x4
 910 0038 01       		.byte	0x1
 911 0039 0B       		.uleb128 0xb
 912 003a 0B       		.uleb128 0xb
 913 003b 49       		.uleb128 0x49
 914 003c 13       		.uleb128 0x13
 915 003d 3A       		.uleb128 0x3a
 916 003e 0B       		.uleb128 0xb
 917 003f 3B       		.uleb128 0x3b
 918 0040 0B       		.uleb128 0xb
 919 0041 01       		.uleb128 0x1
 920 0042 13       		.uleb128 0x13
 921 0043 00       		.byte	0
 922 0044 00       		.byte	0
 923 0045 06       		.uleb128 0x6
 924 0046 28       		.uleb128 0x28
 925 0047 00       		.byte	0
 926 0048 03       		.uleb128 0x3
 927 0049 0E       		.uleb128 0xe
 928 004a 1C       		.uleb128 0x1c
 929 004b 0B       		.uleb128 0xb
 930 004c 00       		.byte	0
 931 004d 00       		.byte	0
ARM GAS  C:\Users\agila\AppData\Local\Temp\ccxWzz6w.s 			page 20


 932 004e 07       		.uleb128 0x7
 933 004f 28       		.uleb128 0x28
 934 0050 00       		.byte	0
 935 0051 03       		.uleb128 0x3
 936 0052 0E       		.uleb128 0xe
 937 0053 1C       		.uleb128 0x1c
 938 0054 0D       		.uleb128 0xd
 939 0055 00       		.byte	0
 940 0056 00       		.byte	0
 941 0057 08       		.uleb128 0x8
 942 0058 13       		.uleb128 0x13
 943 0059 01       		.byte	0x1
 944 005a 0B       		.uleb128 0xb
 945 005b 0B       		.uleb128 0xb
 946 005c 3A       		.uleb128 0x3a
 947 005d 0B       		.uleb128 0xb
 948 005e 3B       		.uleb128 0x3b
 949 005f 0B       		.uleb128 0xb
 950 0060 01       		.uleb128 0x1
 951 0061 13       		.uleb128 0x13
 952 0062 00       		.byte	0
 953 0063 00       		.byte	0
 954 0064 09       		.uleb128 0x9
 955 0065 0D       		.uleb128 0xd
 956 0066 00       		.byte	0
 957 0067 03       		.uleb128 0x3
 958 0068 0E       		.uleb128 0xe
 959 0069 3A       		.uleb128 0x3a
 960 006a 0B       		.uleb128 0xb
 961 006b 3B       		.uleb128 0x3b
 962 006c 0B       		.uleb128 0xb
 963 006d 49       		.uleb128 0x49
 964 006e 13       		.uleb128 0x13
 965 006f 38       		.uleb128 0x38
 966 0070 0B       		.uleb128 0xb
 967 0071 00       		.byte	0
 968 0072 00       		.byte	0
 969 0073 0A       		.uleb128 0xa
 970 0074 2E       		.uleb128 0x2e
 971 0075 01       		.byte	0x1
 972 0076 3F       		.uleb128 0x3f
 973 0077 19       		.uleb128 0x19
 974 0078 03       		.uleb128 0x3
 975 0079 0E       		.uleb128 0xe
 976 007a 3A       		.uleb128 0x3a
 977 007b 0B       		.uleb128 0xb
 978 007c 3B       		.uleb128 0x3b
 979 007d 0B       		.uleb128 0xb
 980 007e 27       		.uleb128 0x27
 981 007f 19       		.uleb128 0x19
 982 0080 49       		.uleb128 0x49
 983 0081 13       		.uleb128 0x13
 984 0082 11       		.uleb128 0x11
 985 0083 01       		.uleb128 0x1
 986 0084 12       		.uleb128 0x12
 987 0085 06       		.uleb128 0x6
 988 0086 40       		.uleb128 0x40
ARM GAS  C:\Users\agila\AppData\Local\Temp\ccxWzz6w.s 			page 21


 989 0087 18       		.uleb128 0x18
 990 0088 9742     		.uleb128 0x2117
 991 008a 19       		.uleb128 0x19
 992 008b 01       		.uleb128 0x1
 993 008c 13       		.uleb128 0x13
 994 008d 00       		.byte	0
 995 008e 00       		.byte	0
 996 008f 0B       		.uleb128 0xb
 997 0090 05       		.uleb128 0x5
 998 0091 00       		.byte	0
 999 0092 03       		.uleb128 0x3
 1000 0093 0E       		.uleb128 0xe
 1001 0094 3A       		.uleb128 0x3a
 1002 0095 0B       		.uleb128 0xb
 1003 0096 3B       		.uleb128 0x3b
 1004 0097 0B       		.uleb128 0xb
 1005 0098 49       		.uleb128 0x49
 1006 0099 13       		.uleb128 0x13
 1007 009a 02       		.uleb128 0x2
 1008 009b 17       		.uleb128 0x17
 1009 009c 00       		.byte	0
 1010 009d 00       		.byte	0
 1011 009e 0C       		.uleb128 0xc
 1012 009f 34       		.uleb128 0x34
 1013 00a0 00       		.byte	0
 1014 00a1 03       		.uleb128 0x3
 1015 00a2 0E       		.uleb128 0xe
 1016 00a3 3A       		.uleb128 0x3a
 1017 00a4 0B       		.uleb128 0xb
 1018 00a5 3B       		.uleb128 0x3b
 1019 00a6 0B       		.uleb128 0xb
 1020 00a7 49       		.uleb128 0x49
 1021 00a8 13       		.uleb128 0x13
 1022 00a9 02       		.uleb128 0x2
 1023 00aa 18       		.uleb128 0x18
 1024 00ab 00       		.byte	0
 1025 00ac 00       		.byte	0
 1026 00ad 0D       		.uleb128 0xd
 1027 00ae 34       		.uleb128 0x34
 1028 00af 00       		.byte	0
 1029 00b0 03       		.uleb128 0x3
 1030 00b1 0E       		.uleb128 0xe
 1031 00b2 3A       		.uleb128 0x3a
 1032 00b3 0B       		.uleb128 0xb
 1033 00b4 3B       		.uleb128 0x3b
 1034 00b5 0B       		.uleb128 0xb
 1035 00b6 49       		.uleb128 0x49
 1036 00b7 13       		.uleb128 0x13
 1037 00b8 02       		.uleb128 0x2
 1038 00b9 17       		.uleb128 0x17
 1039 00ba 00       		.byte	0
 1040 00bb 00       		.byte	0
 1041 00bc 0E       		.uleb128 0xe
 1042 00bd 34       		.uleb128 0x34
 1043 00be 00       		.byte	0
 1044 00bf 03       		.uleb128 0x3
 1045 00c0 08       		.uleb128 0x8
ARM GAS  C:\Users\agila\AppData\Local\Temp\ccxWzz6w.s 			page 22


 1046 00c1 3A       		.uleb128 0x3a
 1047 00c2 0B       		.uleb128 0xb
 1048 00c3 3B       		.uleb128 0x3b
 1049 00c4 0B       		.uleb128 0xb
 1050 00c5 49       		.uleb128 0x49
 1051 00c6 13       		.uleb128 0x13
 1052 00c7 02       		.uleb128 0x2
 1053 00c8 17       		.uleb128 0x17
 1054 00c9 00       		.byte	0
 1055 00ca 00       		.byte	0
 1056 00cb 0F       		.uleb128 0xf
 1057 00cc 898201   		.uleb128 0x4109
 1058 00cf 00       		.byte	0
 1059 00d0 11       		.uleb128 0x11
 1060 00d1 01       		.uleb128 0x1
 1061 00d2 31       		.uleb128 0x31
 1062 00d3 13       		.uleb128 0x13
 1063 00d4 00       		.byte	0
 1064 00d5 00       		.byte	0
 1065 00d6 10       		.uleb128 0x10
 1066 00d7 34       		.uleb128 0x34
 1067 00d8 00       		.byte	0
 1068 00d9 03       		.uleb128 0x3
 1069 00da 0E       		.uleb128 0xe
 1070 00db 3A       		.uleb128 0x3a
 1071 00dc 0B       		.uleb128 0xb
 1072 00dd 3B       		.uleb128 0x3b
 1073 00de 0B       		.uleb128 0xb
 1074 00df 49       		.uleb128 0x49
 1075 00e0 13       		.uleb128 0x13
 1076 00e1 3F       		.uleb128 0x3f
 1077 00e2 19       		.uleb128 0x19
 1078 00e3 3C       		.uleb128 0x3c
 1079 00e4 19       		.uleb128 0x19
 1080 00e5 00       		.byte	0
 1081 00e6 00       		.byte	0
 1082 00e7 11       		.uleb128 0x11
 1083 00e8 34       		.uleb128 0x34
 1084 00e9 00       		.byte	0
 1085 00ea 03       		.uleb128 0x3
 1086 00eb 0E       		.uleb128 0xe
 1087 00ec 3A       		.uleb128 0x3a
 1088 00ed 0B       		.uleb128 0xb
 1089 00ee 3B       		.uleb128 0x3b
 1090 00ef 05       		.uleb128 0x5
 1091 00f0 49       		.uleb128 0x49
 1092 00f1 13       		.uleb128 0x13
 1093 00f2 3F       		.uleb128 0x3f
 1094 00f3 19       		.uleb128 0x19
 1095 00f4 3C       		.uleb128 0x3c
 1096 00f5 19       		.uleb128 0x19
 1097 00f6 00       		.byte	0
 1098 00f7 00       		.byte	0
 1099 00f8 12       		.uleb128 0x12
 1100 00f9 35       		.uleb128 0x35
 1101 00fa 00       		.byte	0
 1102 00fb 49       		.uleb128 0x49
ARM GAS  C:\Users\agila\AppData\Local\Temp\ccxWzz6w.s 			page 23


 1103 00fc 13       		.uleb128 0x13
 1104 00fd 00       		.byte	0
 1105 00fe 00       		.byte	0
 1106 00ff 13       		.uleb128 0x13
 1107 0100 01       		.uleb128 0x1
 1108 0101 01       		.byte	0x1
 1109 0102 49       		.uleb128 0x49
 1110 0103 13       		.uleb128 0x13
 1111 0104 01       		.uleb128 0x1
 1112 0105 13       		.uleb128 0x13
 1113 0106 00       		.byte	0
 1114 0107 00       		.byte	0
 1115 0108 14       		.uleb128 0x14
 1116 0109 21       		.uleb128 0x21
 1117 010a 00       		.byte	0
 1118 010b 49       		.uleb128 0x49
 1119 010c 13       		.uleb128 0x13
 1120 010d 2F       		.uleb128 0x2f
 1121 010e 0B       		.uleb128 0xb
 1122 010f 00       		.byte	0
 1123 0110 00       		.byte	0
 1124 0111 15       		.uleb128 0x15
 1125 0112 26       		.uleb128 0x26
 1126 0113 00       		.byte	0
 1127 0114 49       		.uleb128 0x49
 1128 0115 13       		.uleb128 0x13
 1129 0116 00       		.byte	0
 1130 0117 00       		.byte	0
 1131 0118 16       		.uleb128 0x16
 1132 0119 34       		.uleb128 0x34
 1133 011a 00       		.byte	0
 1134 011b 03       		.uleb128 0x3
 1135 011c 0E       		.uleb128 0xe
 1136 011d 3A       		.uleb128 0x3a
 1137 011e 0B       		.uleb128 0xb
 1138 011f 3B       		.uleb128 0x3b
 1139 0120 0B       		.uleb128 0xb
 1140 0121 49       		.uleb128 0x49
 1141 0122 13       		.uleb128 0x13
 1142 0123 3F       		.uleb128 0x3f
 1143 0124 19       		.uleb128 0x19
 1144 0125 02       		.uleb128 0x2
 1145 0126 18       		.uleb128 0x18
 1146 0127 00       		.byte	0
 1147 0128 00       		.byte	0
 1148 0129 17       		.uleb128 0x17
 1149 012a 2E       		.uleb128 0x2e
 1150 012b 00       		.byte	0
 1151 012c 3F       		.uleb128 0x3f
 1152 012d 19       		.uleb128 0x19
 1153 012e 3C       		.uleb128 0x3c
 1154 012f 19       		.uleb128 0x19
 1155 0130 6E       		.uleb128 0x6e
 1156 0131 0E       		.uleb128 0xe
 1157 0132 03       		.uleb128 0x3
 1158 0133 0E       		.uleb128 0xe
 1159 0134 3A       		.uleb128 0x3a
ARM GAS  C:\Users\agila\AppData\Local\Temp\ccxWzz6w.s 			page 24


 1160 0135 0B       		.uleb128 0xb
 1161 0136 3B       		.uleb128 0x3b
 1162 0137 0B       		.uleb128 0xb
 1163 0138 00       		.byte	0
 1164 0139 00       		.byte	0
 1165 013a 00       		.byte	0
 1166              		.section	.debug_loc,"",%progbits
 1167              	.Ldebug_loc0:
 1168              	.LLST0:
 1169 0000 00000000 		.4byte	.LVL0
 1170 0004 38000000 		.4byte	.LVL2
 1171 0008 0100     		.2byte	0x1
 1172 000a 50       		.byte	0x50
 1173 000b 38000000 		.4byte	.LVL2
 1174 000f 90000000 		.4byte	.LFE111
 1175 0013 0400     		.2byte	0x4
 1176 0015 F3       		.byte	0xf3
 1177 0016 01       		.uleb128 0x1
 1178 0017 50       		.byte	0x50
 1179 0018 9F       		.byte	0x9f
 1180 0019 00000000 		.4byte	0
 1181 001d 00000000 		.4byte	0
 1182              	.LLST1:
 1183 0021 00000000 		.4byte	.LVL0
 1184 0025 0C000000 		.4byte	.LVL1
 1185 0029 0100     		.2byte	0x1
 1186 002b 51       		.byte	0x51
 1187 002c 0C000000 		.4byte	.LVL1
 1188 0030 90000000 		.4byte	.LFE111
 1189 0034 0400     		.2byte	0x4
 1190 0036 F3       		.byte	0xf3
 1191 0037 01       		.uleb128 0x1
 1192 0038 51       		.byte	0x51
 1193 0039 9F       		.byte	0x9f
 1194 003a 00000000 		.4byte	0
 1195 003e 00000000 		.4byte	0
 1196              	.LLST2:
 1197 0042 38000000 		.4byte	.LVL2
 1198 0046 4C000000 		.4byte	.LVL4
 1199 004a 0100     		.2byte	0x1
 1200 004c 50       		.byte	0x50
 1201 004d 4C000000 		.4byte	.LVL4
 1202 0051 50000000 		.4byte	.LVL5
 1203 0055 0100     		.2byte	0x1
 1204 0057 51       		.byte	0x51
 1205 0058 50000000 		.4byte	.LVL5
 1206 005c 58000000 		.4byte	.LVL7
 1207 0060 0100     		.2byte	0x1
 1208 0062 50       		.byte	0x50
 1209 0063 58000000 		.4byte	.LVL7
 1210 0067 5A000000 		.4byte	.LVL8
 1211 006b 0100     		.2byte	0x1
 1212 006d 52       		.byte	0x52
 1213 006e 5A000000 		.4byte	.LVL8
 1214 0072 5C000000 		.4byte	.LVL9
 1215 0076 0100     		.2byte	0x1
 1216 0078 50       		.byte	0x50
ARM GAS  C:\Users\agila\AppData\Local\Temp\ccxWzz6w.s 			page 25


 1217 0079 5C000000 		.4byte	.LVL9
 1218 007d 60000000 		.4byte	.LVL11
 1219 0081 0400     		.2byte	0x4
 1220 0083 70       		.byte	0x70
 1221 0084 00       		.sleb128 0
 1222 0085 20       		.byte	0x20
 1223 0086 9F       		.byte	0x9f
 1224 0087 60000000 		.4byte	.LVL11
 1225 008b 64000000 		.4byte	.LVL12
 1226 008f 0500     		.2byte	0x5
 1227 0091 03       		.byte	0x3
 1228 0092 08000000 		.4byte	phase.7757
 1229 0096 64000000 		.4byte	.LVL12
 1230 009a 68000000 		.4byte	.LVL13
 1231 009e 0100     		.2byte	0x1
 1232 00a0 50       		.byte	0x50
 1233 00a1 68000000 		.4byte	.LVL13
 1234 00a5 6F000000 		.4byte	.LVL16-1
 1235 00a9 0500     		.2byte	0x5
 1236 00ab 03       		.byte	0x3
 1237 00ac 08000000 		.4byte	phase.7757
 1238 00b0 00000000 		.4byte	0
 1239 00b4 00000000 		.4byte	0
 1240              	.LLST3:
 1241 00b8 38000000 		.4byte	.LVL2
 1242 00bc 48000000 		.4byte	.LVL3
 1243 00c0 0200     		.2byte	0x2
 1244 00c2 30       		.byte	0x30
 1245 00c3 9F       		.byte	0x9f
 1246 00c4 48000000 		.4byte	.LVL3
 1247 00c8 50000000 		.4byte	.LVL5
 1248 00cc 0100     		.2byte	0x1
 1249 00ce 53       		.byte	0x53
 1250 00cf 50000000 		.4byte	.LVL5
 1251 00d3 68000000 		.4byte	.LVL13
 1252 00d7 0200     		.2byte	0x2
 1253 00d9 30       		.byte	0x30
 1254 00da 9F       		.byte	0x9f
 1255 00db 68000000 		.4byte	.LVL13
 1256 00df 6F000000 		.4byte	.LVL16-1
 1257 00e3 0100     		.2byte	0x1
 1258 00e5 50       		.byte	0x50
 1259 00e6 00000000 		.4byte	0
 1260 00ea 00000000 		.4byte	0
 1261              	.LLST4:
 1262 00ee 38000000 		.4byte	.LVL2
 1263 00f2 48000000 		.4byte	.LVL3
 1264 00f6 0200     		.2byte	0x2
 1265 00f8 30       		.byte	0x30
 1266 00f9 9F       		.byte	0x9f
 1267 00fa 48000000 		.4byte	.LVL3
 1268 00fe 4C000000 		.4byte	.LVL4
 1269 0102 0100     		.2byte	0x1
 1270 0104 50       		.byte	0x50
 1271 0105 4C000000 		.4byte	.LVL4
 1272 0109 50000000 		.4byte	.LVL5
 1273 010d 0100     		.2byte	0x1
ARM GAS  C:\Users\agila\AppData\Local\Temp\ccxWzz6w.s 			page 26


 1274 010f 51       		.byte	0x51
 1275 0110 50000000 		.4byte	.LVL5
 1276 0114 54000000 		.4byte	.LVL6
 1277 0118 0200     		.2byte	0x2
 1278 011a 30       		.byte	0x30
 1279 011b 9F       		.byte	0x9f
 1280 011c 54000000 		.4byte	.LVL6
 1281 0120 5A000000 		.4byte	.LVL8
 1282 0124 0100     		.2byte	0x1
 1283 0126 51       		.byte	0x51
 1284 0127 5A000000 		.4byte	.LVL8
 1285 012b 68000000 		.4byte	.LVL13
 1286 012f 0200     		.2byte	0x2
 1287 0131 30       		.byte	0x30
 1288 0132 9F       		.byte	0x9f
 1289 0133 68000000 		.4byte	.LVL13
 1290 0137 6C000000 		.4byte	.LVL15
 1291 013b 0100     		.2byte	0x1
 1292 013d 51       		.byte	0x51
 1293 013e 00000000 		.4byte	0
 1294 0142 00000000 		.4byte	0
 1295              	.LLST5:
 1296 0146 38000000 		.4byte	.LVL2
 1297 014a 54000000 		.4byte	.LVL6
 1298 014e 0200     		.2byte	0x2
 1299 0150 30       		.byte	0x30
 1300 0151 9F       		.byte	0x9f
 1301 0152 54000000 		.4byte	.LVL6
 1302 0156 58000000 		.4byte	.LVL7
 1303 015a 0100     		.2byte	0x1
 1304 015c 50       		.byte	0x50
 1305 015d 58000000 		.4byte	.LVL7
 1306 0161 5A000000 		.4byte	.LVL8
 1307 0165 0100     		.2byte	0x1
 1308 0167 52       		.byte	0x52
 1309 0168 5A000000 		.4byte	.LVL8
 1310 016c 5E000000 		.4byte	.LVL10
 1311 0170 0200     		.2byte	0x2
 1312 0172 30       		.byte	0x30
 1313 0173 9F       		.byte	0x9f
 1314 0174 5E000000 		.4byte	.LVL10
 1315 0178 64000000 		.4byte	.LVL12
 1316 017c 0100     		.2byte	0x1
 1317 017e 52       		.byte	0x52
 1318 017f 64000000 		.4byte	.LVL12
 1319 0183 68000000 		.4byte	.LVL13
 1320 0187 0200     		.2byte	0x2
 1321 0189 30       		.byte	0x30
 1322 018a 9F       		.byte	0x9f
 1323 018b 68000000 		.4byte	.LVL13
 1324 018f 6A000000 		.4byte	.LVL14
 1325 0193 0100     		.2byte	0x1
 1326 0195 52       		.byte	0x52
 1327 0196 00000000 		.4byte	0
 1328 019a 00000000 		.4byte	0
 1329              	.LLST6:
 1330 019e 00000000 		.4byte	.LVL17
ARM GAS  C:\Users\agila\AppData\Local\Temp\ccxWzz6w.s 			page 27


 1331 01a2 54000000 		.4byte	.LVL19
 1332 01a6 0100     		.2byte	0x1
 1333 01a8 50       		.byte	0x50
 1334 01a9 54000000 		.4byte	.LVL19
 1335 01ad 98000000 		.4byte	.LVL21
 1336 01b1 0400     		.2byte	0x4
 1337 01b3 F3       		.byte	0xf3
 1338 01b4 01       		.uleb128 0x1
 1339 01b5 50       		.byte	0x50
 1340 01b6 9F       		.byte	0x9f
 1341 01b7 98000000 		.4byte	.LVL21
 1342 01bb 9A000000 		.4byte	.LVL22
 1343 01bf 0100     		.2byte	0x1
 1344 01c1 50       		.byte	0x50
 1345 01c2 9A000000 		.4byte	.LVL22
 1346 01c6 A8000000 		.4byte	.LFE112
 1347 01ca 0400     		.2byte	0x4
 1348 01cc F3       		.byte	0xf3
 1349 01cd 01       		.uleb128 0x1
 1350 01ce 50       		.byte	0x50
 1351 01cf 9F       		.byte	0x9f
 1352 01d0 00000000 		.4byte	0
 1353 01d4 00000000 		.4byte	0
 1354              	.LLST7:
 1355 01d8 00000000 		.4byte	.LVL17
 1356 01dc 3C000000 		.4byte	.LVL18
 1357 01e0 0100     		.2byte	0x1
 1358 01e2 51       		.byte	0x51
 1359 01e3 3C000000 		.4byte	.LVL18
 1360 01e7 A8000000 		.4byte	.LFE112
 1361 01eb 0400     		.2byte	0x4
 1362 01ed F3       		.byte	0xf3
 1363 01ee 01       		.uleb128 0x1
 1364 01ef 51       		.byte	0x51
 1365 01f0 9F       		.byte	0x9f
 1366 01f1 00000000 		.4byte	0
 1367 01f5 00000000 		.4byte	0
 1368              		.section	.debug_aranges,"",%progbits
 1369 0000 24000000 		.4byte	0x24
 1370 0004 0200     		.2byte	0x2
 1371 0006 00000000 		.4byte	.Ldebug_info0
 1372 000a 04       		.byte	0x4
 1373 000b 00       		.byte	0
 1374 000c 0000     		.2byte	0
 1375 000e 0000     		.2byte	0
 1376 0010 00000000 		.4byte	.LFB111
 1377 0014 90000000 		.4byte	.LFE111-.LFB111
 1378 0018 00000000 		.4byte	.LFB112
 1379 001c A8000000 		.4byte	.LFE112-.LFB112
 1380 0020 00000000 		.4byte	0
 1381 0024 00000000 		.4byte	0
 1382              		.section	.debug_ranges,"",%progbits
 1383              	.Ldebug_ranges0:
 1384 0000 00000000 		.4byte	.LFB111
 1385 0004 90000000 		.4byte	.LFE111
 1386 0008 00000000 		.4byte	.LFB112
 1387 000c A8000000 		.4byte	.LFE112
ARM GAS  C:\Users\agila\AppData\Local\Temp\ccxWzz6w.s 			page 28


 1388 0010 00000000 		.4byte	0
 1389 0014 00000000 		.4byte	0
 1390              		.section	.debug_line,"",%progbits
 1391              	.Ldebug_line0:
 1392 0000 A9020000 		.section	.debug_str,"MS",%progbits,1
 1392      02003E02 
 1392      00000201 
 1392      FB0E0D00 
 1392      01010101 
 1393              	.LASF41:
 1394 0000 52435F45 		.ascii	"RC_ERROR_READ_ONLY\000"
 1394      52524F52 
 1394      5F524541 
 1394      445F4F4E 
 1394      4C5900
 1395              	.LASF27:
 1396 0013 52435F53 		.ascii	"RC_SUCCESS\000"
 1396      55434345 
 1396      535300
 1397              	.LASF42:
 1398 001e 52435F45 		.ascii	"RC_ERROR_WRITE_ONLY\000"
 1398      52524F52 
 1398      5F575249 
 1398      54455F4F 
 1398      4E4C5900 
 1399              	.LASF2:
 1400 0032 73686F72 		.ascii	"short int\000"
 1400      7420696E 
 1400      7400
 1401              	.LASF33:
 1402 003c 52435F45 		.ascii	"RC_ERROR_OVERRUN\000"
 1402      52524F52 
 1402      5F4F5645 
 1402      5252554E 
 1402      00
 1403              	.LASF45:
 1404 004d 52435F45 		.ascii	"RC_ERROR_WRITE_FAILS\000"
 1404      52524F52 
 1404      5F575249 
 1404      54455F46 
 1404      41494C53 
 1405              	.LASF14:
 1406 0062 73697A65 		.ascii	"sizetype\000"
 1406      74797065 
 1406      00
 1407              	.LASF67:
 1408 006b 414C5F67 		.ascii	"AL_glower\000"
 1408      6C6F7765 
 1408      7200
 1409              	.LASF62:
 1410 0075 70686173 		.ascii	"phase\000"
 1410      6500
 1411              	.LASF30:
 1412 007b 52435F45 		.ascii	"RC_ERROR_ZERO\000"
 1412      52524F52 
 1412      5F5A4552 
 1412      4F00
ARM GAS  C:\Users\agila\AppData\Local\Temp\ccxWzz6w.s 			page 29


 1413              	.LASF25:
 1414 0089 45455F46 		.ascii	"EE_FREG\000"
 1414      52454700 
 1415              	.LASF44:
 1416 0091 52435F45 		.ascii	"RC_ERROR_READ_FAILS\000"
 1416      52524F52 
 1416      5F524541 
 1416      445F4641 
 1416      494C5300 
 1417              	.LASF8:
 1418 00a5 5F5F7569 		.ascii	"__uint32_t\000"
 1418      6E743332 
 1418      5F7400
 1419              	.LASF80:
 1420 00b0 443A5C57 		.ascii	"D:\\WS25\\AMAEOS\\Lab\\Workspace01\\ReactionGame.cy"
 1420      5332355C 
 1420      414D4145 
 1420      4F535C4C 
 1420      61625C57 
 1421 00de 64736E00 		.ascii	"dsn\000"
 1422              	.LASF23:
 1423 00e2 45455F55 		.ascii	"EE_UINT32\000"
 1423      494E5433 
 1423      3200
 1424              	.LASF4:
 1425 00ec 5F5F7569 		.ascii	"__uint16_t\000"
 1425      6E743136 
 1425      5F7400
 1426              	.LASF26:
 1427 00f7 45455F54 		.ascii	"EE_TID\000"
 1427      494400
 1428              	.LASF58:
 1429 00fe 52475F47 		.ascii	"RG_Glow_t\000"
 1429      6C6F775F 
 1429      7400
 1430              	.LASF16:
 1431 0108 75696E74 		.ascii	"uint8_t\000"
 1431      385F7400 
 1432              	.LASF50:
 1433 0110 52435F45 		.ascii	"RC_ERROR_INVALID_STATE\000"
 1433      52524F52 
 1433      5F494E56 
 1433      414C4944 
 1433      5F535441 
 1434              	.LASF73:
 1435 0127 45455F49 		.ascii	"EE_IRQ_nesting_level\000"
 1435      52515F6E 
 1435      65737469 
 1435      6E675F6C 
 1435      6576656C 
 1436              	.LASF72:
 1437 013c 45455F73 		.ascii	"EE_std_endcycle_next_tid\000"
 1437      74645F65 
 1437      6E646379 
 1437      636C655F 
 1437      6E657874 
 1438              	.LASF32:
ARM GAS  C:\Users\agila\AppData\Local\Temp\ccxWzz6w.s 			page 30


 1439 0155 52435F45 		.ascii	"RC_ERROR_RANGE\000"
 1439      52524F52 
 1439      5F52414E 
 1439      474500
 1440              	.LASF20:
 1441 0164 666C6F61 		.ascii	"float\000"
 1441      7400
 1442              	.LASF54:
 1443 016a 616C5F72 		.ascii	"al_red\000"
 1443      656400
 1444              	.LASF75:
 1445 0171 52475F67 		.ascii	"RG_glowtable\000"
 1445      6C6F7774 
 1445      61626C65 
 1445      00
 1446              	.LASF52:
 1447 017e 52435F45 		.ascii	"RC_ERROR_NOT_IMPLEMENTED\000"
 1447      52524F52 
 1447      5F4E4F54 
 1447      5F494D50 
 1447      4C454D45 
 1448              	.LASF10:
 1449 0197 6C6F6E67 		.ascii	"long long int\000"
 1449      206C6F6E 
 1449      6720696E 
 1449      7400
 1450              	.LASF70:
 1451 01a5 45455F6F 		.ascii	"EE_oo_IRQ_suspend_status\000"
 1451      6F5F4952 
 1451      515F7375 
 1451      7370656E 
 1451      645F7374 
 1452              	.LASF46:
 1453 01be 52435F45 		.ascii	"RC_ERROR_NOT_MATCH\000"
 1453      52524F52 
 1453      5F4E4F54 
 1453      5F4D4154 
 1453      434800
 1454              	.LASF51:
 1455 01d1 52435F45 		.ascii	"RC_ERROR_UNKNOWN\000"
 1455      52524F52 
 1455      5F554E4B 
 1455      4E4F574E 
 1455      00
 1456              	.LASF7:
 1457 01e2 6C6F6E67 		.ascii	"long int\000"
 1457      20696E74 
 1457      00
 1458              	.LASF34:
 1459 01eb 52435F45 		.ascii	"RC_ERROR_UNDERRUN\000"
 1459      52524F52 
 1459      5F554E44 
 1459      45525255 
 1459      4E00
 1460              	.LASF37:
 1461 01fd 52435F45 		.ascii	"RC_ERROR_BUSY\000"
 1461      52524F52 
ARM GAS  C:\Users\agila\AppData\Local\Temp\ccxWzz6w.s 			page 31


 1461      5F425553 
 1461      5900
 1462              	.LASF79:
 1463 020b 736F7572 		.ascii	"source\\asw\\ArcadianLight.c\000"
 1463      63655C61 
 1463      73775C41 
 1463      72636164 
 1463      69616E4C 
 1464              	.LASF3:
 1465 0226 5F5F7569 		.ascii	"__uint8_t\000"
 1465      6E74385F 
 1465      7400
 1466              	.LASF43:
 1467 0230 52435F45 		.ascii	"RC_ERROR_INVALID\000"
 1467      52524F52 
 1467      5F494E56 
 1467      414C4944 
 1467      00
 1468              	.LASF48:
 1469 0241 52435F45 		.ascii	"RC_ERROR_BAD_DATA\000"
 1469      52524F52 
 1469      5F424144 
 1469      5F444154 
 1469      4100
 1470              	.LASF13:
 1471 0253 6C6F6E67 		.ascii	"long double\000"
 1471      20646F75 
 1471      626C6500 
 1472              	.LASF60:
 1473 025f 72656163 		.ascii	"reactionTime_ms\000"
 1473      74696F6E 
 1473      54696D65 
 1473      5F6D7300 
 1474              	.LASF1:
 1475 026f 756E7369 		.ascii	"unsigned char\000"
 1475      676E6564 
 1475      20636861 
 1475      7200
 1476              	.LASF47:
 1477 027d 52435F45 		.ascii	"RC_ERROR_BAD_PARAM\000"
 1477      52524F52 
 1477      5F424144 
 1477      5F504152 
 1477      414D00
 1478              	.LASF0:
 1479 0290 7369676E 		.ascii	"signed char\000"
 1479      65642063 
 1479      68617200 
 1480              	.LASF11:
 1481 029c 6C6F6E67 		.ascii	"long long unsigned int\000"
 1481      206C6F6E 
 1481      6720756E 
 1481      7369676E 
 1481      65642069 
 1482              	.LASF19:
 1483 02b3 75696E74 		.ascii	"uint32_t\000"
 1483      33325F74 
ARM GAS  C:\Users\agila\AppData\Local\Temp\ccxWzz6w.s 			page 32


 1483      00
 1484              	.LASF12:
 1485 02bc 756E7369 		.ascii	"unsigned int\000"
 1485      676E6564 
 1485      20696E74 
 1485      00
 1486              	.LASF39:
 1487 02c9 52435F45 		.ascii	"RC_ERROR_OPEN\000"
 1487      52524F52 
 1487      5F4F5045 
 1487      4E00
 1488              	.LASF17:
 1489 02d7 75696E74 		.ascii	"uint16_t\000"
 1489      31365F74 
 1489      00
 1490              	.LASF61:
 1491 02e0 7469636B 		.ascii	"tickCounter\000"
 1491      436F756E 
 1491      74657200 
 1492              	.LASF63:
 1493 02ec 6D6F6475 		.ascii	"modulo\000"
 1493      6C6F00
 1494              	.LASF29:
 1495 02f3 52435F45 		.ascii	"RC_ERROR_NULL\000"
 1495      52524F52 
 1495      5F4E554C 
 1495      4C00
 1496              	.LASF36:
 1497 0301 52435F45 		.ascii	"RC_ERROR_BUFFER_EMTPY\000"
 1497      52524F52 
 1497      5F425546 
 1497      4645525F 
 1497      454D5450 
 1498              	.LASF22:
 1499 0317 45455F49 		.ascii	"EE_INT32\000"
 1499      4E543332 
 1499      00
 1500              	.LASF5:
 1501 0320 73686F72 		.ascii	"short unsigned int\000"
 1501      7420756E 
 1501      7369676E 
 1501      65642069 
 1501      6E7400
 1502              	.LASF78:
 1503 0333 474E5520 		.ascii	"GNU C11 5.4.1 20160609 (release) [ARM/embedded-5-br"
 1503      43313120 
 1503      352E342E 
 1503      31203230 
 1503      31363036 
 1504 0366 616E6368 		.ascii	"anch revision 237715] -mcpu=cortex-m3 -mthumb -g -O"
 1504      20726576 
 1504      6973696F 
 1504      6E203233 
 1504      37373135 
 1505 0399 67202D66 		.ascii	"g -ffunction-sections -ffat-lto-objects\000"
 1505      66756E63 
 1505      74696F6E 
ARM GAS  C:\Users\agila\AppData\Local\Temp\ccxWzz6w.s 			page 33


 1505      2D736563 
 1505      74696F6E 
 1506              	.LASF57:
 1507 03c1 616C5F64 		.ascii	"al_duration\000"
 1507      75726174 
 1507      696F6E00 
 1508              	.LASF15:
 1509 03cd 63686172 		.ascii	"char\000"
 1509      00
 1510              	.LASF64:
 1511 03d2 696E6974 		.ascii	"init\000"
 1511      00
 1512              	.LASF35:
 1513 03d7 52435F45 		.ascii	"RC_ERROR_BUFFER_FULL\000"
 1513      52524F52 
 1513      5F425546 
 1513      4645525F 
 1513      46554C4C 
 1514              	.LASF18:
 1515 03ec 696E7433 		.ascii	"int32_t\000"
 1515      325F7400 
 1516              	.LASF77:
 1517 03f4 4C45445F 		.ascii	"LED_RGB_Set\000"
 1517      5247425F 
 1517      53657400 
 1518              	.LASF56:
 1519 0400 616C5F62 		.ascii	"al_blue\000"
 1519      6C756500 
 1520              	.LASF71:
 1521 0408 45455F41 		.ascii	"EE_ApplicationMode\000"
 1521      70706C69 
 1521      63617469 
 1521      6F6E4D6F 
 1521      646500
 1522              	.LASF9:
 1523 041b 6C6F6E67 		.ascii	"long unsigned int\000"
 1523      20756E73 
 1523      69676E65 
 1523      6420696E 
 1523      7400
 1524              	.LASF59:
 1525 042d 7469636B 		.ascii	"tickTime_ms\000"
 1525      54696D65 
 1525      5F6D7300 
 1526              	.LASF21:
 1527 0439 646F7562 		.ascii	"double\000"
 1527      6C6500
 1528              	.LASF40:
 1529 0440 52435F45 		.ascii	"RC_ERROR_CHECKSUM\000"
 1529      52524F52 
 1529      5F434845 
 1529      434B5355 
 1529      4D00
 1530              	.LASF24:
 1531 0452 45455F55 		.ascii	"EE_UREG\000"
 1531      52454700 
 1532              	.LASF6:
ARM GAS  C:\Users\agila\AppData\Local\Temp\ccxWzz6w.s 			page 34


 1533 045a 5F5F696E 		.ascii	"__int32_t\000"
 1533      7433325F 
 1533      7400
 1534              	.LASF55:
 1535 0464 616C5F67 		.ascii	"al_green\000"
 1535      7265656E 
 1535      00
 1536              	.LASF66:
 1537 046d 414C5F66 		.ascii	"AL_fader\000"
 1537      61646572 
 1537      00
 1538              	.LASF76:
 1539 0476 4C45445F 		.ascii	"LED_PWM_Set\000"
 1539      50574D5F 
 1539      53657400 
 1540              	.LASF49:
 1541 0482 52435F45 		.ascii	"RC_ERROR_CANCELED\000"
 1541      52524F52 
 1541      5F43414E 
 1541      43454C45 
 1541      4400
 1542              	.LASF74:
 1543 0494 49544D5F 		.ascii	"ITM_RxBuffer\000"
 1543      52784275 
 1543      66666572 
 1543      00
 1544              	.LASF28:
 1545 04a1 52435F45 		.ascii	"RC_ERROR\000"
 1545      52524F52 
 1545      00
 1546              	.LASF65:
 1547 04aa 76616C75 		.ascii	"value\000"
 1547      6500
 1548              	.LASF31:
 1549 04b0 52435F45 		.ascii	"RC_ERROR_MEMORY\000"
 1549      52524F52 
 1549      5F4D454D 
 1549      4F525900 
 1550              	.LASF69:
 1551 04c0 45455F6F 		.ascii	"EE_oo_IRQ_disable_count\000"
 1551      6F5F4952 
 1551      515F6469 
 1551      7361626C 
 1551      655F636F 
 1552              	.LASF68:
 1553 04d8 73746570 		.ascii	"step\000"
 1553      00
 1554              	.LASF53:
 1555 04dd 52435F74 		.ascii	"RC_t\000"
 1555      00
 1556              	.LASF38:
 1557 04e2 52435F45 		.ascii	"RC_ERROR_TIME_OUT\000"
 1557      52524F52 
 1557      5F54494D 
 1557      455F4F55 
 1557      5400
 1558              		.ident	"GCC: (GNU Tools for ARM Embedded Processors) 5.4.1 20160609 (release) [ARM/embedded-5-bran
ARM GAS  C:\Users\agila\AppData\Local\Temp\ccxWzz6w.s 			page 35


