ARM GAS  C:\Users\agila\AppData\Local\Temp\cc0EpRWd.s 			page 1


   1              		.syntax unified
   2              		.cpu cortex-m3
   3              		.fpu softvfp
   4              		.eabi_attribute 20, 1
   5              		.eabi_attribute 21, 1
   6              		.eabi_attribute 23, 3
   7              		.eabi_attribute 24, 1
   8              		.eabi_attribute 25, 1
   9              		.eabi_attribute 26, 1
  10              		.eabi_attribute 30, 1
  11              		.eabi_attribute 34, 1
  12              		.eabi_attribute 18, 4
  13              		.thumb
  14              		.syntax unified
  15              		.file	"button.c"
  16              		.text
  17              	.Ltext0:
  18              		.cfi_sections	.debug_frame
  19              		.section	.text.BUTTON_Init,"ax",%progbits
  20              		.align	2
  21              		.global	BUTTON_Init
  22              		.thumb
  23              		.thumb_func
  24              		.type	BUTTON_Init, %function
  25              	BUTTON_Init:
  26              	.LFB110:
  27              		.file 1 "source\\bsw\\LabBoard\\button.c"
   1:source\bsw\LabBoard/button.c **** /**
   2:source\bsw\LabBoard/button.c **** * \file button.c
   3:source\bsw\LabBoard/button.c **** * \author P. Fromm
   4:source\bsw\LabBoard/button.c **** * \date 29.7.17
   5:source\bsw\LabBoard/button.c **** *
   6:source\bsw\LabBoard/button.c **** * \brief Simple button driver
   7:source\bsw\LabBoard/button.c **** *
   8:source\bsw\LabBoard/button.c **** * \copyright Copyright ©2016
   9:source\bsw\LabBoard/button.c **** * Department of electrical engineering and information technology, Hochschule Darmstadt - Universit
  10:source\bsw\LabBoard/button.c **** * Permission to use, copy, modify, and distribute this software and its documentation for education
  11:source\bsw\LabBoard/button.c **** * (unless permitted by h_da) and official h_da projects, is hereby granted for enrolled students of
  12:source\bsw\LabBoard/button.c **** * this paragraph and the following paragraph appear in all copies, modifications, and distributions
  13:source\bsw\LabBoard/button.c **** * Contact Prof.Dr.-Ing. Peter Fromm, peter.fromm@h-da.de, Birkenweg 8 64295 Darmstadt - GERMANY for
  14:source\bsw\LabBoard/button.c **** *
  15:source\bsw\LabBoard/button.c **** * \warning This software is a PROTOTYPE version and is not designed or intended for use in producti
  16:source\bsw\LabBoard/button.c **** * The user represents and warrants that it will NOT use or redistribute the Software for such purpo
  17:source\bsw\LabBoard/button.c **** * This prototype is for research purposes only. This software is provided "AS IS," without a warran
  18:source\bsw\LabBoard/button.c **** */
  19:source\bsw\LabBoard/button.c **** 
  20:source\bsw\LabBoard/button.c **** /*****************************************************************************/
  21:source\bsw\LabBoard/button.c **** /* Include files                                                             */
  22:source\bsw\LabBoard/button.c **** /*****************************************************************************/
  23:source\bsw\LabBoard/button.c **** #include "project.h"
  24:source\bsw\LabBoard/button.c **** #include "button.h"
  25:source\bsw\LabBoard/button.c **** 
  26:source\bsw\LabBoard/button.c **** #include "ButtonLeft.h"
  27:source\bsw\LabBoard/button.c **** #include "ButtonRight.h"
  28:source\bsw\LabBoard/button.c **** 
  29:source\bsw\LabBoard/button.c **** /*****************************************************************************/
  30:source\bsw\LabBoard/button.c **** /* Local pre-processor symbols/macros ('#define')                            */
ARM GAS  C:\Users\agila\AppData\Local\Temp\cc0EpRWd.s 			page 2


  31:source\bsw\LabBoard/button.c **** /*****************************************************************************/
  32:source\bsw\LabBoard/button.c **** 
  33:source\bsw\LabBoard/button.c **** /*****************************************************************************/
  34:source\bsw\LabBoard/button.c **** /* Global variable definitions (declared in header file with 'extern')       */
  35:source\bsw\LabBoard/button.c **** /*****************************************************************************/
  36:source\bsw\LabBoard/button.c **** 
  37:source\bsw\LabBoard/button.c **** /*****************************************************************************/
  38:source\bsw\LabBoard/button.c **** /* Local type definitions ('typedef')                                        */
  39:source\bsw\LabBoard/button.c **** /*****************************************************************************/
  40:source\bsw\LabBoard/button.c **** 
  41:source\bsw\LabBoard/button.c **** /*****************************************************************************/
  42:source\bsw\LabBoard/button.c **** /* Local variable definitions ('static')                                     */
  43:source\bsw\LabBoard/button.c **** /*****************************************************************************/
  44:source\bsw\LabBoard/button.c **** 
  45:source\bsw\LabBoard/button.c **** 
  46:source\bsw\LabBoard/button.c **** /*****************************************************************************/
  47:source\bsw\LabBoard/button.c **** /* Local function prototypes ('static')                                      */
  48:source\bsw\LabBoard/button.c **** /*****************************************************************************/
  49:source\bsw\LabBoard/button.c **** 
  50:source\bsw\LabBoard/button.c **** /*****************************************************************************/
  51:source\bsw\LabBoard/button.c **** /* Function implementation - global ('extern') and local ('static')          */
  52:source\bsw\LabBoard/button.c **** /*****************************************************************************/
  53:source\bsw\LabBoard/button.c **** 
  54:source\bsw\LabBoard/button.c **** /**
  55:source\bsw\LabBoard/button.c ****  * Initialize Button
  56:source\bsw\LabBoard/button.c ****  * @return RC_SUCCESS if ok
  57:source\bsw\LabBoard/button.c ****  */
  58:source\bsw\LabBoard/button.c **** RC_t BUTTON_Init() // The respective ISR attached to be called is handled by the OS
  59:source\bsw\LabBoard/button.c **** {
  28              		.loc 1 59 0
  29              		.cfi_startproc
  30              		@ args = 0, pretend = 0, frame = 0
  31              		@ frame_needed = 0, uses_anonymous_args = 0
  32              		@ link register save eliminated.
  60:source\bsw\LabBoard/button.c ****     return RC_SUCCESS;
  61:source\bsw\LabBoard/button.c **** }
  33              		.loc 1 61 0
  34 0000 0020     		movs	r0, #0
  35 0002 7047     		bx	lr
  36              		.cfi_endproc
  37              	.LFE110:
  38              		.size	BUTTON_Init, .-BUTTON_Init
  39              		.section	.text.BUTTON_IsPressed,"ax",%progbits
  40              		.align	2
  41              		.global	BUTTON_IsPressed
  42              		.thumb
  43              		.thumb_func
  44              		.type	BUTTON_IsPressed, %function
  45              	BUTTON_IsPressed:
  46              	.LFB111:
  62:source\bsw\LabBoard/button.c **** 
  63:source\bsw\LabBoard/button.c **** /**
  64:source\bsw\LabBoard/button.c ****  * Initialize Button
  65:source\bsw\LabBoard/button.c ****  * @param BUTTON_id_t button - check if the corresponding button is pressed
  66:source\bsw\LabBoard/button.c ****  * @return TRUE if button is pressed
  67:source\bsw\LabBoard/button.c ****  */
  68:source\bsw\LabBoard/button.c **** boolean_t BUTTON_IsPressed(BUTTON_id_t button)
ARM GAS  C:\Users\agila\AppData\Local\Temp\cc0EpRWd.s 			page 3


  69:source\bsw\LabBoard/button.c **** {
  47              		.loc 1 69 0
  48              		.cfi_startproc
  49              		@ args = 0, pretend = 0, frame = 0
  50              		@ frame_needed = 0, uses_anonymous_args = 0
  51              	.LVL0:
  52 0000 08B5     		push	{r3, lr}
  53              		.cfi_def_cfa_offset 8
  54              		.cfi_offset 3, -8
  55              		.cfi_offset 14, -4
  56              	.LVL1:
  70:source\bsw\LabBoard/button.c ****     boolean_t result = FALSE;
  71:source\bsw\LabBoard/button.c ****     
  72:source\bsw\LabBoard/button.c ****     switch (button)
  57              		.loc 1 72 0
  58 0002 10B1     		cbz	r0, .L4
  59 0004 0128     		cmp	r0, #1
  60 0006 06D0     		beq	.L5
  61 0008 0BE0     		b	.L9
  62              	.L4:
  73:source\bsw\LabBoard/button.c ****     {
  74:source\bsw\LabBoard/button.c ****         case BUTTON_LEFT : if (ButtonLeft_Read() == 1) result = TRUE; break;
  63              		.loc 1 74 0
  64 000a FFF7FEFF 		bl	ButtonLeft_Read
  65              	.LVL2:
  66 000e 0128     		cmp	r0, #1
  67 0010 09D0     		beq	.L7
  70:source\bsw\LabBoard/button.c ****     boolean_t result = FALSE;
  68              		.loc 1 70 0
  69 0012 0020     		movs	r0, #0
  70 0014 08BD     		pop	{r3, pc}
  71              	.LVL3:
  72              	.L5:
  75:source\bsw\LabBoard/button.c ****         case BUTTON_RIGHT : if (ButtonRight_Read() == 1) result = TRUE; break;
  73              		.loc 1 75 0
  74 0016 FFF7FEFF 		bl	ButtonRight_Read
  75              	.LVL4:
  76 001a 0128     		cmp	r0, #1
  77 001c 05D0     		beq	.L8
  70:source\bsw\LabBoard/button.c ****     boolean_t result = FALSE;
  78              		.loc 1 70 0
  79 001e 0020     		movs	r0, #0
  80 0020 08BD     		pop	{r3, pc}
  81              	.LVL5:
  82              	.L9:
  83 0022 0020     		movs	r0, #0
  84              	.LVL6:
  85 0024 08BD     		pop	{r3, pc}
  86              	.L7:
  74:source\bsw\LabBoard/button.c ****         case BUTTON_RIGHT : if (ButtonRight_Read() == 1) result = TRUE; break;
  87              		.loc 1 74 0
  88 0026 0120     		movs	r0, #1
  89 0028 08BD     		pop	{r3, pc}
  90              	.L8:
  91              		.loc 1 75 0
  92 002a 0120     		movs	r0, #1
  93              	.LVL7:
ARM GAS  C:\Users\agila\AppData\Local\Temp\cc0EpRWd.s 			page 4


  76:source\bsw\LabBoard/button.c ****     }
  77:source\bsw\LabBoard/button.c ****     
  78:source\bsw\LabBoard/button.c ****     return result;
  79:source\bsw\LabBoard/button.c **** }
  94              		.loc 1 79 0
  95 002c 08BD     		pop	{r3, pc}
  96              		.cfi_endproc
  97              	.LFE111:
  98              		.size	BUTTON_IsPressed, .-BUTTON_IsPressed
  99 002e 00BF     		.text
 100              	.Letext0:
 101              		.file 2 "c:\\h_da softwares & projects\\psoc creator\\4.4\\psoc creator\\import\\gnu\\arm\\5.4.1\\
 102              		.file 3 "c:\\h_da softwares & projects\\psoc creator\\4.4\\psoc creator\\import\\gnu\\arm\\5.4.1\\
 103              		.file 4 "Generated_Source\\PSoC5/ErikaOS_common_ee_types.inc"
 104              		.file 5 "Generated_Source\\PSoC5/ErikaOS_cortex_mx_ee_cpu.inc"
 105              		.file 6 ".\\source\\bsw/global.h"
 106              		.file 7 "source\\bsw\\LabBoard\\button.h"
 107              		.file 8 "Generated_Source\\PSoC5/ErikaOS_ee_oo_intfunc.inc"
 108              		.file 9 "Generated_Source\\PSoC5/ErikaOS_cortex_mx_ee_context.inc"
 109              		.file 10 "Generated_Source\\PSoC5/ErikaOS_common_ee_primitives.inc"
 110              		.file 11 "Generated_Source\\PSoC5/core_cm3.h"
 111              		.file 12 "Generated_Source\\PSoC5/ButtonLeft.h"
 112              		.file 13 "Generated_Source\\PSoC5/ButtonRight.h"
 113              		.section	.debug_info,"",%progbits
 114              	.Ldebug_info0:
 115 0000 7C020000 		.4byte	0x27c
 116 0004 0400     		.2byte	0x4
 117 0006 00000000 		.4byte	.Ldebug_abbrev0
 118 000a 04       		.byte	0x4
 119 000b 01       		.uleb128 0x1
 120 000c E6020000 		.4byte	.LASF60
 121 0010 0C       		.byte	0xc
 122 0011 CA010000 		.4byte	.LASF61
 123 0015 A2000000 		.4byte	.LASF62
 124 0019 00000000 		.4byte	.Ldebug_ranges0+0
 125 001d 00000000 		.4byte	0
 126 0021 00000000 		.4byte	.Ldebug_line0
 127 0025 02       		.uleb128 0x2
 128 0026 01       		.byte	0x1
 129 0027 06       		.byte	0x6
 130 0028 60020000 		.4byte	.LASF0
 131 002c 02       		.uleb128 0x2
 132 002d 01       		.byte	0x1
 133 002e 08       		.byte	0x8
 134 002f 41020000 		.4byte	.LASF1
 135 0033 02       		.uleb128 0x2
 136 0034 02       		.byte	0x2
 137 0035 05       		.byte	0x5
 138 0036 3B010000 		.4byte	.LASF2
 139 003a 02       		.uleb128 0x2
 140 003b 02       		.byte	0x2
 141 003c 07       		.byte	0x7
 142 003d D3020000 		.4byte	.LASF3
 143 0041 03       		.uleb128 0x3
 144 0042 16040000 		.4byte	.LASF9
 145 0046 02       		.byte	0x2
 146 0047 3F       		.byte	0x3f
ARM GAS  C:\Users\agila\AppData\Local\Temp\cc0EpRWd.s 			page 5


 147 0048 4C000000 		.4byte	0x4c
 148 004c 02       		.uleb128 0x2
 149 004d 04       		.byte	0x4
 150 004e 05       		.byte	0x5
 151 004f AF010000 		.4byte	.LASF4
 152 0053 02       		.uleb128 0x2
 153 0054 04       		.byte	0x4
 154 0055 07       		.byte	0x7
 155 0056 D4030000 		.4byte	.LASF5
 156 005a 02       		.uleb128 0x2
 157 005b 08       		.byte	0x8
 158 005c 05       		.byte	0x5
 159 005d 64010000 		.4byte	.LASF6
 160 0061 02       		.uleb128 0x2
 161 0062 08       		.byte	0x8
 162 0063 07       		.byte	0x7
 163 0064 6C020000 		.4byte	.LASF7
 164 0068 04       		.uleb128 0x4
 165 0069 04       		.byte	0x4
 166 006a 05       		.byte	0x5
 167 006b 696E7400 		.ascii	"int\000"
 168 006f 02       		.uleb128 0x2
 169 0070 04       		.byte	0x4
 170 0071 07       		.byte	0x7
 171 0072 83020000 		.4byte	.LASF8
 172 0076 03       		.uleb128 0x3
 173 0077 9A030000 		.4byte	.LASF10
 174 007b 03       		.byte	0x3
 175 007c 2C       		.byte	0x2c
 176 007d 41000000 		.4byte	0x41
 177 0081 02       		.uleb128 0x2
 178 0082 04       		.byte	0x4
 179 0083 04       		.byte	0x4
 180 0084 45010000 		.4byte	.LASF11
 181 0088 02       		.uleb128 0x2
 182 0089 08       		.byte	0x8
 183 008a 04       		.byte	0x4
 184 008b E6030000 		.4byte	.LASF12
 185 008f 02       		.uleb128 0x2
 186 0090 01       		.byte	0x1
 187 0091 08       		.byte	0x8
 188 0092 80030000 		.4byte	.LASF13
 189 0096 02       		.uleb128 0x2
 190 0097 08       		.byte	0x8
 191 0098 04       		.byte	0x4
 192 0099 35020000 		.4byte	.LASF14
 193 009d 02       		.uleb128 0x2
 194 009e 04       		.byte	0x4
 195 009f 07       		.byte	0x7
 196 00a0 6F000000 		.4byte	.LASF15
 197 00a4 03       		.uleb128 0x3
 198 00a5 C2020000 		.4byte	.LASF16
 199 00a9 04       		.byte	0x4
 200 00aa 53       		.byte	0x53
 201 00ab 68000000 		.4byte	0x68
 202 00af 03       		.uleb128 0x3
 203 00b0 D4000000 		.4byte	.LASF17
ARM GAS  C:\Users\agila\AppData\Local\Temp\cc0EpRWd.s 			page 6


 204 00b4 04       		.byte	0x4
 205 00b5 54       		.byte	0x54
 206 00b6 6F000000 		.4byte	0x6f
 207 00ba 03       		.uleb128 0x3
 208 00bb FF030000 		.4byte	.LASF18
 209 00bf 05       		.byte	0x5
 210 00c0 4D       		.byte	0x4d
 211 00c1 AF000000 		.4byte	0xaf
 212 00c5 03       		.uleb128 0x3
 213 00c6 86000000 		.4byte	.LASF19
 214 00ca 05       		.byte	0x5
 215 00cb 4F       		.byte	0x4f
 216 00cc AF000000 		.4byte	0xaf
 217 00d0 03       		.uleb128 0x3
 218 00d1 DE000000 		.4byte	.LASF20
 219 00d5 05       		.byte	0x5
 220 00d6 78       		.byte	0x78
 221 00d7 A4000000 		.4byte	0xa4
 222 00db 03       		.uleb128 0x3
 223 00dc 2B020000 		.4byte	.LASF21
 224 00e0 06       		.byte	0x6
 225 00e1 9C       		.byte	0x9c
 226 00e2 2C000000 		.4byte	0x2c
 227 00e6 05       		.uleb128 0x5
 228 00e7 01       		.byte	0x1
 229 00e8 25000000 		.4byte	0x25
 230 00ec 06       		.byte	0x6
 231 00ed CF       		.byte	0xcf
 232 00ee 8F010000 		.4byte	0x18f
 233 00f2 06       		.uleb128 0x6
 234 00f3 1A000000 		.4byte	.LASF22
 235 00f7 00       		.byte	0
 236 00f8 07       		.uleb128 0x7
 237 00f9 3F040000 		.4byte	.LASF23
 238 00fd 7F       		.sleb128 -1
 239 00fe 07       		.uleb128 0x7
 240 00ff 9E020000 		.4byte	.LASF24
 241 0103 7E       		.sleb128 -2
 242 0104 07       		.uleb128 0x7
 243 0105 78000000 		.4byte	.LASF25
 244 0109 7D       		.sleb128 -3
 245 010a 07       		.uleb128 0x7
 246 010b 55040000 		.4byte	.LASF26
 247 010f 7C       		.sleb128 -4
 248 0110 07       		.uleb128 0x7
 249 0111 07040000 		.4byte	.LASF27
 250 0115 7B       		.sleb128 -5
 251 0116 07       		.uleb128 0x7
 252 0117 49000000 		.4byte	.LASF28
 253 011b 7A       		.sleb128 -6
 254 011c 07       		.uleb128 0x7
 255 011d B8010000 		.4byte	.LASF29
 256 0121 79       		.sleb128 -7
 257 0122 07       		.uleb128 0x7
 258 0123 85030000 		.4byte	.LASF30
 259 0127 78       		.sleb128 -8
 260 0128 07       		.uleb128 0x7
ARM GAS  C:\Users\agila\AppData\Local\Temp\cc0EpRWd.s 			page 7


 261 0129 AC020000 		.4byte	.LASF31
 262 012d 77       		.sleb128 -9
 263 012e 07       		.uleb128 0x7
 264 012f EE010000 		.4byte	.LASF32
 265 0133 76       		.sleb128 -10
 266 0134 07       		.uleb128 0x7
 267 0135 82040000 		.4byte	.LASF33
 268 0139 75       		.sleb128 -11
 269 013a 07       		.uleb128 0x7
 270 013b 90020000 		.4byte	.LASF34
 271 013f 74       		.sleb128 -12
 272 0140 07       		.uleb128 0x7
 273 0141 ED030000 		.4byte	.LASF35
 274 0145 73       		.sleb128 -13
 275 0146 07       		.uleb128 0x7
 276 0147 07000000 		.4byte	.LASF36
 277 014b 72       		.sleb128 -14
 278 014c 07       		.uleb128 0x7
 279 014d 25000000 		.4byte	.LASF37
 280 0151 71       		.sleb128 -15
 281 0152 07       		.uleb128 0x7
 282 0153 08020000 		.4byte	.LASF38
 283 0157 70       		.sleb128 -16
 284 0158 07       		.uleb128 0x7
 285 0159 8E000000 		.4byte	.LASF39
 286 015d 6F       		.sleb128 -17
 287 015e 07       		.uleb128 0x7
 288 015f 5A000000 		.4byte	.LASF40
 289 0163 6E       		.sleb128 -18
 290 0164 07       		.uleb128 0x7
 291 0165 8B010000 		.4byte	.LASF41
 292 0169 6D       		.sleb128 -19
 293 016a 07       		.uleb128 0x7
 294 016b AE030000 		.4byte	.LASF42
 295 016f 6C       		.sleb128 -20
 296 0170 07       		.uleb128 0x7
 297 0171 19020000 		.4byte	.LASF43
 298 0175 6B       		.sleb128 -21
 299 0176 07       		.uleb128 0x7
 300 0177 20040000 		.4byte	.LASF44
 301 017b 6A       		.sleb128 -22
 302 017c 07       		.uleb128 0x7
 303 017d E5000000 		.4byte	.LASF45
 304 0181 69       		.sleb128 -23
 305 0182 07       		.uleb128 0x7
 306 0183 9E010000 		.4byte	.LASF46
 307 0187 68       		.sleb128 -24
 308 0188 07       		.uleb128 0x7
 309 0189 4B010000 		.4byte	.LASF47
 310 018d 67       		.sleb128 -25
 311 018e 00       		.byte	0
 312 018f 03       		.uleb128 0x3
 313 0190 7D040000 		.4byte	.LASF48
 314 0194 06       		.byte	0x6
 315 0195 EA       		.byte	0xea
 316 0196 E6000000 		.4byte	0xe6
 317 019a 08       		.uleb128 0x8
ARM GAS  C:\Users\agila\AppData\Local\Temp\cc0EpRWd.s 			page 8


 318 019b CB020000 		.4byte	.LASF63
 319 019f 01       		.byte	0x1
 320 01a0 2C000000 		.4byte	0x2c
 321 01a4 07       		.byte	0x7
 322 01a5 59       		.byte	0x59
 323 01a6 B7010000 		.4byte	0x1b7
 324 01aa 06       		.uleb128 0x6
 325 01ab A2030000 		.4byte	.LASF49
 326 01af 00       		.byte	0
 327 01b0 06       		.uleb128 0x6
 328 01b1 48040000 		.4byte	.LASF50
 329 01b5 01       		.byte	0x1
 330 01b6 00       		.byte	0
 331 01b7 03       		.uleb128 0x3
 332 01b8 FC010000 		.4byte	.LASF51
 333 01bc 07       		.byte	0x7
 334 01bd 5D       		.byte	0x5d
 335 01be 9A010000 		.4byte	0x19a
 336 01c2 09       		.uleb128 0x9
 337 01c3 74030000 		.4byte	.LASF64
 338 01c7 01       		.byte	0x1
 339 01c8 3A       		.byte	0x3a
 340 01c9 8F010000 		.4byte	0x18f
 341 01cd 00000000 		.4byte	.LFB110
 342 01d1 04000000 		.4byte	.LFE110-.LFB110
 343 01d5 01       		.uleb128 0x1
 344 01d6 9C       		.byte	0x9c
 345 01d7 0A       		.uleb128 0xa
 346 01d8 11010000 		.4byte	.LASF65
 347 01dc 01       		.byte	0x1
 348 01dd 44       		.byte	0x44
 349 01de DB000000 		.4byte	0xdb
 350 01e2 00000000 		.4byte	.LFB111
 351 01e6 2E000000 		.4byte	.LFE111-.LFB111
 352 01ea 01       		.uleb128 0x1
 353 01eb 9C       		.byte	0x9c
 354 01ec 21020000 		.4byte	0x221
 355 01f0 0B       		.uleb128 0xb
 356 01f1 E7010000 		.4byte	.LASF66
 357 01f5 01       		.byte	0x1
 358 01f6 44       		.byte	0x44
 359 01f7 B7010000 		.4byte	0x1b7
 360 01fb 00000000 		.4byte	.LLST0
 361 01ff 0C       		.uleb128 0xc
 362 0200 00000000 		.4byte	.LASF67
 363 0204 01       		.byte	0x1
 364 0205 46       		.byte	0x46
 365 0206 DB000000 		.4byte	0xdb
 366 020a 53000000 		.4byte	.LLST1
 367 020e 0D       		.uleb128 0xd
 368 020f 0E000000 		.4byte	.LVL2
 369 0213 69020000 		.4byte	0x269
 370 0217 0D       		.uleb128 0xd
 371 0218 1A000000 		.4byte	.LVL4
 372 021c 74020000 		.4byte	0x274
 373 0220 00       		.byte	0
 374 0221 0E       		.uleb128 0xe
ARM GAS  C:\Users\agila\AppData\Local\Temp\cc0EpRWd.s 			page 9


 375 0222 65040000 		.4byte	.LASF52
 376 0226 08       		.byte	0x8
 377 0227 40       		.byte	0x40
 378 0228 BA000000 		.4byte	0xba
 379 022c 0E       		.uleb128 0xe
 380 022d 72010000 		.4byte	.LASF53
 381 0231 08       		.byte	0x8
 382 0232 47       		.byte	0x47
 383 0233 C5000000 		.4byte	0xc5
 384 0237 0E       		.uleb128 0xe
 385 0238 C1030000 		.4byte	.LASF54
 386 023c 08       		.byte	0x8
 387 023d 4A       		.byte	0x4a
 388 023e BA000000 		.4byte	0xba
 389 0242 0E       		.uleb128 0xe
 390 0243 22010000 		.4byte	.LASF55
 391 0247 09       		.byte	0x9
 392 0248 48       		.byte	0x48
 393 0249 D0000000 		.4byte	0xd0
 394 024d 0E       		.uleb128 0xe
 395 024e FC000000 		.4byte	.LASF56
 396 0252 0A       		.byte	0xa
 397 0253 44       		.byte	0x44
 398 0254 BA000000 		.4byte	0xba
 399 0258 0F       		.uleb128 0xf
 400 0259 32040000 		.4byte	.LASF57
 401 025d 0B       		.byte	0xb
 402 025e 1207     		.2byte	0x712
 403 0260 64020000 		.4byte	0x264
 404 0264 10       		.uleb128 0x10
 405 0265 76000000 		.4byte	0x76
 406 0269 11       		.uleb128 0x11
 407 026a 39000000 		.4byte	.LASF58
 408 026e 39000000 		.4byte	.LASF58
 409 0272 0C       		.byte	0xc
 410 0273 29       		.byte	0x29
 411 0274 11       		.uleb128 0x11
 412 0275 4F020000 		.4byte	.LASF59
 413 0279 4F020000 		.4byte	.LASF59
 414 027d 0D       		.byte	0xd
 415 027e 29       		.byte	0x29
 416 027f 00       		.byte	0
 417              		.section	.debug_abbrev,"",%progbits
 418              	.Ldebug_abbrev0:
 419 0000 01       		.uleb128 0x1
 420 0001 11       		.uleb128 0x11
 421 0002 01       		.byte	0x1
 422 0003 25       		.uleb128 0x25
 423 0004 0E       		.uleb128 0xe
 424 0005 13       		.uleb128 0x13
 425 0006 0B       		.uleb128 0xb
 426 0007 03       		.uleb128 0x3
 427 0008 0E       		.uleb128 0xe
 428 0009 1B       		.uleb128 0x1b
 429 000a 0E       		.uleb128 0xe
 430 000b 55       		.uleb128 0x55
 431 000c 17       		.uleb128 0x17
ARM GAS  C:\Users\agila\AppData\Local\Temp\cc0EpRWd.s 			page 10


 432 000d 11       		.uleb128 0x11
 433 000e 01       		.uleb128 0x1
 434 000f 10       		.uleb128 0x10
 435 0010 17       		.uleb128 0x17
 436 0011 00       		.byte	0
 437 0012 00       		.byte	0
 438 0013 02       		.uleb128 0x2
 439 0014 24       		.uleb128 0x24
 440 0015 00       		.byte	0
 441 0016 0B       		.uleb128 0xb
 442 0017 0B       		.uleb128 0xb
 443 0018 3E       		.uleb128 0x3e
 444 0019 0B       		.uleb128 0xb
 445 001a 03       		.uleb128 0x3
 446 001b 0E       		.uleb128 0xe
 447 001c 00       		.byte	0
 448 001d 00       		.byte	0
 449 001e 03       		.uleb128 0x3
 450 001f 16       		.uleb128 0x16
 451 0020 00       		.byte	0
 452 0021 03       		.uleb128 0x3
 453 0022 0E       		.uleb128 0xe
 454 0023 3A       		.uleb128 0x3a
 455 0024 0B       		.uleb128 0xb
 456 0025 3B       		.uleb128 0x3b
 457 0026 0B       		.uleb128 0xb
 458 0027 49       		.uleb128 0x49
 459 0028 13       		.uleb128 0x13
 460 0029 00       		.byte	0
 461 002a 00       		.byte	0
 462 002b 04       		.uleb128 0x4
 463 002c 24       		.uleb128 0x24
 464 002d 00       		.byte	0
 465 002e 0B       		.uleb128 0xb
 466 002f 0B       		.uleb128 0xb
 467 0030 3E       		.uleb128 0x3e
 468 0031 0B       		.uleb128 0xb
 469 0032 03       		.uleb128 0x3
 470 0033 08       		.uleb128 0x8
 471 0034 00       		.byte	0
 472 0035 00       		.byte	0
 473 0036 05       		.uleb128 0x5
 474 0037 04       		.uleb128 0x4
 475 0038 01       		.byte	0x1
 476 0039 0B       		.uleb128 0xb
 477 003a 0B       		.uleb128 0xb
 478 003b 49       		.uleb128 0x49
 479 003c 13       		.uleb128 0x13
 480 003d 3A       		.uleb128 0x3a
 481 003e 0B       		.uleb128 0xb
 482 003f 3B       		.uleb128 0x3b
 483 0040 0B       		.uleb128 0xb
 484 0041 01       		.uleb128 0x1
 485 0042 13       		.uleb128 0x13
 486 0043 00       		.byte	0
 487 0044 00       		.byte	0
 488 0045 06       		.uleb128 0x6
ARM GAS  C:\Users\agila\AppData\Local\Temp\cc0EpRWd.s 			page 11


 489 0046 28       		.uleb128 0x28
 490 0047 00       		.byte	0
 491 0048 03       		.uleb128 0x3
 492 0049 0E       		.uleb128 0xe
 493 004a 1C       		.uleb128 0x1c
 494 004b 0B       		.uleb128 0xb
 495 004c 00       		.byte	0
 496 004d 00       		.byte	0
 497 004e 07       		.uleb128 0x7
 498 004f 28       		.uleb128 0x28
 499 0050 00       		.byte	0
 500 0051 03       		.uleb128 0x3
 501 0052 0E       		.uleb128 0xe
 502 0053 1C       		.uleb128 0x1c
 503 0054 0D       		.uleb128 0xd
 504 0055 00       		.byte	0
 505 0056 00       		.byte	0
 506 0057 08       		.uleb128 0x8
 507 0058 04       		.uleb128 0x4
 508 0059 01       		.byte	0x1
 509 005a 03       		.uleb128 0x3
 510 005b 0E       		.uleb128 0xe
 511 005c 0B       		.uleb128 0xb
 512 005d 0B       		.uleb128 0xb
 513 005e 49       		.uleb128 0x49
 514 005f 13       		.uleb128 0x13
 515 0060 3A       		.uleb128 0x3a
 516 0061 0B       		.uleb128 0xb
 517 0062 3B       		.uleb128 0x3b
 518 0063 0B       		.uleb128 0xb
 519 0064 01       		.uleb128 0x1
 520 0065 13       		.uleb128 0x13
 521 0066 00       		.byte	0
 522 0067 00       		.byte	0
 523 0068 09       		.uleb128 0x9
 524 0069 2E       		.uleb128 0x2e
 525 006a 00       		.byte	0
 526 006b 3F       		.uleb128 0x3f
 527 006c 19       		.uleb128 0x19
 528 006d 03       		.uleb128 0x3
 529 006e 0E       		.uleb128 0xe
 530 006f 3A       		.uleb128 0x3a
 531 0070 0B       		.uleb128 0xb
 532 0071 3B       		.uleb128 0x3b
 533 0072 0B       		.uleb128 0xb
 534 0073 49       		.uleb128 0x49
 535 0074 13       		.uleb128 0x13
 536 0075 11       		.uleb128 0x11
 537 0076 01       		.uleb128 0x1
 538 0077 12       		.uleb128 0x12
 539 0078 06       		.uleb128 0x6
 540 0079 40       		.uleb128 0x40
 541 007a 18       		.uleb128 0x18
 542 007b 9742     		.uleb128 0x2117
 543 007d 19       		.uleb128 0x19
 544 007e 00       		.byte	0
 545 007f 00       		.byte	0
ARM GAS  C:\Users\agila\AppData\Local\Temp\cc0EpRWd.s 			page 12


 546 0080 0A       		.uleb128 0xa
 547 0081 2E       		.uleb128 0x2e
 548 0082 01       		.byte	0x1
 549 0083 3F       		.uleb128 0x3f
 550 0084 19       		.uleb128 0x19
 551 0085 03       		.uleb128 0x3
 552 0086 0E       		.uleb128 0xe
 553 0087 3A       		.uleb128 0x3a
 554 0088 0B       		.uleb128 0xb
 555 0089 3B       		.uleb128 0x3b
 556 008a 0B       		.uleb128 0xb
 557 008b 27       		.uleb128 0x27
 558 008c 19       		.uleb128 0x19
 559 008d 49       		.uleb128 0x49
 560 008e 13       		.uleb128 0x13
 561 008f 11       		.uleb128 0x11
 562 0090 01       		.uleb128 0x1
 563 0091 12       		.uleb128 0x12
 564 0092 06       		.uleb128 0x6
 565 0093 40       		.uleb128 0x40
 566 0094 18       		.uleb128 0x18
 567 0095 9742     		.uleb128 0x2117
 568 0097 19       		.uleb128 0x19
 569 0098 01       		.uleb128 0x1
 570 0099 13       		.uleb128 0x13
 571 009a 00       		.byte	0
 572 009b 00       		.byte	0
 573 009c 0B       		.uleb128 0xb
 574 009d 05       		.uleb128 0x5
 575 009e 00       		.byte	0
 576 009f 03       		.uleb128 0x3
 577 00a0 0E       		.uleb128 0xe
 578 00a1 3A       		.uleb128 0x3a
 579 00a2 0B       		.uleb128 0xb
 580 00a3 3B       		.uleb128 0x3b
 581 00a4 0B       		.uleb128 0xb
 582 00a5 49       		.uleb128 0x49
 583 00a6 13       		.uleb128 0x13
 584 00a7 02       		.uleb128 0x2
 585 00a8 17       		.uleb128 0x17
 586 00a9 00       		.byte	0
 587 00aa 00       		.byte	0
 588 00ab 0C       		.uleb128 0xc
 589 00ac 34       		.uleb128 0x34
 590 00ad 00       		.byte	0
 591 00ae 03       		.uleb128 0x3
 592 00af 0E       		.uleb128 0xe
 593 00b0 3A       		.uleb128 0x3a
 594 00b1 0B       		.uleb128 0xb
 595 00b2 3B       		.uleb128 0x3b
 596 00b3 0B       		.uleb128 0xb
 597 00b4 49       		.uleb128 0x49
 598 00b5 13       		.uleb128 0x13
 599 00b6 02       		.uleb128 0x2
 600 00b7 17       		.uleb128 0x17
 601 00b8 00       		.byte	0
 602 00b9 00       		.byte	0
ARM GAS  C:\Users\agila\AppData\Local\Temp\cc0EpRWd.s 			page 13


 603 00ba 0D       		.uleb128 0xd
 604 00bb 898201   		.uleb128 0x4109
 605 00be 00       		.byte	0
 606 00bf 11       		.uleb128 0x11
 607 00c0 01       		.uleb128 0x1
 608 00c1 31       		.uleb128 0x31
 609 00c2 13       		.uleb128 0x13
 610 00c3 00       		.byte	0
 611 00c4 00       		.byte	0
 612 00c5 0E       		.uleb128 0xe
 613 00c6 34       		.uleb128 0x34
 614 00c7 00       		.byte	0
 615 00c8 03       		.uleb128 0x3
 616 00c9 0E       		.uleb128 0xe
 617 00ca 3A       		.uleb128 0x3a
 618 00cb 0B       		.uleb128 0xb
 619 00cc 3B       		.uleb128 0x3b
 620 00cd 0B       		.uleb128 0xb
 621 00ce 49       		.uleb128 0x49
 622 00cf 13       		.uleb128 0x13
 623 00d0 3F       		.uleb128 0x3f
 624 00d1 19       		.uleb128 0x19
 625 00d2 3C       		.uleb128 0x3c
 626 00d3 19       		.uleb128 0x19
 627 00d4 00       		.byte	0
 628 00d5 00       		.byte	0
 629 00d6 0F       		.uleb128 0xf
 630 00d7 34       		.uleb128 0x34
 631 00d8 00       		.byte	0
 632 00d9 03       		.uleb128 0x3
 633 00da 0E       		.uleb128 0xe
 634 00db 3A       		.uleb128 0x3a
 635 00dc 0B       		.uleb128 0xb
 636 00dd 3B       		.uleb128 0x3b
 637 00de 05       		.uleb128 0x5
 638 00df 49       		.uleb128 0x49
 639 00e0 13       		.uleb128 0x13
 640 00e1 3F       		.uleb128 0x3f
 641 00e2 19       		.uleb128 0x19
 642 00e3 3C       		.uleb128 0x3c
 643 00e4 19       		.uleb128 0x19
 644 00e5 00       		.byte	0
 645 00e6 00       		.byte	0
 646 00e7 10       		.uleb128 0x10
 647 00e8 35       		.uleb128 0x35
 648 00e9 00       		.byte	0
 649 00ea 49       		.uleb128 0x49
 650 00eb 13       		.uleb128 0x13
 651 00ec 00       		.byte	0
 652 00ed 00       		.byte	0
 653 00ee 11       		.uleb128 0x11
 654 00ef 2E       		.uleb128 0x2e
 655 00f0 00       		.byte	0
 656 00f1 3F       		.uleb128 0x3f
 657 00f2 19       		.uleb128 0x19
 658 00f3 3C       		.uleb128 0x3c
 659 00f4 19       		.uleb128 0x19
ARM GAS  C:\Users\agila\AppData\Local\Temp\cc0EpRWd.s 			page 14


 660 00f5 6E       		.uleb128 0x6e
 661 00f6 0E       		.uleb128 0xe
 662 00f7 03       		.uleb128 0x3
 663 00f8 0E       		.uleb128 0xe
 664 00f9 3A       		.uleb128 0x3a
 665 00fa 0B       		.uleb128 0xb
 666 00fb 3B       		.uleb128 0x3b
 667 00fc 0B       		.uleb128 0xb
 668 00fd 00       		.byte	0
 669 00fe 00       		.byte	0
 670 00ff 00       		.byte	0
 671              		.section	.debug_loc,"",%progbits
 672              	.Ldebug_loc0:
 673              	.LLST0:
 674 0000 00000000 		.4byte	.LVL0
 675 0004 0D000000 		.4byte	.LVL2-1
 676 0008 0100     		.2byte	0x1
 677 000a 50       		.byte	0x50
 678 000b 0D000000 		.4byte	.LVL2-1
 679 000f 16000000 		.4byte	.LVL3
 680 0013 0400     		.2byte	0x4
 681 0015 F3       		.byte	0xf3
 682 0016 01       		.uleb128 0x1
 683 0017 50       		.byte	0x50
 684 0018 9F       		.byte	0x9f
 685 0019 16000000 		.4byte	.LVL3
 686 001d 19000000 		.4byte	.LVL4-1
 687 0021 0100     		.2byte	0x1
 688 0023 50       		.byte	0x50
 689 0024 19000000 		.4byte	.LVL4-1
 690 0028 22000000 		.4byte	.LVL5
 691 002c 0400     		.2byte	0x4
 692 002e F3       		.byte	0xf3
 693 002f 01       		.uleb128 0x1
 694 0030 50       		.byte	0x50
 695 0031 9F       		.byte	0x9f
 696 0032 22000000 		.4byte	.LVL5
 697 0036 24000000 		.4byte	.LVL6
 698 003a 0100     		.2byte	0x1
 699 003c 50       		.byte	0x50
 700 003d 24000000 		.4byte	.LVL6
 701 0041 2E000000 		.4byte	.LFE111
 702 0045 0400     		.2byte	0x4
 703 0047 F3       		.byte	0xf3
 704 0048 01       		.uleb128 0x1
 705 0049 50       		.byte	0x50
 706 004a 9F       		.byte	0x9f
 707 004b 00000000 		.4byte	0
 708 004f 00000000 		.4byte	0
 709              	.LLST1:
 710 0053 02000000 		.4byte	.LVL1
 711 0057 2C000000 		.4byte	.LVL7
 712 005b 0200     		.2byte	0x2
 713 005d 30       		.byte	0x30
 714 005e 9F       		.byte	0x9f
 715 005f 2C000000 		.4byte	.LVL7
 716 0063 2E000000 		.4byte	.LFE111
ARM GAS  C:\Users\agila\AppData\Local\Temp\cc0EpRWd.s 			page 15


 717 0067 0100     		.2byte	0x1
 718 0069 50       		.byte	0x50
 719 006a 00000000 		.4byte	0
 720 006e 00000000 		.4byte	0
 721              		.section	.debug_aranges,"",%progbits
 722 0000 24000000 		.4byte	0x24
 723 0004 0200     		.2byte	0x2
 724 0006 00000000 		.4byte	.Ldebug_info0
 725 000a 04       		.byte	0x4
 726 000b 00       		.byte	0
 727 000c 0000     		.2byte	0
 728 000e 0000     		.2byte	0
 729 0010 00000000 		.4byte	.LFB110
 730 0014 04000000 		.4byte	.LFE110-.LFB110
 731 0018 00000000 		.4byte	.LFB111
 732 001c 2E000000 		.4byte	.LFE111-.LFB111
 733 0020 00000000 		.4byte	0
 734 0024 00000000 		.4byte	0
 735              		.section	.debug_ranges,"",%progbits
 736              	.Ldebug_ranges0:
 737 0000 00000000 		.4byte	.LFB110
 738 0004 04000000 		.4byte	.LFE110
 739 0008 00000000 		.4byte	.LFB111
 740 000c 2E000000 		.4byte	.LFE111
 741 0010 00000000 		.4byte	0
 742 0014 00000000 		.4byte	0
 743              		.section	.debug_line,"",%progbits
 744              	.Ldebug_line0:
 745 0000 69020000 		.section	.debug_str,"MS",%progbits,1
 745      02003B02 
 745      00000201 
 745      FB0E0D00 
 745      01010101 
 746              	.LASF67:
 747 0000 72657375 		.ascii	"result\000"
 747      6C7400
 748              	.LASF36:
 749 0007 52435F45 		.ascii	"RC_ERROR_READ_ONLY\000"
 749      52524F52 
 749      5F524541 
 749      445F4F4E 
 749      4C5900
 750              	.LASF22:
 751 001a 52435F53 		.ascii	"RC_SUCCESS\000"
 751      55434345 
 751      535300
 752              	.LASF37:
 753 0025 52435F45 		.ascii	"RC_ERROR_WRITE_ONLY\000"
 753      52524F52 
 753      5F575249 
 753      54455F4F 
 753      4E4C5900 
 754              	.LASF58:
 755 0039 42757474 		.ascii	"ButtonLeft_Read\000"
 755      6F6E4C65 
 755      66745F52 
 755      65616400 
ARM GAS  C:\Users\agila\AppData\Local\Temp\cc0EpRWd.s 			page 16


 756              	.LASF28:
 757 0049 52435F45 		.ascii	"RC_ERROR_OVERRUN\000"
 757      52524F52 
 757      5F4F5645 
 757      5252554E 
 757      00
 758              	.LASF40:
 759 005a 52435F45 		.ascii	"RC_ERROR_WRITE_FAILS\000"
 759      52524F52 
 759      5F575249 
 759      54455F46 
 759      41494C53 
 760              	.LASF15:
 761 006f 73697A65 		.ascii	"sizetype\000"
 761      74797065 
 761      00
 762              	.LASF25:
 763 0078 52435F45 		.ascii	"RC_ERROR_ZERO\000"
 763      52524F52 
 763      5F5A4552 
 763      4F00
 764              	.LASF19:
 765 0086 45455F46 		.ascii	"EE_FREG\000"
 765      52454700 
 766              	.LASF39:
 767 008e 52435F45 		.ascii	"RC_ERROR_READ_FAILS\000"
 767      52524F52 
 767      5F524541 
 767      445F4641 
 767      494C5300 
 768              	.LASF62:
 769 00a2 443A5C57 		.ascii	"D:\\WS25\\AMAEOS\\Lab\\Workspace01\\ReactionGame.cy"
 769      5332355C 
 769      414D4145 
 769      4F535C4C 
 769      61625C57 
 770 00d0 64736E00 		.ascii	"dsn\000"
 771              	.LASF17:
 772 00d4 45455F55 		.ascii	"EE_UINT32\000"
 772      494E5433 
 772      3200
 773              	.LASF20:
 774 00de 45455F54 		.ascii	"EE_TID\000"
 774      494400
 775              	.LASF45:
 776 00e5 52435F45 		.ascii	"RC_ERROR_INVALID_STATE\000"
 776      52524F52 
 776      5F494E56 
 776      414C4944 
 776      5F535441 
 777              	.LASF56:
 778 00fc 45455F49 		.ascii	"EE_IRQ_nesting_level\000"
 778      52515F6E 
 778      65737469 
 778      6E675F6C 
 778      6576656C 
 779              	.LASF65:
ARM GAS  C:\Users\agila\AppData\Local\Temp\cc0EpRWd.s 			page 17


 780 0111 42555454 		.ascii	"BUTTON_IsPressed\000"
 780      4F4E5F49 
 780      73507265 
 780      73736564 
 780      00
 781              	.LASF55:
 782 0122 45455F73 		.ascii	"EE_std_endcycle_next_tid\000"
 782      74645F65 
 782      6E646379 
 782      636C655F 
 782      6E657874 
 783              	.LASF2:
 784 013b 73686F72 		.ascii	"short int\000"
 784      7420696E 
 784      7400
 785              	.LASF11:
 786 0145 666C6F61 		.ascii	"float\000"
 786      7400
 787              	.LASF47:
 788 014b 52435F45 		.ascii	"RC_ERROR_NOT_IMPLEMENTED\000"
 788      52524F52 
 788      5F4E4F54 
 788      5F494D50 
 788      4C454D45 
 789              	.LASF6:
 790 0164 6C6F6E67 		.ascii	"long long int\000"
 790      206C6F6E 
 790      6720696E 
 790      7400
 791              	.LASF53:
 792 0172 45455F6F 		.ascii	"EE_oo_IRQ_suspend_status\000"
 792      6F5F4952 
 792      515F7375 
 792      7370656E 
 792      645F7374 
 793              	.LASF41:
 794 018b 52435F45 		.ascii	"RC_ERROR_NOT_MATCH\000"
 794      52524F52 
 794      5F4E4F54 
 794      5F4D4154 
 794      434800
 795              	.LASF46:
 796 019e 52435F45 		.ascii	"RC_ERROR_UNKNOWN\000"
 796      52524F52 
 796      5F554E4B 
 796      4E4F574E 
 796      00
 797              	.LASF4:
 798 01af 6C6F6E67 		.ascii	"long int\000"
 798      20696E74 
 798      00
 799              	.LASF29:
 800 01b8 52435F45 		.ascii	"RC_ERROR_UNDERRUN\000"
 800      52524F52 
 800      5F554E44 
 800      45525255 
 800      4E00
ARM GAS  C:\Users\agila\AppData\Local\Temp\cc0EpRWd.s 			page 18


 801              	.LASF61:
 802 01ca 736F7572 		.ascii	"source\\bsw\\LabBoard\\button.c\000"
 802      63655C62 
 802      73775C4C 
 802      6162426F 
 802      6172645C 
 803              	.LASF66:
 804 01e7 62757474 		.ascii	"button\000"
 804      6F6E00
 805              	.LASF32:
 806 01ee 52435F45 		.ascii	"RC_ERROR_BUSY\000"
 806      52524F52 
 806      5F425553 
 806      5900
 807              	.LASF51:
 808 01fc 42555454 		.ascii	"BUTTON_id_t\000"
 808      4F4E5F69 
 808      645F7400 
 809              	.LASF38:
 810 0208 52435F45 		.ascii	"RC_ERROR_INVALID\000"
 810      52524F52 
 810      5F494E56 
 810      414C4944 
 810      00
 811              	.LASF43:
 812 0219 52435F45 		.ascii	"RC_ERROR_BAD_DATA\000"
 812      52524F52 
 812      5F424144 
 812      5F444154 
 812      4100
 813              	.LASF21:
 814 022b 626F6F6C 		.ascii	"boolean_t\000"
 814      65616E5F 
 814      7400
 815              	.LASF14:
 816 0235 6C6F6E67 		.ascii	"long double\000"
 816      20646F75 
 816      626C6500 
 817              	.LASF1:
 818 0241 756E7369 		.ascii	"unsigned char\000"
 818      676E6564 
 818      20636861 
 818      7200
 819              	.LASF59:
 820 024f 42757474 		.ascii	"ButtonRight_Read\000"
 820      6F6E5269 
 820      6768745F 
 820      52656164 
 820      00
 821              	.LASF0:
 822 0260 7369676E 		.ascii	"signed char\000"
 822      65642063 
 822      68617200 
 823              	.LASF7:
 824 026c 6C6F6E67 		.ascii	"long long unsigned int\000"
 824      206C6F6E 
 824      6720756E 
ARM GAS  C:\Users\agila\AppData\Local\Temp\cc0EpRWd.s 			page 19


 824      7369676E 
 824      65642069 
 825              	.LASF8:
 826 0283 756E7369 		.ascii	"unsigned int\000"
 826      676E6564 
 826      20696E74 
 826      00
 827              	.LASF34:
 828 0290 52435F45 		.ascii	"RC_ERROR_OPEN\000"
 828      52524F52 
 828      5F4F5045 
 828      4E00
 829              	.LASF24:
 830 029e 52435F45 		.ascii	"RC_ERROR_NULL\000"
 830      52524F52 
 830      5F4E554C 
 830      4C00
 831              	.LASF31:
 832 02ac 52435F45 		.ascii	"RC_ERROR_BUFFER_EMTPY\000"
 832      52524F52 
 832      5F425546 
 832      4645525F 
 832      454D5450 
 833              	.LASF16:
 834 02c2 45455F49 		.ascii	"EE_INT32\000"
 834      4E543332 
 834      00
 835              	.LASF63:
 836 02cb 65427574 		.ascii	"eButton\000"
 836      746F6E00 
 837              	.LASF3:
 838 02d3 73686F72 		.ascii	"short unsigned int\000"
 838      7420756E 
 838      7369676E 
 838      65642069 
 838      6E7400
 839              	.LASF60:
 840 02e6 474E5520 		.ascii	"GNU C11 5.4.1 20160609 (release) [ARM/embedded-5-br"
 840      43313120 
 840      352E342E 
 840      31203230 
 840      31363036 
 841 0319 616E6368 		.ascii	"anch revision 237715] -mcpu=cortex-m3 -mthumb -g -O"
 841      20726576 
 841      6973696F 
 841      6E203233 
 841      37373135 
 842 034c 67202D66 		.ascii	"g -ffunction-sections -ffat-lto-objects\000"
 842      66756E63 
 842      74696F6E 
 842      2D736563 
 842      74696F6E 
 843              	.LASF64:
 844 0374 42555454 		.ascii	"BUTTON_Init\000"
 844      4F4E5F49 
 844      6E697400 
 845              	.LASF13:
ARM GAS  C:\Users\agila\AppData\Local\Temp\cc0EpRWd.s 			page 20


 846 0380 63686172 		.ascii	"char\000"
 846      00
 847              	.LASF30:
 848 0385 52435F45 		.ascii	"RC_ERROR_BUFFER_FULL\000"
 848      52524F52 
 848      5F425546 
 848      4645525F 
 848      46554C4C 
 849              	.LASF10:
 850 039a 696E7433 		.ascii	"int32_t\000"
 850      325F7400 
 851              	.LASF49:
 852 03a2 42555454 		.ascii	"BUTTON_LEFT\000"
 852      4F4E5F4C 
 852      45465400 
 853              	.LASF42:
 854 03ae 52435F45 		.ascii	"RC_ERROR_BAD_PARAM\000"
 854      52524F52 
 854      5F424144 
 854      5F504152 
 854      414D00
 855              	.LASF54:
 856 03c1 45455F41 		.ascii	"EE_ApplicationMode\000"
 856      70706C69 
 856      63617469 
 856      6F6E4D6F 
 856      646500
 857              	.LASF5:
 858 03d4 6C6F6E67 		.ascii	"long unsigned int\000"
 858      20756E73 
 858      69676E65 
 858      6420696E 
 858      7400
 859              	.LASF12:
 860 03e6 646F7562 		.ascii	"double\000"
 860      6C6500
 861              	.LASF35:
 862 03ed 52435F45 		.ascii	"RC_ERROR_CHECKSUM\000"
 862      52524F52 
 862      5F434845 
 862      434B5355 
 862      4D00
 863              	.LASF18:
 864 03ff 45455F55 		.ascii	"EE_UREG\000"
 864      52454700 
 865              	.LASF27:
 866 0407 52435F45 		.ascii	"RC_ERROR_RANGE\000"
 866      52524F52 
 866      5F52414E 
 866      474500
 867              	.LASF9:
 868 0416 5F5F696E 		.ascii	"__int32_t\000"
 868      7433325F 
 868      7400
 869              	.LASF44:
 870 0420 52435F45 		.ascii	"RC_ERROR_CANCELED\000"
 870      52524F52 
ARM GAS  C:\Users\agila\AppData\Local\Temp\cc0EpRWd.s 			page 21


 870      5F43414E 
 870      43454C45 
 870      4400
 871              	.LASF57:
 872 0432 49544D5F 		.ascii	"ITM_RxBuffer\000"
 872      52784275 
 872      66666572 
 872      00
 873              	.LASF23:
 874 043f 52435F45 		.ascii	"RC_ERROR\000"
 874      52524F52 
 874      00
 875              	.LASF50:
 876 0448 42555454 		.ascii	"BUTTON_RIGHT\000"
 876      4F4E5F52 
 876      49474854 
 876      00
 877              	.LASF26:
 878 0455 52435F45 		.ascii	"RC_ERROR_MEMORY\000"
 878      52524F52 
 878      5F4D454D 
 878      4F525900 
 879              	.LASF52:
 880 0465 45455F6F 		.ascii	"EE_oo_IRQ_disable_count\000"
 880      6F5F4952 
 880      515F6469 
 880      7361626C 
 880      655F636F 
 881              	.LASF48:
 882 047d 52435F74 		.ascii	"RC_t\000"
 882      00
 883              	.LASF33:
 884 0482 52435F45 		.ascii	"RC_ERROR_TIME_OUT\000"
 884      52524F52 
 884      5F54494D 
 884      455F4F55 
 884      5400
 885              		.ident	"GCC: (GNU Tools for ARM Embedded Processors) 5.4.1 20160609 (release) [ARM/embedded-5-bran
