ARM GAS  C:\Users\agila\AppData\Local\Temp\ccSedCnn.s 			page 1


   1              		.syntax unified
   2              		.cpu cortex-m3
   3              		.fpu softvfp
   4              		.eabi_attribute 20, 1
   5              		.eabi_attribute 21, 1
   6              		.eabi_attribute 23, 3
   7              		.eabi_attribute 24, 1
   8              		.eabi_attribute 25, 1
   9              		.eabi_attribute 26, 1
  10              		.eabi_attribute 30, 1
  11              		.eabi_attribute 34, 1
  12              		.eabi_attribute 18, 4
  13              		.thumb
  14              		.syntax unified
  15              		.file	"ErikaOS_eecfg.c"
  16              		.text
  17              	.Ltext0:
  18              		.cfi_sections	.debug_frame
  19              		.global	EE_oo_autostart_task_data
  20              		.comm	EE_ApplicationMode,4,4
  21              		.global	EE_oo_action_ROM
  22              		.comm	EE_oo_counter_object_RAM,48,4
  23              		.global	EE_oo_counter_object_ROM
  24              		.global	EE_ALARM_ID
  25              		.global	EE_ALARM_NAME
  26              		.global	EE_alarm_ROM
  27              		.global	EE_counter_RAM
  28              		.global	EE_counter_ROM
  29              		.global	EE_th_is_extended
  30              		.global	EE_th_waswaiting
  31              		.global	EE_th_event_waitmask
  32              		.global	EE_th_event_active
  33              		.global	EE_th_terminate_nextask
  34              		.global	EE_rq_free
  35              		.comm	EE_rq_pairs_tid,24,4
  36              		.global	EE_rq_pairs_next
  37              		.global	EE_rq_link
  38              		.global	EE_th_rnact_max
  39              		.global	EE_th_rnact
  40              		.global	EE_rq_bitmask
  41              		.global	EE_rq_queues_tail
  42              		.global	EE_rq_queues_head
  43              		.global	EE_sys_ceiling
  44              		.global	EE_stkfirst
  45              		.global	EE_th_next
  46              		.global	EE_th_status
  47              		.global	EE_th_dispatch_prio
  48              		.global	EE_EVENT_ID
  49              		.global	EE_EVENT_NAME
  50              		.global	EE_TASK_NAME
  51              		.global	EE_th_ready_prio
  52              		.global	EE_terminate_real_th_body
  53              		.comm	EE_terminate_data,24,4
  54              		.global	EE_hal_thread_body
  55              		.global	EE_cortex_mx_IRQ_tos
  56              		.global	EE_cortex_mx_active_tos
  57              		.global	EE_cortex_mx_system_tos
ARM GAS  C:\Users\agila\AppData\Local\Temp\ccSedCnn.s 			page 2


  58              		.global	EE_std_thread_tos
  59              		.comm	EE_cortex_mx_stack_9,512,4
  60              		.comm	EE_cortex_mx_stack_4,5000,4
  61              		.section	.rodata
  62              		.align	2
  63              		.type	EE_oo_autostart_task_data, %object
  64              		.size	EE_oo_autostart_task_data, 8
  65              	EE_oo_autostart_task_data:
  66 0000 01000000 		.word	1
  67 0004 08000000 		.word	EE_oo_autostart_task_mode_OSDEFAULTAPPMODE
  68              		.type	EE_oo_autostart_task_mode_OSDEFAULTAPPMODE, %object
  69              		.size	EE_oo_autostart_task_mode_OSDEFAULTAPPMODE, 4
  70              	EE_oo_autostart_task_mode_OSDEFAULTAPPMODE:
  71 0008 00000000 		.space	4
  72              		.type	EE_oo_action_ROM, %object
  73              		.size	EE_oo_action_ROM, 60
  74              	EE_oo_action_ROM:
  75 000c 00       		.byte	0
  76 000d 000000   		.space	3
  77 0010 02000000 		.word	2
  78 0014 00000000 		.word	0
  79 0018 00000000 		.word	0
  80 001c FFFFFFFF 		.word	-1
  81 0020 00       		.byte	0
  82 0021 000000   		.space	3
  83 0024 04000000 		.word	4
  84 0028 00000000 		.word	0
  85 002c 00000000 		.word	0
  86 0030 FFFFFFFF 		.word	-1
  87 0034 00       		.byte	0
  88 0035 000000   		.space	3
  89 0038 05000000 		.word	5
  90 003c 00000000 		.word	0
  91 0040 00000000 		.word	0
  92 0044 FFFFFFFF 		.word	-1
  93              		.type	EE_oo_counter_object_ROM, %object
  94              		.size	EE_oo_counter_object_ROM, 36
  95              	EE_oo_counter_object_ROM:
  96 0048 00000000 		.word	0
  97 004c 00000000 		.word	0
  98 0050 00       		.byte	0
  99 0051 000000   		.space	3
 100 0054 00000000 		.word	0
 101 0058 01000000 		.word	1
 102 005c 00       		.byte	0
 103 005d 000000   		.space	3
 104 0060 00000000 		.word	0
 105 0064 02000000 		.word	2
 106 0068 00       		.byte	0
 107 0069 000000   		.space	3
 108              		.type	EE_ALARM_ID, %object
 109              		.size	EE_ALARM_ID, 12
 110              	EE_ALARM_ID:
 111 006c 00000000 		.word	0
 112 0070 01000000 		.word	1
 113 0074 02000000 		.word	2
 114              		.type	EE_alarm_ROM, %object
ARM GAS  C:\Users\agila\AppData\Local\Temp\ccSedCnn.s 			page 3


 115              		.size	EE_alarm_ROM, 12
 116              	EE_alarm_ROM:
 117 0078 00000000 		.word	0
 118 007c 01000000 		.word	1
 119 0080 02000000 		.word	2
 120              		.type	EE_counter_ROM, %object
 121              		.size	EE_counter_ROM, 12
 122              	EE_counter_ROM:
 123 0084 A0860100 		.word	100000
 124 0088 01000000 		.word	1
 125 008c 00000000 		.word	0
 126              		.type	EE_th_is_extended, %object
 127              		.size	EE_th_is_extended, 24
 128              	EE_th_is_extended:
 129 0090 00000000 		.word	0
 130 0094 00000000 		.word	0
 131 0098 00000000 		.word	0
 132 009c 01000000 		.word	1
 133 00a0 00000000 		.word	0
 134 00a4 00000000 		.word	0
 135              		.type	EE_th_rnact_max, %object
 136              		.size	EE_th_rnact_max, 24
 137              	EE_th_rnact_max:
 138 00a8 01000000 		.word	1
 139 00ac 01000000 		.word	1
 140 00b0 01000000 		.word	1
 141 00b4 01000000 		.word	1
 142 00b8 01000000 		.word	1
 143 00bc 01000000 		.word	1
 144              		.type	EE_th_dispatch_prio, %object
 145              		.size	EE_th_dispatch_prio, 24
 146              	EE_th_dispatch_prio:
 147 00c0 80000000 		.word	128
 148 00c4 01000000 		.word	1
 149 00c8 40000000 		.word	64
 150 00cc 20000000 		.word	32
 151 00d0 04000000 		.word	4
 152 00d4 02000000 		.word	2
 153              		.type	EE_EVENT_ID, %object
 154              		.size	EE_EVENT_ID, 16
 155              	EE_EVENT_ID:
 156 00d8 01000000 		.word	1
 157 00dc 02000000 		.word	2
 158 00e0 04000000 		.word	4
 159 00e4 08000000 		.word	8
 160              		.type	EE_th_ready_prio, %object
 161              		.size	EE_th_ready_prio, 24
 162              	EE_th_ready_prio:
 163 00e8 01000000 		.word	1
 164 00ec 01000000 		.word	1
 165 00f0 40000000 		.word	64
 166 00f4 20000000 		.word	32
 167 00f8 04000000 		.word	4
 168 00fc 02000000 		.word	2
 169              		.type	EE_terminate_real_th_body, %object
 170              		.size	EE_terminate_real_th_body, 24
 171              	EE_terminate_real_th_body:
ARM GAS  C:\Users\agila\AppData\Local\Temp\ccSedCnn.s 			page 4


 172 0100 00000000 		.word	Functsk_init
 173 0104 00000000 		.word	Functsk_background
 174 0108 00000000 		.word	Functsk_timer
 175 010c 00000000 		.word	Functsk_game
 176 0110 00000000 		.word	Functsk_tft
 177 0114 00000000 		.word	Functsk_arcadian
 178              		.type	EE_hal_thread_body, %object
 179              		.size	EE_hal_thread_body, 24
 180              	EE_hal_thread_body:
 181 0118 00000000 		.word	EE_oo_thread_stub
 182 011c 00000000 		.word	EE_oo_thread_stub
 183 0120 00000000 		.word	EE_oo_thread_stub
 184 0124 00000000 		.word	EE_oo_thread_stub
 185 0128 00000000 		.word	EE_oo_thread_stub
 186 012c 00000000 		.word	EE_oo_thread_stub
 187              		.type	EE_std_thread_tos, %object
 188              		.size	EE_std_thread_tos, 28
 189              	EE_std_thread_tos:
 190 0130 00000000 		.word	0
 191 0134 00000000 		.word	0
 192 0138 00000000 		.word	0
 193 013c 00000000 		.word	0
 194 0140 01000000 		.word	1
 195 0144 00000000 		.word	0
 196 0148 00000000 		.word	0
 197              		.data
 198              		.align	2
 199              		.type	EE_ALARM_NAME, %object
 200              		.size	EE_ALARM_NAME, 12
 201              	EE_ALARM_NAME:
 202 0000 00000000 		.word	.LC0
 203 0004 0C000000 		.word	.LC1
 204 0008 18000000 		.word	.LC2
 205              		.type	EE_counter_RAM, %object
 206              		.size	EE_counter_RAM, 8
 207              	EE_counter_RAM:
 208 000c 00000000 		.word	0
 209 0010 FFFFFFFF 		.word	-1
 210              		.type	EE_th_terminate_nextask, %object
 211              		.size	EE_th_terminate_nextask, 24
 212              	EE_th_terminate_nextask:
 213 0014 FFFFFFFF 		.word	-1
 214 0018 FFFFFFFF 		.word	-1
 215 001c FFFFFFFF 		.word	-1
 216 0020 FFFFFFFF 		.word	-1
 217 0024 FFFFFFFF 		.word	-1
 218 0028 FFFFFFFF 		.word	-1
 219              		.type	EE_rq_pairs_next, %object
 220              		.size	EE_rq_pairs_next, 24
 221              	EE_rq_pairs_next:
 222 002c 01000000 		.word	1
 223 0030 02000000 		.word	2
 224 0034 03000000 		.word	3
 225 0038 04000000 		.word	4
 226 003c 05000000 		.word	5
 227 0040 FFFFFFFF 		.word	-1
 228              		.type	EE_rq_link, %object
ARM GAS  C:\Users\agila\AppData\Local\Temp\ccSedCnn.s 			page 5


 229              		.size	EE_rq_link, 24
 230              	EE_rq_link:
 231 0044 00000000 		.word	0
 232 0048 00000000 		.word	0
 233 004c 06000000 		.word	6
 234 0050 05000000 		.word	5
 235 0054 02000000 		.word	2
 236 0058 01000000 		.word	1
 237              		.type	EE_th_rnact, %object
 238              		.size	EE_th_rnact, 24
 239              	EE_th_rnact:
 240 005c 01000000 		.word	1
 241 0060 01000000 		.word	1
 242 0064 01000000 		.word	1
 243 0068 01000000 		.word	1
 244 006c 01000000 		.word	1
 245 0070 01000000 		.word	1
 246              		.type	EE_rq_queues_tail, %object
 247              		.size	EE_rq_queues_tail, 64
 248              	EE_rq_queues_tail:
 249 0074 FFFFFFFF 		.word	-1
 250 0078 FFFFFFFF 		.word	-1
 251 007c FFFFFFFF 		.word	-1
 252 0080 FFFFFFFF 		.word	-1
 253 0084 FFFFFFFF 		.word	-1
 254 0088 FFFFFFFF 		.word	-1
 255 008c FFFFFFFF 		.word	-1
 256 0090 FFFFFFFF 		.word	-1
 257 0094 FFFFFFFF 		.word	-1
 258 0098 FFFFFFFF 		.word	-1
 259 009c FFFFFFFF 		.word	-1
 260 00a0 FFFFFFFF 		.word	-1
 261 00a4 FFFFFFFF 		.word	-1
 262 00a8 FFFFFFFF 		.word	-1
 263 00ac FFFFFFFF 		.word	-1
 264 00b0 FFFFFFFF 		.word	-1
 265              		.type	EE_rq_queues_head, %object
 266              		.size	EE_rq_queues_head, 64
 267              	EE_rq_queues_head:
 268 00b4 FFFFFFFF 		.word	-1
 269 00b8 FFFFFFFF 		.word	-1
 270 00bc FFFFFFFF 		.word	-1
 271 00c0 FFFFFFFF 		.word	-1
 272 00c4 FFFFFFFF 		.word	-1
 273 00c8 FFFFFFFF 		.word	-1
 274 00cc FFFFFFFF 		.word	-1
 275 00d0 FFFFFFFF 		.word	-1
 276 00d4 FFFFFFFF 		.word	-1
 277 00d8 FFFFFFFF 		.word	-1
 278 00dc FFFFFFFF 		.word	-1
 279 00e0 FFFFFFFF 		.word	-1
 280 00e4 FFFFFFFF 		.word	-1
 281 00e8 FFFFFFFF 		.word	-1
 282 00ec FFFFFFFF 		.word	-1
 283 00f0 FFFFFFFF 		.word	-1
 284              		.type	EE_stkfirst, %object
 285              		.size	EE_stkfirst, 4
ARM GAS  C:\Users\agila\AppData\Local\Temp\ccSedCnn.s 			page 6


 286              	EE_stkfirst:
 287 00f4 FFFFFFFF 		.word	-1
 288              		.type	EE_th_next, %object
 289              		.size	EE_th_next, 24
 290              	EE_th_next:
 291 00f8 FFFFFFFF 		.word	-1
 292 00fc FFFFFFFF 		.word	-1
 293 0100 FFFFFFFF 		.word	-1
 294 0104 FFFFFFFF 		.word	-1
 295 0108 FFFFFFFF 		.word	-1
 296 010c FFFFFFFF 		.word	-1
 297              		.type	EE_th_status, %object
 298              		.size	EE_th_status, 24
 299              	EE_th_status:
 300 0110 03000000 		.word	3
 301 0114 03000000 		.word	3
 302 0118 03000000 		.word	3
 303 011c 03000000 		.word	3
 304 0120 03000000 		.word	3
 305 0124 03000000 		.word	3
 306              		.type	EE_EVENT_NAME, %object
 307              		.size	EE_EVENT_NAME, 16
 308              	EE_EVENT_NAME:
 309 0128 24000000 		.word	.LC3
 310 012c 34000000 		.word	.LC4
 311 0130 44000000 		.word	.LC5
 312 0134 54000000 		.word	.LC6
 313              		.type	EE_TASK_NAME, %object
 314              		.size	EE_TASK_NAME, 24
 315              	EE_TASK_NAME:
 316 0138 60000000 		.word	.LC7
 317 013c 6C000000 		.word	.LC8
 318 0140 7C000000 		.word	.LC9
 319 0144 88000000 		.word	.LC10
 320 0148 94000000 		.word	.LC11
 321 014c 9C000000 		.word	.LC12
 322              		.type	EE_cortex_mx_IRQ_tos, %object
 323              		.size	EE_cortex_mx_IRQ_tos, 4
 324              	EE_cortex_mx_IRQ_tos:
 325 0150 00020000 		.word	EE_cortex_mx_stack_9+512
 326              		.type	EE_cortex_mx_system_tos, %object
 327              		.size	EE_cortex_mx_system_tos, 8
 328              	EE_cortex_mx_system_tos:
 329 0154 00000000 		.word	0
 330 0158 60130000 		.word	EE_cortex_mx_stack_4+4960
 331              		.section	.rodata.str1.4,"aMS",%progbits,1
 332              		.align	2
 333              	.LC0:
 334 0000 616C726D 		.ascii	"alrm_Tick1m\000"
 334      5F546963 
 334      6B316D00 
 335              	.LC1:
 336 000c 616C726D 		.ascii	"alrm_tft\000"
 336      5F746674 
 336      00
 337 0015 000000   		.space	3
 338              	.LC2:
ARM GAS  C:\Users\agila\AppData\Local\Temp\ccSedCnn.s 			page 7


 339 0018 616C726D 		.ascii	"alrm_fader\000"
 339      5F666164 
 339      657200
 340 0023 00       		.space	1
 341              	.LC3:
 342 0024 65765F62 		.ascii	"ev_buttonLeft\000"
 342      7574746F 
 342      6E4C6566 
 342      7400
 343 0032 0000     		.space	2
 344              	.LC4:
 345 0034 65765F62 		.ascii	"ev_buttonRight\000"
 345      7574746F 
 345      6E526967 
 345      687400
 346 0043 00       		.space	1
 347              	.LC5:
 348 0044 65765F72 		.ascii	"ev_randomDone\000"
 348      616E646F 
 348      6D446F6E 
 348      6500
 349 0052 0000     		.space	2
 350              	.LC6:
 351 0054 65765F74 		.ascii	"ev_timeout\000"
 351      696D656F 
 351      757400
 352 005f 00       		.space	1
 353              	.LC7:
 354 0060 74736B5F 		.ascii	"tsk_init\000"
 354      696E6974 
 354      00
 355 0069 000000   		.space	3
 356              	.LC8:
 357 006c 74736B5F 		.ascii	"tsk_background\000"
 357      6261636B 
 357      67726F75 
 357      6E6400
 358 007b 00       		.space	1
 359              	.LC9:
 360 007c 74736B5F 		.ascii	"tsk_timer\000"
 360      74696D65 
 360      7200
 361 0086 0000     		.space	2
 362              	.LC10:
 363 0088 74736B5F 		.ascii	"tsk_game\000"
 363      67616D65 
 363      00
 364 0091 000000   		.space	3
 365              	.LC11:
 366 0094 74736B5F 		.ascii	"tsk_tft\000"
 366      74667400 
 367              	.LC12:
 368 009c 74736B5F 		.ascii	"tsk_arcadian\000"
 368      61726361 
 368      6469616E 
 368      00
 369              		.bss
ARM GAS  C:\Users\agila\AppData\Local\Temp\ccSedCnn.s 			page 8


 370              		.align	2
 371              		.type	EE_th_waswaiting, %object
 372              		.size	EE_th_waswaiting, 24
 373              	EE_th_waswaiting:
 374 0000 00000000 		.space	24
 374      00000000 
 374      00000000 
 374      00000000 
 374      00000000 
 375              		.type	EE_th_event_waitmask, %object
 376              		.size	EE_th_event_waitmask, 24
 377              	EE_th_event_waitmask:
 378 0018 00000000 		.space	24
 378      00000000 
 378      00000000 
 378      00000000 
 378      00000000 
 379              		.type	EE_th_event_active, %object
 380              		.size	EE_th_event_active, 24
 381              	EE_th_event_active:
 382 0030 00000000 		.space	24
 382      00000000 
 382      00000000 
 382      00000000 
 382      00000000 
 383              		.type	EE_rq_free, %object
 384              		.size	EE_rq_free, 4
 385              	EE_rq_free:
 386 0048 00000000 		.space	4
 387              		.type	EE_rq_bitmask, %object
 388              		.size	EE_rq_bitmask, 2
 389              	EE_rq_bitmask:
 390 004c 0000     		.space	2
 391 004e 0000     		.space	2
 392              		.type	EE_sys_ceiling, %object
 393              		.size	EE_sys_ceiling, 4
 394              	EE_sys_ceiling:
 395 0050 00000000 		.space	4
 396              		.type	EE_cortex_mx_active_tos, %object
 397              		.size	EE_cortex_mx_active_tos, 4
 398              	EE_cortex_mx_active_tos:
 399 0054 00000000 		.space	4
 400              		.text
 401              	.Letext0:
 402              		.file 1 "Generated_Source\\PSoC5\\ErikaOS_common_ee_types.inc"
 403              		.file 2 "Generated_Source\\PSoC5\\ErikaOS_cortex_mx_ee_cpu.inc"
 404              		.file 3 "Generated_Source\\PSoC5\\ErikaOS_ee_oo_common.inc"
 405              		.file 4 "Generated_Source\\PSoC5\\ErikaOS_common_ee_hal_structs.inc"
 406              		.file 5 "Generated_Source\\PSoC5\\ErikaOS_eecfg.c"
 407              		.file 6 "Generated_Source\\PSoC5\\ErikaOS_ee_oo_intfunc.inc"
 408              		.file 7 "Generated_Source\\PSoC5\\ErikaOS_cortex_mx_ee_context.inc"
 409              		.file 8 "Generated_Source\\PSoC5\\ErikaOS_common_ee_primitives.inc"
 410              		.section	.debug_info,"",%progbits
 411              	.Ldebug_info0:
 412 0000 B3080000 		.4byte	0x8b3
 413 0004 0400     		.2byte	0x4
 414 0006 00000000 		.4byte	.Ldebug_abbrev0
ARM GAS  C:\Users\agila\AppData\Local\Temp\ccSedCnn.s 			page 9


 415 000a 04       		.byte	0x4
 416 000b 01       		.uleb128 0x1
 417 000c FC040000 		.4byte	.LASF112
 418 0010 0C       		.byte	0xc
 419 0011 7B000000 		.4byte	.LASF113
 420 0015 6A070000 		.4byte	.LASF114
 421 0019 00000000 		.4byte	.Ldebug_line0
 422 001d 02       		.uleb128 0x2
 423 001e 01       		.byte	0x1
 424 001f 06       		.byte	0x6
 425 0020 36010000 		.4byte	.LASF0
 426 0024 02       		.uleb128 0x2
 427 0025 01       		.byte	0x1
 428 0026 08       		.byte	0x8
 429 0027 74040000 		.4byte	.LASF1
 430 002b 02       		.uleb128 0x2
 431 002c 02       		.byte	0x2
 432 002d 05       		.byte	0x5
 433 002e B9040000 		.4byte	.LASF2
 434 0032 02       		.uleb128 0x2
 435 0033 02       		.byte	0x2
 436 0034 07       		.byte	0x7
 437 0035 9A020000 		.4byte	.LASF3
 438 0039 02       		.uleb128 0x2
 439 003a 04       		.byte	0x4
 440 003b 05       		.byte	0x5
 441 003c BD010000 		.4byte	.LASF4
 442 0040 02       		.uleb128 0x2
 443 0041 04       		.byte	0x4
 444 0042 07       		.byte	0x7
 445 0043 58020000 		.4byte	.LASF5
 446 0047 02       		.uleb128 0x2
 447 0048 08       		.byte	0x8
 448 0049 05       		.byte	0x5
 449 004a 28010000 		.4byte	.LASF6
 450 004e 02       		.uleb128 0x2
 451 004f 08       		.byte	0x8
 452 0050 07       		.byte	0x7
 453 0051 5E000000 		.4byte	.LASF7
 454 0055 03       		.uleb128 0x3
 455 0056 04       		.byte	0x4
 456 0057 05       		.byte	0x5
 457 0058 696E7400 		.ascii	"int\000"
 458 005c 02       		.uleb128 0x2
 459 005d 04       		.byte	0x4
 460 005e 07       		.byte	0x7
 461 005f 20020000 		.4byte	.LASF8
 462 0063 02       		.uleb128 0x2
 463 0064 08       		.byte	0x8
 464 0065 04       		.byte	0x4
 465 0066 C2030000 		.4byte	.LASF9
 466 006a 04       		.uleb128 0x4
 467 006b 41040000 		.4byte	.LASF10
 468 006f 01       		.byte	0x1
 469 0070 52       		.byte	0x52
 470 0071 32000000 		.4byte	0x32
 471 0075 04       		.uleb128 0x4
ARM GAS  C:\Users\agila\AppData\Local\Temp\ccSedCnn.s 			page 10


 472 0076 05070000 		.4byte	.LASF11
 473 007a 01       		.byte	0x1
 474 007b 53       		.byte	0x53
 475 007c 55000000 		.4byte	0x55
 476 0080 04       		.uleb128 0x4
 477 0081 FB060000 		.4byte	.LASF12
 478 0085 01       		.byte	0x1
 479 0086 54       		.byte	0x54
 480 0087 5C000000 		.4byte	0x5c
 481 008b 04       		.uleb128 0x4
 482 008c 50070000 		.4byte	.LASF13
 483 0090 01       		.byte	0x1
 484 0091 64       		.byte	0x64
 485 0092 96000000 		.4byte	0x96
 486 0096 05       		.uleb128 0x5
 487 0097 04       		.byte	0x4
 488 0098 06       		.uleb128 0x6
 489 0099 04       		.byte	0x4
 490 009a 9E000000 		.4byte	0x9e
 491 009e 07       		.uleb128 0x7
 492 009f 04       		.uleb128 0x4
 493 00a0 45030000 		.4byte	.LASF14
 494 00a4 01       		.byte	0x1
 495 00a5 70       		.byte	0x70
 496 00a6 98000000 		.4byte	0x98
 497 00aa 04       		.uleb128 0x4
 498 00ab 96050000 		.4byte	.LASF15
 499 00af 01       		.byte	0x1
 500 00b0 73       		.byte	0x73
 501 00b1 98000000 		.4byte	0x98
 502 00b5 04       		.uleb128 0x4
 503 00b6 2D020000 		.4byte	.LASF16
 504 00ba 02       		.byte	0x2
 505 00bb 4D       		.byte	0x4d
 506 00bc 80000000 		.4byte	0x80
 507 00c0 04       		.uleb128 0x4
 508 00c1 E4030000 		.4byte	.LASF17
 509 00c5 02       		.byte	0x2
 510 00c6 4E       		.byte	0x4e
 511 00c7 75000000 		.4byte	0x75
 512 00cb 04       		.uleb128 0x4
 513 00cc 9C070000 		.4byte	.LASF18
 514 00d0 02       		.byte	0x2
 515 00d1 4F       		.byte	0x4f
 516 00d2 80000000 		.4byte	0x80
 517 00d6 04       		.uleb128 0x4
 518 00d7 3D000000 		.4byte	.LASF19
 519 00db 02       		.byte	0x2
 520 00dc 54       		.byte	0x54
 521 00dd B5000000 		.4byte	0xb5
 522 00e1 04       		.uleb128 0x4
 523 00e2 13020000 		.4byte	.LASF20
 524 00e6 02       		.byte	0x2
 525 00e7 78       		.byte	0x78
 526 00e8 75000000 		.4byte	0x75
 527 00ec 08       		.uleb128 0x8
 528 00ed DA000000 		.4byte	.LASF61
ARM GAS  C:\Users\agila\AppData\Local\Temp\ccSedCnn.s 			page 11


 529 00f1 04       		.byte	0x4
 530 00f2 04       		.byte	0x4
 531 00f3 4D       		.byte	0x4d
 532 00f4 05010000 		.4byte	0x105
 533 00f8 09       		.uleb128 0x9
 534 00f9 3C070000 		.4byte	.LASF28
 535 00fd 04       		.byte	0x4
 536 00fe 4E       		.byte	0x4e
 537 00ff 8B000000 		.4byte	0x8b
 538 0103 00       		.byte	0
 539 0104 00       		.byte	0
 540 0105 0A       		.uleb128 0xa
 541 0106 A9030000 		.4byte	.LASF21
 542 010a 03       		.byte	0x3
 543 010b 1101     		.2byte	0x111
 544 010d 6A000000 		.4byte	0x6a
 545 0111 0A       		.uleb128 0xa
 546 0112 D1000000 		.4byte	.LASF22
 547 0116 03       		.byte	0x3
 548 0117 F701     		.2byte	0x1f7
 549 0119 E1000000 		.4byte	0xe1
 550 011d 0A       		.uleb128 0xa
 551 011e 59010000 		.4byte	.LASF23
 552 0122 03       		.byte	0x3
 553 0123 2C02     		.2byte	0x22c
 554 0125 B5000000 		.4byte	0xb5
 555 0129 0A       		.uleb128 0xa
 556 012a 1D000000 		.4byte	.LASF24
 557 012e 03       		.byte	0x3
 558 012f 3502     		.2byte	0x235
 559 0131 B5000000 		.4byte	0xb5
 560 0135 0A       		.uleb128 0xa
 561 0136 EF050000 		.4byte	.LASF25
 562 013a 03       		.byte	0x3
 563 013b 5D02     		.2byte	0x25d
 564 013d B5000000 		.4byte	0xb5
 565 0141 0A       		.uleb128 0xa
 566 0142 32000000 		.4byte	.LASF26
 567 0146 03       		.byte	0x3
 568 0147 6302     		.2byte	0x263
 569 0149 B5000000 		.4byte	0xb5
 570 014d 0A       		.uleb128 0xa
 571 014e 56030000 		.4byte	.LASF27
 572 0152 03       		.byte	0x3
 573 0153 6C02     		.2byte	0x26c
 574 0155 B5000000 		.4byte	0xb5
 575 0159 0B       		.uleb128 0xb
 576 015a 0C       		.byte	0xc
 577 015b 03       		.byte	0x3
 578 015c 7202     		.2byte	0x272
 579 015e 8A010000 		.4byte	0x18a
 580 0162 0C       		.uleb128 0xc
 581 0163 E1000000 		.4byte	.LASF29
 582 0167 03       		.byte	0x3
 583 0168 7302     		.2byte	0x273
 584 016a 29010000 		.4byte	0x129
 585 016e 00       		.byte	0
ARM GAS  C:\Users\agila\AppData\Local\Temp\ccSedCnn.s 			page 12


 586 016f 0C       		.uleb128 0xc
 587 0170 EC030000 		.4byte	.LASF30
 588 0174 03       		.byte	0x3
 589 0175 7402     		.2byte	0x274
 590 0177 29010000 		.4byte	0x129
 591 017b 04       		.byte	0x4
 592 017c 0C       		.uleb128 0xc
 593 017d 0A020000 		.4byte	.LASF31
 594 0181 03       		.byte	0x3
 595 0182 7502     		.2byte	0x275
 596 0184 29010000 		.4byte	0x129
 597 0188 08       		.byte	0x8
 598 0189 00       		.byte	0
 599 018a 0A       		.uleb128 0xa
 600 018b E5040000 		.4byte	.LASF32
 601 018f 03       		.byte	0x3
 602 0190 7A02     		.2byte	0x27a
 603 0192 59010000 		.4byte	0x159
 604 0196 0B       		.uleb128 0xb
 605 0197 08       		.byte	0x8
 606 0198 03       		.byte	0x3
 607 0199 7D02     		.2byte	0x27d
 608 019b BA010000 		.4byte	0x1ba
 609 019f 0C       		.uleb128 0xc
 610 01a0 1A020000 		.4byte	.LASF33
 611 01a4 03       		.byte	0x3
 612 01a5 7E02     		.2byte	0x27e
 613 01a7 29010000 		.4byte	0x129
 614 01ab 00       		.byte	0
 615 01ac 0C       		.uleb128 0xc
 616 01ad E9050000 		.4byte	.LASF34
 617 01b1 03       		.byte	0x3
 618 01b2 7F02     		.2byte	0x27f
 619 01b4 35010000 		.4byte	0x135
 620 01b8 04       		.byte	0x4
 621 01b9 00       		.byte	0
 622 01ba 0A       		.uleb128 0xa
 623 01bb 9A010000 		.4byte	.LASF35
 624 01bf 03       		.byte	0x3
 625 01c0 8002     		.2byte	0x280
 626 01c2 96010000 		.4byte	0x196
 627 01c6 0D       		.uleb128 0xd
 628 01c7 01       		.byte	0x1
 629 01c8 24000000 		.4byte	0x24
 630 01cc 03       		.byte	0x3
 631 01cd 8A02     		.2byte	0x28a
 632 01cf E0010000 		.4byte	0x1e0
 633 01d3 0E       		.uleb128 0xe
 634 01d4 82040000 		.4byte	.LASF36
 635 01d8 00       		.byte	0
 636 01d9 0E       		.uleb128 0xe
 637 01da 4B040000 		.4byte	.LASF37
 638 01de 01       		.byte	0x1
 639 01df 00       		.byte	0
 640 01e0 0A       		.uleb128 0xa
 641 01e1 C5020000 		.4byte	.LASF38
 642 01e5 03       		.byte	0x3
ARM GAS  C:\Users\agila\AppData\Local\Temp\ccSedCnn.s 			page 13


 643 01e6 8D02     		.2byte	0x28d
 644 01e8 C6010000 		.4byte	0x1c6
 645 01ec 0A       		.uleb128 0xa
 646 01ed F1020000 		.4byte	.LASF39
 647 01f1 03       		.byte	0x3
 648 01f2 9002     		.2byte	0x290
 649 01f4 E0010000 		.4byte	0x1e0
 650 01f8 0B       		.uleb128 0xb
 651 01f9 0C       		.byte	0xc
 652 01fa 03       		.byte	0x3
 653 01fb 9402     		.2byte	0x294
 654 01fd 27020000 		.4byte	0x227
 655 0201 0F       		.uleb128 0xf
 656 0202 6300     		.ascii	"c\000"
 657 0204 03       		.byte	0x3
 658 0205 9602     		.2byte	0x296
 659 0207 4D010000 		.4byte	0x14d
 660 020b 00       		.byte	0
 661 020c 0C       		.uleb128 0xc
 662 020d 46060000 		.4byte	.LASF40
 663 0211 03       		.byte	0x3
 664 0212 9802     		.2byte	0x298
 665 0214 35010000 		.4byte	0x135
 666 0218 04       		.byte	0x4
 667 0219 0C       		.uleb128 0xc
 668 021a 95020000 		.4byte	.LASF41
 669 021e 03       		.byte	0x3
 670 021f 9A02     		.2byte	0x29a
 671 0221 EC010000 		.4byte	0x1ec
 672 0225 08       		.byte	0x8
 673 0226 00       		.byte	0
 674 0227 0A       		.uleb128 0xa
 675 0228 A2000000 		.4byte	.LASF42
 676 022c 03       		.byte	0x3
 677 022d 9B02     		.2byte	0x29b
 678 022f F8010000 		.4byte	0x1f8
 679 0233 0B       		.uleb128 0xb
 680 0234 10       		.byte	0x10
 681 0235 03       		.byte	0x3
 682 0236 9F02     		.2byte	0x29f
 683 0238 71020000 		.4byte	0x271
 684 023c 0C       		.uleb128 0xc
 685 023d F9030000 		.4byte	.LASF43
 686 0241 03       		.byte	0x3
 687 0242 A002     		.2byte	0x2a0
 688 0244 D6000000 		.4byte	0xd6
 689 0248 00       		.byte	0
 690 0249 0C       		.uleb128 0xc
 691 024a 33070000 		.4byte	.LASF44
 692 024e 03       		.byte	0x3
 693 024f A102     		.2byte	0x2a1
 694 0251 29010000 		.4byte	0x129
 695 0255 04       		.byte	0x4
 696 0256 0C       		.uleb128 0xc
 697 0257 75000000 		.4byte	.LASF45
 698 025b 03       		.byte	0x3
 699 025c A202     		.2byte	0x2a2
ARM GAS  C:\Users\agila\AppData\Local\Temp\ccSedCnn.s 			page 14


 700 025e 29010000 		.4byte	0x129
 701 0262 08       		.byte	0x8
 702 0263 0C       		.uleb128 0xc
 703 0264 00000000 		.4byte	.LASF46
 704 0268 03       		.byte	0x3
 705 0269 A302     		.2byte	0x2a3
 706 026b 35010000 		.4byte	0x135
 707 026f 0C       		.byte	0xc
 708 0270 00       		.byte	0
 709 0271 0A       		.uleb128 0xa
 710 0272 FE030000 		.4byte	.LASF47
 711 0276 03       		.byte	0x3
 712 0277 A402     		.2byte	0x2a4
 713 0279 33020000 		.4byte	0x233
 714 027d 0D       		.uleb128 0xd
 715 027e 01       		.byte	0x1
 716 027f 24000000 		.4byte	0x24
 717 0283 03       		.byte	0x3
 718 0284 A702     		.2byte	0x2a7
 719 0286 A3020000 		.4byte	0x2a3
 720 028a 0E       		.uleb128 0xe
 721 028b 06060000 		.4byte	.LASF48
 722 028f 00       		.byte	0
 723 0290 0E       		.uleb128 0xe
 724 0291 4E060000 		.4byte	.LASF49
 725 0295 01       		.byte	0x1
 726 0296 0E       		.uleb128 0xe
 727 0297 25060000 		.4byte	.LASF50
 728 029b 02       		.byte	0x2
 729 029c 0E       		.uleb128 0xe
 730 029d C8050000 		.4byte	.LASF51
 731 02a1 03       		.byte	0x3
 732 02a2 00       		.byte	0
 733 02a3 0A       		.uleb128 0xa
 734 02a4 42010000 		.4byte	.LASF52
 735 02a8 03       		.byte	0x3
 736 02a9 AC02     		.2byte	0x2ac
 737 02ab 7D020000 		.4byte	0x27d
 738 02af 0A       		.uleb128 0xa
 739 02b0 AA060000 		.4byte	.LASF53
 740 02b4 03       		.byte	0x3
 741 02b5 AF02     		.2byte	0x2af
 742 02b7 A3020000 		.4byte	0x2a3
 743 02bb 0B       		.uleb128 0xb
 744 02bc 14       		.byte	0x14
 745 02bd 03       		.byte	0x3
 746 02be B202     		.2byte	0x2b2
 747 02c0 04030000 		.4byte	0x304
 748 02c4 0C       		.uleb128 0xc
 749 02c5 80060000 		.4byte	.LASF54
 750 02c9 03       		.byte	0x3
 751 02ca B302     		.2byte	0x2b3
 752 02cc AF020000 		.4byte	0x2af
 753 02d0 00       		.byte	0
 754 02d1 0C       		.uleb128 0xc
 755 02d2 44070000 		.4byte	.LASF55
 756 02d6 03       		.byte	0x3
ARM GAS  C:\Users\agila\AppData\Local\Temp\ccSedCnn.s 			page 15


 757 02d7 B402     		.2byte	0x2b4
 758 02d9 11010000 		.4byte	0x111
 759 02dd 04       		.byte	0x4
 760 02de 0C       		.uleb128 0xc
 761 02df 8A050000 		.4byte	.LASF56
 762 02e3 03       		.byte	0x3
 763 02e4 B602     		.2byte	0x2b6
 764 02e6 1D010000 		.4byte	0x11d
 765 02ea 08       		.byte	0x8
 766 02eb 0F       		.uleb128 0xf
 767 02ec 6600     		.ascii	"f\000"
 768 02ee 03       		.byte	0x3
 769 02ef B802     		.2byte	0x2b8
 770 02f1 9F000000 		.4byte	0x9f
 771 02f5 0C       		.byte	0xc
 772 02f6 0C       		.uleb128 0xc
 773 02f7 B0040000 		.4byte	.LASF57
 774 02fb 03       		.byte	0x3
 775 02fc BA02     		.2byte	0x2ba
 776 02fe 4D010000 		.4byte	0x14d
 777 0302 10       		.byte	0x10
 778 0303 00       		.byte	0
 779 0304 0A       		.uleb128 0xa
 780 0305 2B040000 		.4byte	.LASF58
 781 0309 03       		.byte	0x3
 782 030a BB02     		.2byte	0x2bb
 783 030c BB020000 		.4byte	0x2bb
 784 0310 0B       		.uleb128 0xb
 785 0311 04       		.byte	0x4
 786 0312 03       		.byte	0x3
 787 0313 BD02     		.2byte	0x2bd
 788 0315 27030000 		.4byte	0x327
 789 0319 0C       		.uleb128 0xc
 790 031a 7B030000 		.4byte	.LASF59
 791 031e 03       		.byte	0x3
 792 031f BF02     		.2byte	0x2bf
 793 0321 41010000 		.4byte	0x141
 794 0325 00       		.byte	0
 795 0326 00       		.byte	0
 796 0327 0A       		.uleb128 0xa
 797 0328 35020000 		.4byte	.LASF60
 798 032c 03       		.byte	0x3
 799 032d C402     		.2byte	0x2c4
 800 032f 10030000 		.4byte	0x310
 801 0333 10       		.uleb128 0x10
 802 0334 7B020000 		.4byte	.LASF62
 803 0338 08       		.byte	0x8
 804 0339 03       		.byte	0x3
 805 033a 0E04     		.2byte	0x40e
 806 033c 5A030000 		.4byte	0x35a
 807 0340 0F       		.uleb128 0xf
 808 0341 6E7400   		.ascii	"nt\000"
 809 0344 03       		.byte	0x3
 810 0345 0F04     		.2byte	0x40f
 811 0347 B5000000 		.4byte	0xb5
 812 034b 00       		.byte	0
 813 034c 0C       		.uleb128 0xc
ARM GAS  C:\Users\agila\AppData\Local\Temp\ccSedCnn.s 			page 16


 814 034d 8C060000 		.4byte	.LASF63
 815 0351 03       		.byte	0x3
 816 0352 1004     		.2byte	0x410
 817 0354 6A030000 		.4byte	0x36a
 818 0358 04       		.byte	0x4
 819 0359 00       		.byte	0
 820 035a 11       		.uleb128 0x11
 821 035b 65030000 		.4byte	0x365
 822 035f 65030000 		.4byte	0x365
 823 0363 12       		.uleb128 0x12
 824 0364 00       		.byte	0
 825 0365 13       		.uleb128 0x13
 826 0366 E1000000 		.4byte	0xe1
 827 036a 06       		.uleb128 0x6
 828 036b 04       		.byte	0x4
 829 036c 5A030000 		.4byte	0x35a
 830 0370 11       		.uleb128 0x11
 831 0371 65030000 		.4byte	0x365
 832 0375 80030000 		.4byte	0x380
 833 0379 14       		.uleb128 0x14
 834 037a 80030000 		.4byte	0x380
 835 037e 00       		.byte	0
 836 037f 00       		.byte	0
 837 0380 02       		.uleb128 0x2
 838 0381 04       		.byte	0x4
 839 0382 07       		.byte	0x7
 840 0383 B9030000 		.4byte	.LASF64
 841 0387 15       		.uleb128 0x15
 842 0388 F1000000 		.4byte	.LASF115
 843 038c 05       		.byte	0x5
 844 038d 6507     		.2byte	0x765
 845 038f 99030000 		.4byte	0x399
 846 0393 05       		.uleb128 0x5
 847 0394 03       		.byte	0x3
 848 0395 08000000 		.4byte	EE_oo_autostart_task_mode_OSDEFAULTAPPMODE
 849 0399 13       		.uleb128 0x13
 850 039a 70030000 		.4byte	0x370
 851 039e 11       		.uleb128 0x11
 852 039f AE030000 		.4byte	0x3ae
 853 03a3 AE030000 		.4byte	0x3ae
 854 03a7 14       		.uleb128 0x14
 855 03a8 80030000 		.4byte	0x380
 856 03ac 05       		.byte	0x5
 857 03ad 00       		.byte	0
 858 03ae 13       		.uleb128 0x13
 859 03af AA000000 		.4byte	0xaa
 860 03b3 16       		.uleb128 0x16
 861 03b4 5E060000 		.4byte	.LASF65
 862 03b8 05       		.byte	0x5
 863 03b9 D2       		.byte	0xd2
 864 03ba C4030000 		.4byte	0x3c4
 865 03be 05       		.uleb128 0x5
 866 03bf 03       		.byte	0x3
 867 03c0 00000000 		.4byte	EE_hal_thread_body
 868 03c4 13       		.uleb128 0x13
 869 03c5 9E030000 		.4byte	0x39e
 870 03c9 11       		.uleb128 0x11
ARM GAS  C:\Users\agila\AppData\Local\Temp\ccSedCnn.s 			page 17


 871 03ca D9030000 		.4byte	0x3d9
 872 03ce D9030000 		.4byte	0x3d9
 873 03d2 14       		.uleb128 0x14
 874 03d3 80030000 		.4byte	0x380
 875 03d7 06       		.byte	0x6
 876 03d8 00       		.byte	0
 877 03d9 13       		.uleb128 0x13
 878 03da B5000000 		.4byte	0xb5
 879 03de 16       		.uleb128 0x16
 880 03df B6050000 		.4byte	.LASF66
 881 03e3 05       		.byte	0x5
 882 03e4 71       		.byte	0x71
 883 03e5 EF030000 		.4byte	0x3ef
 884 03e9 05       		.uleb128 0x5
 885 03ea 03       		.byte	0x3
 886 03eb 00000000 		.4byte	EE_std_thread_tos
 887 03ef 13       		.uleb128 0x13
 888 03f0 C9030000 		.4byte	0x3c9
 889 03f4 11       		.uleb128 0x11
 890 03f5 80000000 		.4byte	0x80
 891 03f9 04040000 		.4byte	0x404
 892 03fd 14       		.uleb128 0x14
 893 03fe 80030000 		.4byte	0x380
 894 0402 05       		.byte	0x5
 895 0403 00       		.byte	0
 896 0404 16       		.uleb128 0x16
 897 0405 0E070000 		.4byte	.LASF67
 898 0409 05       		.byte	0x5
 899 040a ED       		.byte	0xed
 900 040b F4030000 		.4byte	0x3f4
 901 040f 05       		.uleb128 0x5
 902 0410 03       		.byte	0x3
 903 0411 00000000 		.4byte	EE_terminate_data
 904 0415 16       		.uleb128 0x16
 905 0416 96040000 		.4byte	.LASF68
 906 041a 05       		.byte	0x5
 907 041b F0       		.byte	0xf0
 908 041c 26040000 		.4byte	0x426
 909 0420 05       		.uleb128 0x5
 910 0421 03       		.byte	0x3
 911 0422 00000000 		.4byte	EE_terminate_real_th_body
 912 0426 13       		.uleb128 0x13
 913 0427 9E030000 		.4byte	0x39e
 914 042b 11       		.uleb128 0x11
 915 042c EC000000 		.4byte	0xec
 916 0430 3B040000 		.4byte	0x43b
 917 0434 14       		.uleb128 0x14
 918 0435 80030000 		.4byte	0x380
 919 0439 01       		.byte	0x1
 920 043a 00       		.byte	0
 921 043b 16       		.uleb128 0x16
 922 043c 5C040000 		.4byte	.LASF69
 923 0440 05       		.byte	0x5
 924 0441 8D       		.byte	0x8d
 925 0442 2B040000 		.4byte	0x42b
 926 0446 05       		.uleb128 0x5
 927 0447 03       		.byte	0x3
ARM GAS  C:\Users\agila\AppData\Local\Temp\ccSedCnn.s 			page 18


 928 0448 00000000 		.4byte	EE_cortex_mx_system_tos
 929 044c 16       		.uleb128 0x16
 930 044d 82010000 		.4byte	.LASF70
 931 0451 05       		.byte	0x5
 932 0452 A9       		.byte	0xa9
 933 0453 B5000000 		.4byte	0xb5
 934 0457 05       		.uleb128 0x5
 935 0458 03       		.byte	0x3
 936 0459 00000000 		.4byte	EE_cortex_mx_active_tos
 937 045d 11       		.uleb128 0x11
 938 045e D9030000 		.4byte	0x3d9
 939 0462 6D040000 		.4byte	0x46d
 940 0466 14       		.uleb128 0x14
 941 0467 80030000 		.4byte	0x380
 942 046b 05       		.byte	0x5
 943 046c 00       		.byte	0
 944 046d 17       		.uleb128 0x17
 945 046e 15060000 		.4byte	.LASF71
 946 0472 05       		.byte	0x5
 947 0473 E202     		.2byte	0x2e2
 948 0475 7F040000 		.4byte	0x47f
 949 0479 05       		.uleb128 0x5
 950 047a 03       		.byte	0x3
 951 047b 00000000 		.4byte	EE_th_rnact_max
 952 047f 13       		.uleb128 0x13
 953 0480 5D040000 		.4byte	0x45d
 954 0484 17       		.uleb128 0x17
 955 0485 B9060000 		.4byte	.LASF72
 956 0489 05       		.byte	0x5
 957 048a 0C01     		.2byte	0x10c
 958 048c 96040000 		.4byte	0x496
 959 0490 05       		.uleb128 0x5
 960 0491 03       		.byte	0x3
 961 0492 00000000 		.4byte	EE_th_ready_prio
 962 0496 13       		.uleb128 0x13
 963 0497 5D040000 		.4byte	0x45d
 964 049b 17       		.uleb128 0x17
 965 049c 07030000 		.4byte	.LASF73
 966 04a0 05       		.byte	0x5
 967 04a1 4502     		.2byte	0x245
 968 04a3 AD040000 		.4byte	0x4ad
 969 04a7 05       		.uleb128 0x5
 970 04a8 03       		.byte	0x3
 971 04a9 00000000 		.4byte	EE_th_dispatch_prio
 972 04ad 13       		.uleb128 0x13
 973 04ae 5D040000 		.4byte	0x45d
 974 04b2 11       		.uleb128 0x11
 975 04b3 C2040000 		.4byte	0x4c2
 976 04b7 C2040000 		.4byte	0x4c2
 977 04bb 14       		.uleb128 0x14
 978 04bc 80030000 		.4byte	0x380
 979 04c0 05       		.byte	0x5
 980 04c1 00       		.byte	0
 981 04c2 06       		.uleb128 0x6
 982 04c3 04       		.byte	0x4
 983 04c4 CF040000 		.4byte	0x4cf
 984 04c8 02       		.uleb128 0x2
ARM GAS  C:\Users\agila\AppData\Local\Temp\ccSedCnn.s 			page 19


 985 04c9 01       		.byte	0x1
 986 04ca 08       		.byte	0x8
 987 04cb 01060000 		.4byte	.LASF74
 988 04cf 13       		.uleb128 0x13
 989 04d0 C8040000 		.4byte	0x4c8
 990 04d4 17       		.uleb128 0x17
 991 04d5 D8040000 		.4byte	.LASF75
 992 04d9 05       		.byte	0x5
 993 04da 2801     		.2byte	0x128
 994 04dc B2040000 		.4byte	0x4b2
 995 04e0 05       		.uleb128 0x5
 996 04e1 03       		.byte	0x3
 997 04e2 00000000 		.4byte	EE_TASK_NAME
 998 04e6 11       		.uleb128 0x11
 999 04e7 C2040000 		.4byte	0x4c2
 1000 04eb F6040000 		.4byte	0x4f6
 1001 04ef 14       		.uleb128 0x14
 1002 04f0 80030000 		.4byte	0x380
 1003 04f4 03       		.byte	0x3
 1004 04f5 00       		.byte	0
 1005 04f6 17       		.uleb128 0x17
 1006 04f7 67010000 		.4byte	.LASF76
 1007 04fb 05       		.byte	0x5
 1008 04fc 8101     		.2byte	0x181
 1009 04fe E6040000 		.4byte	0x4e6
 1010 0502 05       		.uleb128 0x5
 1011 0503 03       		.byte	0x3
 1012 0504 00000000 		.4byte	EE_EVENT_NAME
 1013 0508 11       		.uleb128 0x11
 1014 0509 C2040000 		.4byte	0x4c2
 1015 050d 18050000 		.4byte	0x518
 1016 0511 14       		.uleb128 0x14
 1017 0512 80030000 		.4byte	0x380
 1018 0516 02       		.byte	0x2
 1019 0517 00       		.byte	0
 1020 0518 17       		.uleb128 0x17
 1021 0519 4A020000 		.4byte	.LASF77
 1022 051d 05       		.byte	0x5
 1023 051e 3D06     		.2byte	0x63d
 1024 0520 08050000 		.4byte	0x508
 1025 0524 05       		.uleb128 0x5
 1026 0525 03       		.byte	0x3
 1027 0526 00000000 		.4byte	EE_ALARM_NAME
 1028 052a 11       		.uleb128 0x11
 1029 052b 3A050000 		.4byte	0x53a
 1030 052f 3A050000 		.4byte	0x53a
 1031 0533 14       		.uleb128 0x14
 1032 0534 80030000 		.4byte	0x380
 1033 0538 03       		.byte	0x3
 1034 0539 00       		.byte	0
 1035 053a 13       		.uleb128 0x13
 1036 053b 40000000 		.4byte	0x40
 1037 053f 17       		.uleb128 0x17
 1038 0540 B1010000 		.4byte	.LASF78
 1039 0544 05       		.byte	0x5
 1040 0545 E201     		.2byte	0x1e2
 1041 0547 51050000 		.4byte	0x551
ARM GAS  C:\Users\agila\AppData\Local\Temp\ccSedCnn.s 			page 20


 1042 054b 05       		.uleb128 0x5
 1043 054c 03       		.byte	0x3
 1044 054d 00000000 		.4byte	EE_EVENT_ID
 1045 0551 13       		.uleb128 0x13
 1046 0552 2A050000 		.4byte	0x52a
 1047 0556 11       		.uleb128 0x11
 1048 0557 3A050000 		.4byte	0x53a
 1049 055b 66050000 		.4byte	0x566
 1050 055f 14       		.uleb128 0x14
 1051 0560 80030000 		.4byte	0x380
 1052 0564 02       		.byte	0x2
 1053 0565 00       		.byte	0
 1054 0566 17       		.uleb128 0x17
 1055 0567 1C010000 		.4byte	.LASF79
 1056 056b 05       		.byte	0x5
 1057 056c 5906     		.2byte	0x659
 1058 056e 78050000 		.4byte	0x578
 1059 0572 05       		.uleb128 0x5
 1060 0573 03       		.byte	0x3
 1061 0574 00000000 		.4byte	EE_ALARM_ID
 1062 0578 13       		.uleb128 0x13
 1063 0579 56050000 		.4byte	0x556
 1064 057d 11       		.uleb128 0x11
 1065 057e B5000000 		.4byte	0xb5
 1066 0582 8D050000 		.4byte	0x58d
 1067 0586 14       		.uleb128 0x14
 1068 0587 80030000 		.4byte	0x380
 1069 058b 05       		.byte	0x5
 1070 058c 00       		.byte	0
 1071 058d 17       		.uleb128 0x17
 1072 058e E4020000 		.4byte	.LASF80
 1073 0592 05       		.byte	0x5
 1074 0593 8102     		.2byte	0x281
 1075 0595 7D050000 		.4byte	0x57d
 1076 0599 05       		.uleb128 0x5
 1077 059a 03       		.byte	0x3
 1078 059b 00000000 		.4byte	EE_th_status
 1079 059f 11       		.uleb128 0x11
 1080 05a0 E1000000 		.4byte	0xe1
 1081 05a4 AF050000 		.4byte	0x5af
 1082 05a8 14       		.uleb128 0x14
 1083 05a9 80030000 		.4byte	0x380
 1084 05ad 05       		.byte	0x5
 1085 05ae 00       		.byte	0
 1086 05af 17       		.uleb128 0x17
 1087 05b0 8B040000 		.4byte	.LASF81
 1088 05b4 05       		.byte	0x5
 1089 05b5 9D02     		.2byte	0x29d
 1090 05b7 9F050000 		.4byte	0x59f
 1091 05bb 05       		.uleb128 0x5
 1092 05bc 03       		.byte	0x3
 1093 05bd 00000000 		.4byte	EE_th_next
 1094 05c1 17       		.uleb128 0x17
 1095 05c2 CA060000 		.4byte	.LASF82
 1096 05c6 05       		.byte	0x5
 1097 05c7 C702     		.2byte	0x2c7
 1098 05c9 7D050000 		.4byte	0x57d
ARM GAS  C:\Users\agila\AppData\Local\Temp\ccSedCnn.s 			page 21


 1099 05cd 05       		.uleb128 0x5
 1100 05ce 03       		.byte	0x3
 1101 05cf 00000000 		.4byte	EE_th_rnact
 1102 05d3 17       		.uleb128 0x17
 1103 05d4 05000000 		.4byte	.LASF83
 1104 05d8 05       		.byte	0x5
 1105 05d9 7703     		.2byte	0x377
 1106 05db 9F050000 		.4byte	0x59f
 1107 05df 05       		.uleb128 0x5
 1108 05e0 03       		.byte	0x3
 1109 05e1 00000000 		.4byte	EE_th_terminate_nextask
 1110 05e5 17       		.uleb128 0x17
 1111 05e6 26000000 		.4byte	.LASF84
 1112 05ea 05       		.byte	0x5
 1113 05eb B902     		.2byte	0x2b9
 1114 05ed E1000000 		.4byte	0xe1
 1115 05f1 05       		.uleb128 0x5
 1116 05f2 03       		.byte	0x3
 1117 05f3 00000000 		.4byte	EE_stkfirst
 1118 05f7 17       		.uleb128 0x17
 1119 05f8 71060000 		.4byte	.LASF85
 1120 05fc 05       		.byte	0x5
 1121 05fd BC02     		.2byte	0x2bc
 1122 05ff B5000000 		.4byte	0xb5
 1123 0603 05       		.uleb128 0x5
 1124 0604 03       		.byte	0x3
 1125 0605 00000000 		.4byte	EE_sys_ceiling
 1126 0609 17       		.uleb128 0x17
 1127 060a D9030000 		.4byte	.LASF86
 1128 060e 05       		.byte	0x5
 1129 060f FD02     		.2byte	0x2fd
 1130 0611 7D050000 		.4byte	0x57d
 1131 0615 05       		.uleb128 0x5
 1132 0616 03       		.byte	0x3
 1133 0617 00000000 		.4byte	EE_rq_link
 1134 061b 11       		.uleb128 0x11
 1135 061c C0000000 		.4byte	0xc0
 1136 0620 2B060000 		.4byte	0x62b
 1137 0624 14       		.uleb128 0x14
 1138 0625 80030000 		.4byte	0x380
 1139 0629 0F       		.byte	0xf
 1140 062a 00       		.byte	0
 1141 062b 17       		.uleb128 0x17
 1142 062c C6010000 		.4byte	.LASF87
 1143 0630 05       		.byte	0x5
 1144 0631 BF02     		.2byte	0x2bf
 1145 0633 1B060000 		.4byte	0x61b
 1146 0637 05       		.uleb128 0x5
 1147 0638 03       		.byte	0x3
 1148 0639 00000000 		.4byte	EE_rq_queues_head
 1149 063d 17       		.uleb128 0x17
 1150 063e A4050000 		.4byte	.LASF88
 1151 0642 05       		.byte	0x5
 1152 0643 C102     		.2byte	0x2c1
 1153 0645 1B060000 		.4byte	0x61b
 1154 0649 05       		.uleb128 0x5
 1155 064a 03       		.byte	0x3
ARM GAS  C:\Users\agila\AppData\Local\Temp\ccSedCnn.s 			page 22


 1156 064b 00000000 		.4byte	EE_rq_queues_tail
 1157 064f 11       		.uleb128 0x11
 1158 0650 C0000000 		.4byte	0xc0
 1159 0654 5F060000 		.4byte	0x65f
 1160 0658 14       		.uleb128 0x14
 1161 0659 80030000 		.4byte	0x380
 1162 065d 05       		.byte	0x5
 1163 065e 00       		.byte	0
 1164 065f 17       		.uleb128 0x17
 1165 0660 C0000000 		.4byte	.LASF89
 1166 0664 05       		.byte	0x5
 1167 0665 1B03     		.2byte	0x31b
 1168 0667 4F060000 		.4byte	0x64f
 1169 066b 05       		.uleb128 0x5
 1170 066c 03       		.byte	0x3
 1171 066d 00000000 		.4byte	EE_rq_pairs_next
 1172 0671 17       		.uleb128 0x17
 1173 0672 D6060000 		.4byte	.LASF90
 1174 0676 05       		.byte	0x5
 1175 0677 7003     		.2byte	0x370
 1176 0679 9F050000 		.4byte	0x59f
 1177 067d 05       		.uleb128 0x5
 1178 067e 03       		.byte	0x3
 1179 067f 00000000 		.4byte	EE_rq_pairs_tid
 1180 0683 17       		.uleb128 0x17
 1181 0684 DB050000 		.4byte	.LASF91
 1182 0688 05       		.byte	0x5
 1183 0689 C402     		.2byte	0x2c4
 1184 068b 05010000 		.4byte	0x105
 1185 068f 05       		.uleb128 0x5
 1186 0690 03       		.byte	0x3
 1187 0691 00000000 		.4byte	EE_rq_bitmask
 1188 0695 17       		.uleb128 0x17
 1189 0696 CE030000 		.4byte	.LASF92
 1190 069a 05       		.byte	0x5
 1191 069b 7303     		.2byte	0x373
 1192 069d C0000000 		.4byte	0xc0
 1193 06a1 05       		.uleb128 0x5
 1194 06a2 03       		.byte	0x3
 1195 06a3 00000000 		.4byte	EE_rq_free
 1196 06a7 17       		.uleb128 0x17
 1197 06a8 20070000 		.4byte	.LASF93
 1198 06ac 05       		.byte	0x5
 1199 06ad 9A03     		.2byte	0x39a
 1200 06af 7D050000 		.4byte	0x57d
 1201 06b3 05       		.uleb128 0x5
 1202 06b4 03       		.byte	0x3
 1203 06b5 00000000 		.4byte	EE_th_event_active
 1204 06b9 17       		.uleb128 0x17
 1205 06ba C3040000 		.4byte	.LASF94
 1206 06be 05       		.byte	0x5
 1207 06bf B603     		.2byte	0x3b6
 1208 06c1 7D050000 		.4byte	0x57d
 1209 06c5 05       		.uleb128 0x5
 1210 06c6 03       		.byte	0x3
 1211 06c7 00000000 		.4byte	EE_th_event_waitmask
 1212 06cb 11       		.uleb128 0x11
ARM GAS  C:\Users\agila\AppData\Local\Temp\ccSedCnn.s 			page 23


 1213 06cc D6000000 		.4byte	0xd6
 1214 06d0 DB060000 		.4byte	0x6db
 1215 06d4 14       		.uleb128 0x14
 1216 06d5 80030000 		.4byte	0x380
 1217 06d9 05       		.byte	0x5
 1218 06da 00       		.byte	0
 1219 06db 17       		.uleb128 0x17
 1220 06dc 6A020000 		.4byte	.LASF95
 1221 06e0 05       		.byte	0x5
 1222 06e1 D203     		.2byte	0x3d2
 1223 06e3 CB060000 		.4byte	0x6cb
 1224 06e7 05       		.uleb128 0x5
 1225 06e8 03       		.byte	0x3
 1226 06e9 00000000 		.4byte	EE_th_waswaiting
 1227 06ed 17       		.uleb128 0x17
 1228 06ee 58070000 		.4byte	.LASF96
 1229 06f2 05       		.byte	0x5
 1230 06f3 EE03     		.2byte	0x3ee
 1231 06f5 FF060000 		.4byte	0x6ff
 1232 06f9 05       		.uleb128 0x5
 1233 06fa 03       		.byte	0x3
 1234 06fb 00000000 		.4byte	EE_th_is_extended
 1235 06ff 13       		.uleb128 0x13
 1236 0700 5D040000 		.4byte	0x45d
 1237 0704 11       		.uleb128 0x11
 1238 0705 14070000 		.4byte	0x714
 1239 0709 14070000 		.4byte	0x714
 1240 070d 14       		.uleb128 0x14
 1241 070e 80030000 		.4byte	0x380
 1242 0712 00       		.byte	0
 1243 0713 00       		.byte	0
 1244 0714 13       		.uleb128 0x13
 1245 0715 8A010000 		.4byte	0x18a
 1246 0719 17       		.uleb128 0x17
 1247 071a 1C040000 		.4byte	.LASF97
 1248 071e 05       		.byte	0x5
 1249 071f FF05     		.2byte	0x5ff
 1250 0721 2B070000 		.4byte	0x72b
 1251 0725 05       		.uleb128 0x5
 1252 0726 03       		.byte	0x3
 1253 0727 00000000 		.4byte	EE_counter_ROM
 1254 072b 13       		.uleb128 0x13
 1255 072c 04070000 		.4byte	0x704
 1256 0730 11       		.uleb128 0x11
 1257 0731 40070000 		.4byte	0x740
 1258 0735 40070000 		.4byte	0x740
 1259 0739 14       		.uleb128 0x14
 1260 073a 80030000 		.4byte	0x380
 1261 073e 02       		.byte	0x2
 1262 073f 00       		.byte	0
 1263 0740 13       		.uleb128 0x13
 1264 0741 27020000 		.4byte	0x227
 1265 0745 17       		.uleb128 0x17
 1266 0746 62030000 		.4byte	.LASF98
 1267 074a 05       		.byte	0x5
 1268 074b 9606     		.2byte	0x696
 1269 074d 57070000 		.4byte	0x757
ARM GAS  C:\Users\agila\AppData\Local\Temp\ccSedCnn.s 			page 24


 1270 0751 05       		.uleb128 0x5
 1271 0752 03       		.byte	0x3
 1272 0753 00000000 		.4byte	EE_oo_counter_object_ROM
 1273 0757 13       		.uleb128 0x13
 1274 0758 30070000 		.4byte	0x730
 1275 075c 11       		.uleb128 0x11
 1276 075d 6C070000 		.4byte	0x76c
 1277 0761 6C070000 		.4byte	0x76c
 1278 0765 14       		.uleb128 0x14
 1279 0766 80030000 		.4byte	0x380
 1280 076a 02       		.byte	0x2
 1281 076b 00       		.byte	0
 1282 076c 13       		.uleb128 0x13
 1283 076d 04030000 		.4byte	0x304
 1284 0771 17       		.uleb128 0x17
 1285 0772 98030000 		.4byte	.LASF99
 1286 0776 05       		.byte	0x5
 1287 0777 BA06     		.2byte	0x6ba
 1288 0779 83070000 		.4byte	0x783
 1289 077d 05       		.uleb128 0x5
 1290 077e 03       		.byte	0x3
 1291 077f 00000000 		.4byte	EE_oo_action_ROM
 1292 0783 13       		.uleb128 0x13
 1293 0784 5C070000 		.4byte	0x75c
 1294 0788 11       		.uleb128 0x11
 1295 0789 98070000 		.4byte	0x798
 1296 078d 98070000 		.4byte	0x798
 1297 0791 14       		.uleb128 0x14
 1298 0792 80030000 		.4byte	0x380
 1299 0796 02       		.byte	0x2
 1300 0797 00       		.byte	0
 1301 0798 13       		.uleb128 0x13
 1302 0799 27030000 		.4byte	0x327
 1303 079d 17       		.uleb128 0x17
 1304 079e 75010000 		.4byte	.LASF100
 1305 07a2 05       		.byte	0x5
 1306 07a3 2006     		.2byte	0x620
 1307 07a5 AF070000 		.4byte	0x7af
 1308 07a9 05       		.uleb128 0x5
 1309 07aa 03       		.byte	0x3
 1310 07ab 00000000 		.4byte	EE_alarm_ROM
 1311 07af 13       		.uleb128 0x13
 1312 07b0 88070000 		.4byte	0x788
 1313 07b4 11       		.uleb128 0x11
 1314 07b5 BA010000 		.4byte	0x1ba
 1315 07b9 C4070000 		.4byte	0x7c4
 1316 07bd 14       		.uleb128 0x14
 1317 07be 80030000 		.4byte	0x380
 1318 07c2 00       		.byte	0
 1319 07c3 00       		.byte	0
 1320 07c4 17       		.uleb128 0x17
 1321 07c5 37060000 		.4byte	.LASF101
 1322 07c9 05       		.byte	0x5
 1323 07ca 0C06     		.2byte	0x60c
 1324 07cc B4070000 		.4byte	0x7b4
 1325 07d0 05       		.uleb128 0x5
 1326 07d1 03       		.byte	0x3
ARM GAS  C:\Users\agila\AppData\Local\Temp\ccSedCnn.s 			page 25


 1327 07d2 00000000 		.4byte	EE_counter_RAM
 1328 07d6 11       		.uleb128 0x11
 1329 07d7 71020000 		.4byte	0x271
 1330 07db E6070000 		.4byte	0x7e6
 1331 07df 14       		.uleb128 0x14
 1332 07e0 80030000 		.4byte	0x380
 1333 07e4 02       		.byte	0x2
 1334 07e5 00       		.byte	0
 1335 07e6 17       		.uleb128 0x17
 1336 07e7 91060000 		.4byte	.LASF102
 1337 07eb 05       		.byte	0x5
 1338 07ec B106     		.2byte	0x6b1
 1339 07ee D6070000 		.4byte	0x7d6
 1340 07f2 05       		.uleb128 0x5
 1341 07f3 03       		.byte	0x3
 1342 07f4 00000000 		.4byte	EE_oo_counter_object_RAM
 1343 07f8 11       		.uleb128 0x11
 1344 07f9 08080000 		.4byte	0x808
 1345 07fd 08080000 		.4byte	0x808
 1346 0801 14       		.uleb128 0x14
 1347 0802 80030000 		.4byte	0x380
 1348 0806 00       		.byte	0
 1349 0807 00       		.byte	0
 1350 0808 13       		.uleb128 0x13
 1351 0809 33030000 		.4byte	0x333
 1352 080d 17       		.uleb128 0x17
 1353 080e A4070000 		.4byte	.LASF103
 1354 0812 05       		.byte	0x5
 1355 0813 9607     		.2byte	0x796
 1356 0815 1F080000 		.4byte	0x81f
 1357 0819 05       		.uleb128 0x5
 1358 081a 03       		.byte	0x3
 1359 081b 00000000 		.4byte	EE_oo_autostart_task_data
 1360 081f 13       		.uleb128 0x13
 1361 0820 F8070000 		.4byte	0x7f8
 1362 0824 18       		.uleb128 0x18
 1363 0825 AD020000 		.4byte	.LASF104
 1364 0829 06       		.byte	0x6
 1365 082a 40       		.byte	0x40
 1366 082b B5000000 		.4byte	0xb5
 1367 082f 18       		.uleb128 0x18
 1368 0830 D8010000 		.4byte	.LASF105
 1369 0834 06       		.byte	0x6
 1370 0835 47       		.byte	0x47
 1371 0836 CB000000 		.4byte	0xcb
 1372 083a 17       		.uleb128 0x17
 1373 083b 85030000 		.4byte	.LASF106
 1374 083f 05       		.byte	0x5
 1375 0840 5C07     		.2byte	0x75c
 1376 0842 B5000000 		.4byte	0xb5
 1377 0846 05       		.uleb128 0x5
 1378 0847 03       		.byte	0x3
 1379 0848 00000000 		.4byte	EE_ApplicationMode
 1380 084c 18       		.uleb128 0x18
 1381 084d F1010000 		.4byte	.LASF107
 1382 0851 07       		.byte	0x7
 1383 0852 48       		.byte	0x48
ARM GAS  C:\Users\agila\AppData\Local\Temp\ccSedCnn.s 			page 26


 1384 0853 E1000000 		.4byte	0xe1
 1385 0857 18       		.uleb128 0x18
 1386 0858 E6060000 		.4byte	.LASF108
 1387 085c 08       		.byte	0x8
 1388 085d 44       		.byte	0x44
 1389 085e B5000000 		.4byte	0xb5
 1390 0862 16       		.uleb128 0x16
 1391 0863 49000000 		.4byte	.LASF109
 1392 0867 05       		.byte	0x5
 1393 0868 AD       		.byte	0xad
 1394 0869 EC000000 		.4byte	0xec
 1395 086d 05       		.uleb128 0x5
 1396 086e 03       		.byte	0x3
 1397 086f 00000000 		.4byte	EE_cortex_mx_IRQ_tos
 1398 0873 11       		.uleb128 0x11
 1399 0874 55000000 		.4byte	0x55
 1400 0878 84080000 		.4byte	0x884
 1401 087c 19       		.uleb128 0x19
 1402 087d 80030000 		.4byte	0x380
 1403 0881 E104     		.2byte	0x4e1
 1404 0883 00       		.byte	0
 1405 0884 16       		.uleb128 0x16
 1406 0885 1B030000 		.4byte	.LASF110
 1407 0889 05       		.byte	0x5
 1408 088a 1D       		.byte	0x1d
 1409 088b 73080000 		.4byte	0x873
 1410 088f 05       		.uleb128 0x5
 1411 0890 03       		.byte	0x3
 1412 0891 00000000 		.4byte	EE_cortex_mx_stack_4
 1413 0895 11       		.uleb128 0x11
 1414 0896 55000000 		.4byte	0x55
 1415 089a A5080000 		.4byte	0x8a5
 1416 089e 14       		.uleb128 0x14
 1417 089f 80030000 		.4byte	0x380
 1418 08a3 7F       		.byte	0x7f
 1419 08a4 00       		.byte	0
 1420 08a5 16       		.uleb128 0x16
 1421 08a6 30030000 		.4byte	.LASF111
 1422 08aa 05       		.byte	0x5
 1423 08ab 32       		.byte	0x32
 1424 08ac 95080000 		.4byte	0x895
 1425 08b0 05       		.uleb128 0x5
 1426 08b1 03       		.byte	0x3
 1427 08b2 00000000 		.4byte	EE_cortex_mx_stack_9
 1428 08b6 00       		.byte	0
 1429              		.section	.debug_abbrev,"",%progbits
 1430              	.Ldebug_abbrev0:
 1431 0000 01       		.uleb128 0x1
 1432 0001 11       		.uleb128 0x11
 1433 0002 01       		.byte	0x1
 1434 0003 25       		.uleb128 0x25
 1435 0004 0E       		.uleb128 0xe
 1436 0005 13       		.uleb128 0x13
 1437 0006 0B       		.uleb128 0xb
 1438 0007 03       		.uleb128 0x3
 1439 0008 0E       		.uleb128 0xe
 1440 0009 1B       		.uleb128 0x1b
ARM GAS  C:\Users\agila\AppData\Local\Temp\ccSedCnn.s 			page 27


 1441 000a 0E       		.uleb128 0xe
 1442 000b 10       		.uleb128 0x10
 1443 000c 17       		.uleb128 0x17
 1444 000d 00       		.byte	0
 1445 000e 00       		.byte	0
 1446 000f 02       		.uleb128 0x2
 1447 0010 24       		.uleb128 0x24
 1448 0011 00       		.byte	0
 1449 0012 0B       		.uleb128 0xb
 1450 0013 0B       		.uleb128 0xb
 1451 0014 3E       		.uleb128 0x3e
 1452 0015 0B       		.uleb128 0xb
 1453 0016 03       		.uleb128 0x3
 1454 0017 0E       		.uleb128 0xe
 1455 0018 00       		.byte	0
 1456 0019 00       		.byte	0
 1457 001a 03       		.uleb128 0x3
 1458 001b 24       		.uleb128 0x24
 1459 001c 00       		.byte	0
 1460 001d 0B       		.uleb128 0xb
 1461 001e 0B       		.uleb128 0xb
 1462 001f 3E       		.uleb128 0x3e
 1463 0020 0B       		.uleb128 0xb
 1464 0021 03       		.uleb128 0x3
 1465 0022 08       		.uleb128 0x8
 1466 0023 00       		.byte	0
 1467 0024 00       		.byte	0
 1468 0025 04       		.uleb128 0x4
 1469 0026 16       		.uleb128 0x16
 1470 0027 00       		.byte	0
 1471 0028 03       		.uleb128 0x3
 1472 0029 0E       		.uleb128 0xe
 1473 002a 3A       		.uleb128 0x3a
 1474 002b 0B       		.uleb128 0xb
 1475 002c 3B       		.uleb128 0x3b
 1476 002d 0B       		.uleb128 0xb
 1477 002e 49       		.uleb128 0x49
 1478 002f 13       		.uleb128 0x13
 1479 0030 00       		.byte	0
 1480 0031 00       		.byte	0
 1481 0032 05       		.uleb128 0x5
 1482 0033 0F       		.uleb128 0xf
 1483 0034 00       		.byte	0
 1484 0035 0B       		.uleb128 0xb
 1485 0036 0B       		.uleb128 0xb
 1486 0037 00       		.byte	0
 1487 0038 00       		.byte	0
 1488 0039 06       		.uleb128 0x6
 1489 003a 0F       		.uleb128 0xf
 1490 003b 00       		.byte	0
 1491 003c 0B       		.uleb128 0xb
 1492 003d 0B       		.uleb128 0xb
 1493 003e 49       		.uleb128 0x49
 1494 003f 13       		.uleb128 0x13
 1495 0040 00       		.byte	0
 1496 0041 00       		.byte	0
 1497 0042 07       		.uleb128 0x7
ARM GAS  C:\Users\agila\AppData\Local\Temp\ccSedCnn.s 			page 28


 1498 0043 15       		.uleb128 0x15
 1499 0044 00       		.byte	0
 1500 0045 27       		.uleb128 0x27
 1501 0046 19       		.uleb128 0x19
 1502 0047 00       		.byte	0
 1503 0048 00       		.byte	0
 1504 0049 08       		.uleb128 0x8
 1505 004a 13       		.uleb128 0x13
 1506 004b 01       		.byte	0x1
 1507 004c 03       		.uleb128 0x3
 1508 004d 0E       		.uleb128 0xe
 1509 004e 0B       		.uleb128 0xb
 1510 004f 0B       		.uleb128 0xb
 1511 0050 3A       		.uleb128 0x3a
 1512 0051 0B       		.uleb128 0xb
 1513 0052 3B       		.uleb128 0x3b
 1514 0053 0B       		.uleb128 0xb
 1515 0054 01       		.uleb128 0x1
 1516 0055 13       		.uleb128 0x13
 1517 0056 00       		.byte	0
 1518 0057 00       		.byte	0
 1519 0058 09       		.uleb128 0x9
 1520 0059 0D       		.uleb128 0xd
 1521 005a 00       		.byte	0
 1522 005b 03       		.uleb128 0x3
 1523 005c 0E       		.uleb128 0xe
 1524 005d 3A       		.uleb128 0x3a
 1525 005e 0B       		.uleb128 0xb
 1526 005f 3B       		.uleb128 0x3b
 1527 0060 0B       		.uleb128 0xb
 1528 0061 49       		.uleb128 0x49
 1529 0062 13       		.uleb128 0x13
 1530 0063 38       		.uleb128 0x38
 1531 0064 0B       		.uleb128 0xb
 1532 0065 00       		.byte	0
 1533 0066 00       		.byte	0
 1534 0067 0A       		.uleb128 0xa
 1535 0068 16       		.uleb128 0x16
 1536 0069 00       		.byte	0
 1537 006a 03       		.uleb128 0x3
 1538 006b 0E       		.uleb128 0xe
 1539 006c 3A       		.uleb128 0x3a
 1540 006d 0B       		.uleb128 0xb
 1541 006e 3B       		.uleb128 0x3b
 1542 006f 05       		.uleb128 0x5
 1543 0070 49       		.uleb128 0x49
 1544 0071 13       		.uleb128 0x13
 1545 0072 00       		.byte	0
 1546 0073 00       		.byte	0
 1547 0074 0B       		.uleb128 0xb
 1548 0075 13       		.uleb128 0x13
 1549 0076 01       		.byte	0x1
 1550 0077 0B       		.uleb128 0xb
 1551 0078 0B       		.uleb128 0xb
 1552 0079 3A       		.uleb128 0x3a
 1553 007a 0B       		.uleb128 0xb
 1554 007b 3B       		.uleb128 0x3b
ARM GAS  C:\Users\agila\AppData\Local\Temp\ccSedCnn.s 			page 29


 1555 007c 05       		.uleb128 0x5
 1556 007d 01       		.uleb128 0x1
 1557 007e 13       		.uleb128 0x13
 1558 007f 00       		.byte	0
 1559 0080 00       		.byte	0
 1560 0081 0C       		.uleb128 0xc
 1561 0082 0D       		.uleb128 0xd
 1562 0083 00       		.byte	0
 1563 0084 03       		.uleb128 0x3
 1564 0085 0E       		.uleb128 0xe
 1565 0086 3A       		.uleb128 0x3a
 1566 0087 0B       		.uleb128 0xb
 1567 0088 3B       		.uleb128 0x3b
 1568 0089 05       		.uleb128 0x5
 1569 008a 49       		.uleb128 0x49
 1570 008b 13       		.uleb128 0x13
 1571 008c 38       		.uleb128 0x38
 1572 008d 0B       		.uleb128 0xb
 1573 008e 00       		.byte	0
 1574 008f 00       		.byte	0
 1575 0090 0D       		.uleb128 0xd
 1576 0091 04       		.uleb128 0x4
 1577 0092 01       		.byte	0x1
 1578 0093 0B       		.uleb128 0xb
 1579 0094 0B       		.uleb128 0xb
 1580 0095 49       		.uleb128 0x49
 1581 0096 13       		.uleb128 0x13
 1582 0097 3A       		.uleb128 0x3a
 1583 0098 0B       		.uleb128 0xb
 1584 0099 3B       		.uleb128 0x3b
 1585 009a 05       		.uleb128 0x5
 1586 009b 01       		.uleb128 0x1
 1587 009c 13       		.uleb128 0x13
 1588 009d 00       		.byte	0
 1589 009e 00       		.byte	0
 1590 009f 0E       		.uleb128 0xe
 1591 00a0 28       		.uleb128 0x28
 1592 00a1 00       		.byte	0
 1593 00a2 03       		.uleb128 0x3
 1594 00a3 0E       		.uleb128 0xe
 1595 00a4 1C       		.uleb128 0x1c
 1596 00a5 0B       		.uleb128 0xb
 1597 00a6 00       		.byte	0
 1598 00a7 00       		.byte	0
 1599 00a8 0F       		.uleb128 0xf
 1600 00a9 0D       		.uleb128 0xd
 1601 00aa 00       		.byte	0
 1602 00ab 03       		.uleb128 0x3
 1603 00ac 08       		.uleb128 0x8
 1604 00ad 3A       		.uleb128 0x3a
 1605 00ae 0B       		.uleb128 0xb
 1606 00af 3B       		.uleb128 0x3b
 1607 00b0 05       		.uleb128 0x5
 1608 00b1 49       		.uleb128 0x49
 1609 00b2 13       		.uleb128 0x13
 1610 00b3 38       		.uleb128 0x38
 1611 00b4 0B       		.uleb128 0xb
ARM GAS  C:\Users\agila\AppData\Local\Temp\ccSedCnn.s 			page 30


 1612 00b5 00       		.byte	0
 1613 00b6 00       		.byte	0
 1614 00b7 10       		.uleb128 0x10
 1615 00b8 13       		.uleb128 0x13
 1616 00b9 01       		.byte	0x1
 1617 00ba 03       		.uleb128 0x3
 1618 00bb 0E       		.uleb128 0xe
 1619 00bc 0B       		.uleb128 0xb
 1620 00bd 0B       		.uleb128 0xb
 1621 00be 3A       		.uleb128 0x3a
 1622 00bf 0B       		.uleb128 0xb
 1623 00c0 3B       		.uleb128 0x3b
 1624 00c1 05       		.uleb128 0x5
 1625 00c2 01       		.uleb128 0x1
 1626 00c3 13       		.uleb128 0x13
 1627 00c4 00       		.byte	0
 1628 00c5 00       		.byte	0
 1629 00c6 11       		.uleb128 0x11
 1630 00c7 01       		.uleb128 0x1
 1631 00c8 01       		.byte	0x1
 1632 00c9 49       		.uleb128 0x49
 1633 00ca 13       		.uleb128 0x13
 1634 00cb 01       		.uleb128 0x1
 1635 00cc 13       		.uleb128 0x13
 1636 00cd 00       		.byte	0
 1637 00ce 00       		.byte	0
 1638 00cf 12       		.uleb128 0x12
 1639 00d0 21       		.uleb128 0x21
 1640 00d1 00       		.byte	0
 1641 00d2 00       		.byte	0
 1642 00d3 00       		.byte	0
 1643 00d4 13       		.uleb128 0x13
 1644 00d5 26       		.uleb128 0x26
 1645 00d6 00       		.byte	0
 1646 00d7 49       		.uleb128 0x49
 1647 00d8 13       		.uleb128 0x13
 1648 00d9 00       		.byte	0
 1649 00da 00       		.byte	0
 1650 00db 14       		.uleb128 0x14
 1651 00dc 21       		.uleb128 0x21
 1652 00dd 00       		.byte	0
 1653 00de 49       		.uleb128 0x49
 1654 00df 13       		.uleb128 0x13
 1655 00e0 2F       		.uleb128 0x2f
 1656 00e1 0B       		.uleb128 0xb
 1657 00e2 00       		.byte	0
 1658 00e3 00       		.byte	0
 1659 00e4 15       		.uleb128 0x15
 1660 00e5 34       		.uleb128 0x34
 1661 00e6 00       		.byte	0
 1662 00e7 03       		.uleb128 0x3
 1663 00e8 0E       		.uleb128 0xe
 1664 00e9 3A       		.uleb128 0x3a
 1665 00ea 0B       		.uleb128 0xb
 1666 00eb 3B       		.uleb128 0x3b
 1667 00ec 05       		.uleb128 0x5
 1668 00ed 49       		.uleb128 0x49
ARM GAS  C:\Users\agila\AppData\Local\Temp\ccSedCnn.s 			page 31


 1669 00ee 13       		.uleb128 0x13
 1670 00ef 02       		.uleb128 0x2
 1671 00f0 18       		.uleb128 0x18
 1672 00f1 00       		.byte	0
 1673 00f2 00       		.byte	0
 1674 00f3 16       		.uleb128 0x16
 1675 00f4 34       		.uleb128 0x34
 1676 00f5 00       		.byte	0
 1677 00f6 03       		.uleb128 0x3
 1678 00f7 0E       		.uleb128 0xe
 1679 00f8 3A       		.uleb128 0x3a
 1680 00f9 0B       		.uleb128 0xb
 1681 00fa 3B       		.uleb128 0x3b
 1682 00fb 0B       		.uleb128 0xb
 1683 00fc 49       		.uleb128 0x49
 1684 00fd 13       		.uleb128 0x13
 1685 00fe 3F       		.uleb128 0x3f
 1686 00ff 19       		.uleb128 0x19
 1687 0100 02       		.uleb128 0x2
 1688 0101 18       		.uleb128 0x18
 1689 0102 00       		.byte	0
 1690 0103 00       		.byte	0
 1691 0104 17       		.uleb128 0x17
 1692 0105 34       		.uleb128 0x34
 1693 0106 00       		.byte	0
 1694 0107 03       		.uleb128 0x3
 1695 0108 0E       		.uleb128 0xe
 1696 0109 3A       		.uleb128 0x3a
 1697 010a 0B       		.uleb128 0xb
 1698 010b 3B       		.uleb128 0x3b
 1699 010c 05       		.uleb128 0x5
 1700 010d 49       		.uleb128 0x49
 1701 010e 13       		.uleb128 0x13
 1702 010f 3F       		.uleb128 0x3f
 1703 0110 19       		.uleb128 0x19
 1704 0111 02       		.uleb128 0x2
 1705 0112 18       		.uleb128 0x18
 1706 0113 00       		.byte	0
 1707 0114 00       		.byte	0
 1708 0115 18       		.uleb128 0x18
 1709 0116 34       		.uleb128 0x34
 1710 0117 00       		.byte	0
 1711 0118 03       		.uleb128 0x3
 1712 0119 0E       		.uleb128 0xe
 1713 011a 3A       		.uleb128 0x3a
 1714 011b 0B       		.uleb128 0xb
 1715 011c 3B       		.uleb128 0x3b
 1716 011d 0B       		.uleb128 0xb
 1717 011e 49       		.uleb128 0x49
 1718 011f 13       		.uleb128 0x13
 1719 0120 3F       		.uleb128 0x3f
 1720 0121 19       		.uleb128 0x19
 1721 0122 3C       		.uleb128 0x3c
 1722 0123 19       		.uleb128 0x19
 1723 0124 00       		.byte	0
 1724 0125 00       		.byte	0
 1725 0126 19       		.uleb128 0x19
ARM GAS  C:\Users\agila\AppData\Local\Temp\ccSedCnn.s 			page 32


 1726 0127 21       		.uleb128 0x21
 1727 0128 00       		.byte	0
 1728 0129 49       		.uleb128 0x49
 1729 012a 13       		.uleb128 0x13
 1730 012b 2F       		.uleb128 0x2f
 1731 012c 05       		.uleb128 0x5
 1732 012d 00       		.byte	0
 1733 012e 00       		.byte	0
 1734 012f 00       		.byte	0
 1735              		.section	.debug_aranges,"",%progbits
 1736 0000 14000000 		.4byte	0x14
 1737 0004 0200     		.2byte	0x2
 1738 0006 00000000 		.4byte	.Ldebug_info0
 1739 000a 04       		.byte	0x4
 1740 000b 00       		.byte	0
 1741 000c 0000     		.2byte	0
 1742 000e 0000     		.2byte	0
 1743 0010 00000000 		.4byte	0
 1744 0014 00000000 		.4byte	0
 1745              		.section	.debug_line,"",%progbits
 1746              	.Ldebug_line0:
 1747 0000 28010000 		.section	.debug_str,"MS",%progbits,1
 1747      02002201 
 1747      00000201 
 1747      FB0E0D00 
 1747      01010101 
 1748              	.LASF46:
 1749 0000 6E657874 		.ascii	"next\000"
 1749      00
 1750              	.LASF83:
 1751 0005 45455F74 		.ascii	"EE_th_terminate_nextask\000"
 1751      685F7465 
 1751      726D696E 
 1751      6174655F 
 1751      6E657874 
 1752              	.LASF24:
 1753 001d 5469636B 		.ascii	"TickType\000"
 1753      54797065 
 1753      00
 1754              	.LASF84:
 1755 0026 45455F73 		.ascii	"EE_stkfirst\000"
 1755      746B6669 
 1755      72737400 
 1756              	.LASF26:
 1757 0032 41637469 		.ascii	"ActionType\000"
 1757      6F6E5479 
 1757      706500
 1758              	.LASF19:
 1759 003d 45455F54 		.ascii	"EE_TYPEBOOL\000"
 1759      59504542 
 1759      4F4F4C00 
 1760              	.LASF109:
 1761 0049 45455F63 		.ascii	"EE_cortex_mx_IRQ_tos\000"
 1761      6F727465 
 1761      785F6D78 
 1761      5F495251 
 1761      5F746F73 
ARM GAS  C:\Users\agila\AppData\Local\Temp\ccSedCnn.s 			page 33


 1762              	.LASF7:
 1763 005e 6C6F6E67 		.ascii	"long long unsigned int\000"
 1763      206C6F6E 
 1763      6720756E 
 1763      7369676E 
 1763      65642069 
 1764              	.LASF45:
 1765 0075 64656C74 		.ascii	"delta\000"
 1765      6100
 1766              	.LASF113:
 1767 007b 47656E65 		.ascii	"Generated_Source\\PSoC5\\ErikaOS_eecfg.c\000"
 1767      72617465 
 1767      645F536F 
 1767      75726365 
 1767      5C50536F 
 1768              	.LASF42:
 1769 00a2 45455F6F 		.ascii	"EE_oo_counter_object_ROM_type\000"
 1769      6F5F636F 
 1769      756E7465 
 1769      725F6F62 
 1769      6A656374 
 1770              	.LASF89:
 1771 00c0 45455F72 		.ascii	"EE_rq_pairs_next\000"
 1771      715F7061 
 1771      6972735F 
 1771      6E657874 
 1771      00
 1772              	.LASF22:
 1773 00d1 5461736B 		.ascii	"TaskType\000"
 1773      54797065 
 1773      00
 1774              	.LASF61:
 1775 00da 45455F54 		.ascii	"EE_TOS\000"
 1775      4F5300
 1776              	.LASF29:
 1777 00e1 6D617861 		.ascii	"maxallowedvalue\000"
 1777      6C6C6F77 
 1777      65647661 
 1777      6C756500 
 1778              	.LASF115:
 1779 00f1 45455F6F 		.ascii	"EE_oo_autostart_task_mode_OSDEFAULTAPPMODE\000"
 1779      6F5F6175 
 1779      746F7374 
 1779      6172745F 
 1779      7461736B 
 1780              	.LASF79:
 1781 011c 45455F41 		.ascii	"EE_ALARM_ID\000"
 1781      4C41524D 
 1781      5F494400 
 1782              	.LASF6:
 1783 0128 6C6F6E67 		.ascii	"long long int\000"
 1783      206C6F6E 
 1783      6720696E 
 1783      7400
 1784              	.LASF0:
 1785 0136 7369676E 		.ascii	"signed char\000"
 1785      65642063 
ARM GAS  C:\Users\agila\AppData\Local\Temp\ccSedCnn.s 			page 34


 1785      68617200 
 1786              	.LASF52:
 1787 0142 45455F6F 		.ascii	"EE_oo_action_kind_type\000"
 1787      6F5F6163 
 1787      74696F6E 
 1787      5F6B696E 
 1787      645F7479 
 1788              	.LASF23:
 1789 0159 4576656E 		.ascii	"EventMaskType\000"
 1789      744D6173 
 1789      6B547970 
 1789      6500
 1790              	.LASF76:
 1791 0167 45455F45 		.ascii	"EE_EVENT_NAME\000"
 1791      56454E54 
 1791      5F4E414D 
 1791      4500
 1792              	.LASF100:
 1793 0175 45455F61 		.ascii	"EE_alarm_ROM\000"
 1793      6C61726D 
 1793      5F524F4D 
 1793      00
 1794              	.LASF70:
 1795 0182 45455F63 		.ascii	"EE_cortex_mx_active_tos\000"
 1795      6F727465 
 1795      785F6D78 
 1795      5F616374 
 1795      6976655F 
 1796              	.LASF35:
 1797 019a 45455F6F 		.ascii	"EE_oo_counter_RAM_type\000"
 1797      6F5F636F 
 1797      756E7465 
 1797      725F5241 
 1797      4D5F7479 
 1798              	.LASF78:
 1799 01b1 45455F45 		.ascii	"EE_EVENT_ID\000"
 1799      56454E54 
 1799      5F494400 
 1800              	.LASF4:
 1801 01bd 6C6F6E67 		.ascii	"long int\000"
 1801      20696E74 
 1801      00
 1802              	.LASF87:
 1803 01c6 45455F72 		.ascii	"EE_rq_queues_head\000"
 1803      715F7175 
 1803      65756573 
 1803      5F686561 
 1803      6400
 1804              	.LASF105:
 1805 01d8 45455F6F 		.ascii	"EE_oo_IRQ_suspend_status\000"
 1805      6F5F4952 
 1805      515F7375 
 1805      7370656E 
 1805      645F7374 
 1806              	.LASF107:
 1807 01f1 45455F73 		.ascii	"EE_std_endcycle_next_tid\000"
 1807      74645F65 
ARM GAS  C:\Users\agila\AppData\Local\Temp\ccSedCnn.s 			page 35


 1807      6E646379 
 1807      636C655F 
 1807      6E657874 
 1808              	.LASF31:
 1809 020a 6D696E63 		.ascii	"mincycle\000"
 1809      79636C65 
 1809      00
 1810              	.LASF20:
 1811 0213 45455F54 		.ascii	"EE_TID\000"
 1811      494400
 1812              	.LASF33:
 1813 021a 76616C75 		.ascii	"value\000"
 1813      6500
 1814              	.LASF8:
 1815 0220 756E7369 		.ascii	"unsigned int\000"
 1815      676E6564 
 1815      20696E74 
 1815      00
 1816              	.LASF16:
 1817 022d 45455F55 		.ascii	"EE_UREG\000"
 1817      52454700 
 1818              	.LASF60:
 1819 0235 45455F6F 		.ascii	"EE_oo_alarm_ROM_type\000"
 1819      6F5F616C 
 1819      61726D5F 
 1819      524F4D5F 
 1819      74797065 
 1820              	.LASF77:
 1821 024a 45455F41 		.ascii	"EE_ALARM_NAME\000"
 1821      4C41524D 
 1821      5F4E414D 
 1821      4500
 1822              	.LASF5:
 1823 0258 6C6F6E67 		.ascii	"long unsigned int\000"
 1823      20756E73 
 1823      69676E65 
 1823      6420696E 
 1823      7400
 1824              	.LASF95:
 1825 026a 45455F74 		.ascii	"EE_th_waswaiting\000"
 1825      685F7761 
 1825      73776169 
 1825      74696E67 
 1825      00
 1826              	.LASF62:
 1827 027b 45455F6F 		.ascii	"EE_oo_autostart_task_type\000"
 1827      6F5F6175 
 1827      746F7374 
 1827      6172745F 
 1827      7461736B 
 1828              	.LASF41:
 1829 0295 6B696E64 		.ascii	"kind\000"
 1829      00
 1830              	.LASF3:
 1831 029a 73686F72 		.ascii	"short unsigned int\000"
 1831      7420756E 
 1831      7369676E 
ARM GAS  C:\Users\agila\AppData\Local\Temp\ccSedCnn.s 			page 36


 1831      65642069 
 1831      6E7400
 1832              	.LASF104:
 1833 02ad 45455F6F 		.ascii	"EE_oo_IRQ_disable_count\000"
 1833      6F5F4952 
 1833      515F6469 
 1833      7361626C 
 1833      655F636F 
 1834              	.LASF38:
 1835 02c5 45455F6F 		.ascii	"EE_oo_counter_object_kind_type\000"
 1835      6F5F636F 
 1835      756E7465 
 1835      725F6F62 
 1835      6A656374 
 1836              	.LASF80:
 1837 02e4 45455F74 		.ascii	"EE_th_status\000"
 1837      685F7374 
 1837      61747573 
 1837      00
 1838              	.LASF39:
 1839 02f1 436F756E 		.ascii	"CounterObjectKindType\000"
 1839      7465724F 
 1839      626A6563 
 1839      744B696E 
 1839      64547970 
 1840              	.LASF73:
 1841 0307 45455F74 		.ascii	"EE_th_dispatch_prio\000"
 1841      685F6469 
 1841      73706174 
 1841      63685F70 
 1841      72696F00 
 1842              	.LASF110:
 1843 031b 45455F63 		.ascii	"EE_cortex_mx_stack_4\000"
 1843      6F727465 
 1843      785F6D78 
 1843      5F737461 
 1843      636B5F34 
 1844              	.LASF111:
 1845 0330 45455F63 		.ascii	"EE_cortex_mx_stack_9\000"
 1845      6F727465 
 1845      785F6D78 
 1845      5F737461 
 1845      636B5F39 
 1846              	.LASF14:
 1847 0345 45455F56 		.ascii	"EE_VOID_CALLBACK\000"
 1847      4F49445F 
 1847      43414C4C 
 1847      4241434B 
 1847      00
 1848              	.LASF27:
 1849 0356 436F756E 		.ascii	"CounterType\000"
 1849      74657254 
 1849      79706500 
 1850              	.LASF98:
 1851 0362 45455F6F 		.ascii	"EE_oo_counter_object_ROM\000"
 1851      6F5F636F 
 1851      756E7465 
ARM GAS  C:\Users\agila\AppData\Local\Temp\ccSedCnn.s 			page 37


 1851      725F6F62 
 1851      6A656374 
 1852              	.LASF59:
 1853 037b 61637469 		.ascii	"action_id\000"
 1853      6F6E5F69 
 1853      6400
 1854              	.LASF106:
 1855 0385 45455F41 		.ascii	"EE_ApplicationMode\000"
 1855      70706C69 
 1855      63617469 
 1855      6F6E4D6F 
 1855      646500
 1856              	.LASF99:
 1857 0398 45455F6F 		.ascii	"EE_oo_action_ROM\000"
 1857      6F5F6163 
 1857      74696F6E 
 1857      5F524F4D 
 1857      00
 1858              	.LASF21:
 1859 03a9 45455F54 		.ascii	"EE_TYPE_RQ_MASK\000"
 1859      5950455F 
 1859      52515F4D 
 1859      41534B00 
 1860              	.LASF64:
 1861 03b9 73697A65 		.ascii	"sizetype\000"
 1861      74797065 
 1861      00
 1862              	.LASF9:
 1863 03c2 6C6F6E67 		.ascii	"long double\000"
 1863      20646F75 
 1863      626C6500 
 1864              	.LASF92:
 1865 03ce 45455F72 		.ascii	"EE_rq_free\000"
 1865      715F6672 
 1865      656500
 1866              	.LASF86:
 1867 03d9 45455F72 		.ascii	"EE_rq_link\000"
 1867      715F6C69 
 1867      6E6B00
 1868              	.LASF17:
 1869 03e4 45455F53 		.ascii	"EE_SREG\000"
 1869      52454700 
 1870              	.LASF30:
 1871 03ec 7469636B 		.ascii	"ticksperbase\000"
 1871      73706572 
 1871      62617365 
 1871      00
 1872              	.LASF43:
 1873 03f9 75736564 		.ascii	"used\000"
 1873      00
 1874              	.LASF47:
 1875 03fe 45455F6F 		.ascii	"EE_oo_counter_object_RAM_type\000"
 1875      6F5F636F 
 1875      756E7465 
 1875      725F6F62 
 1875      6A656374 
 1876              	.LASF97:
ARM GAS  C:\Users\agila\AppData\Local\Temp\ccSedCnn.s 			page 38


 1877 041c 45455F63 		.ascii	"EE_counter_ROM\000"
 1877      6F756E74 
 1877      65725F52 
 1877      4F4D00
 1878              	.LASF58:
 1879 042b 45455F6F 		.ascii	"EE_oo_action_ROM_type\000"
 1879      6F5F6163 
 1879      74696F6E 
 1879      5F524F4D 
 1879      5F747970 
 1880              	.LASF10:
 1881 0441 45455F55 		.ascii	"EE_UINT16\000"
 1881      494E5431 
 1881      3600
 1882              	.LASF37:
 1883 044b 45455F53 		.ascii	"EE_SCHEDULETABLE\000"
 1883      43484544 
 1883      554C4554 
 1883      41424C45 
 1883      00
 1884              	.LASF69:
 1885 045c 45455F63 		.ascii	"EE_cortex_mx_system_tos\000"
 1885      6F727465 
 1885      785F6D78 
 1885      5F737973 
 1885      74656D5F 
 1886              	.LASF1:
 1887 0474 756E7369 		.ascii	"unsigned char\000"
 1887      676E6564 
 1887      20636861 
 1887      7200
 1888              	.LASF36:
 1889 0482 45455F41 		.ascii	"EE_ALARM\000"
 1889      4C41524D 
 1889      00
 1890              	.LASF81:
 1891 048b 45455F74 		.ascii	"EE_th_next\000"
 1891      685F6E65 
 1891      787400
 1892              	.LASF68:
 1893 0496 45455F74 		.ascii	"EE_terminate_real_th_body\000"
 1893      65726D69 
 1893      6E617465 
 1893      5F726561 
 1893      6C5F7468 
 1894              	.LASF57:
 1895 04b0 696E6363 		.ascii	"inccount\000"
 1895      6F756E74 
 1895      00
 1896              	.LASF2:
 1897 04b9 73686F72 		.ascii	"short int\000"
 1897      7420696E 
 1897      7400
 1898              	.LASF94:
 1899 04c3 45455F74 		.ascii	"EE_th_event_waitmask\000"
 1899      685F6576 
 1899      656E745F 
ARM GAS  C:\Users\agila\AppData\Local\Temp\ccSedCnn.s 			page 39


 1899      77616974 
 1899      6D61736B 
 1900              	.LASF75:
 1901 04d8 45455F54 		.ascii	"EE_TASK_NAME\000"
 1901      41534B5F 
 1901      4E414D45 
 1901      00
 1902              	.LASF32:
 1903 04e5 45455F6F 		.ascii	"EE_oo_counter_ROM_type\000"
 1903      6F5F636F 
 1903      756E7465 
 1903      725F524F 
 1903      4D5F7479 
 1904              	.LASF112:
 1905 04fc 474E5520 		.ascii	"GNU C11 5.4.1 20160609 (release) [ARM/embedded-5-br"
 1905      43313120 
 1905      352E342E 
 1905      31203230 
 1905      31363036 
 1906 052f 616E6368 		.ascii	"anch revision 237715] -mcpu=cortex-m3 -mthumb -g -O"
 1906      20726576 
 1906      6973696F 
 1906      6E203233 
 1906      37373135 
 1907 0562 67202D66 		.ascii	"g -ffunction-sections -ffat-lto-objects\000"
 1907      66756E63 
 1907      74696F6E 
 1907      2D736563 
 1907      74696F6E 
 1908              	.LASF56:
 1909 058a 61637469 		.ascii	"action_mask\000"
 1909      6F6E5F6D 
 1909      61736B00 
 1910              	.LASF15:
 1911 0596 45455F54 		.ascii	"EE_THREAD_PTR\000"
 1911      48524541 
 1911      445F5054 
 1911      5200
 1912              	.LASF88:
 1913 05a4 45455F72 		.ascii	"EE_rq_queues_tail\000"
 1913      715F7175 
 1913      65756573 
 1913      5F746169 
 1913      6C00
 1914              	.LASF66:
 1915 05b6 45455F73 		.ascii	"EE_std_thread_tos\000"
 1915      74645F74 
 1915      68726561 
 1915      645F746F 
 1915      7300
 1916              	.LASF51:
 1917 05c8 45455F41 		.ascii	"EE_ACTION_CALLBACK\000"
 1917      4354494F 
 1917      4E5F4341 
 1917      4C4C4241 
 1917      434B00
 1918              	.LASF91:
ARM GAS  C:\Users\agila\AppData\Local\Temp\ccSedCnn.s 			page 40


 1919 05db 45455F72 		.ascii	"EE_rq_bitmask\000"
 1919      715F6269 
 1919      746D6173 
 1919      6B00
 1920              	.LASF34:
 1921 05e9 66697273 		.ascii	"first\000"
 1921      7400
 1922              	.LASF25:
 1923 05ef 436F756E 		.ascii	"CounterObjectType\000"
 1923      7465724F 
 1923      626A6563 
 1923      74547970 
 1923      6500
 1924              	.LASF74:
 1925 0601 63686172 		.ascii	"char\000"
 1925      00
 1926              	.LASF48:
 1927 0606 45455F41 		.ascii	"EE_ACTION_TASK\000"
 1927      4354494F 
 1927      4E5F5441 
 1927      534B00
 1928              	.LASF71:
 1929 0615 45455F74 		.ascii	"EE_th_rnact_max\000"
 1929      685F726E 
 1929      6163745F 
 1929      6D617800 
 1930              	.LASF50:
 1931 0625 45455F41 		.ascii	"EE_ACTION_COUNTER\000"
 1931      4354494F 
 1931      4E5F434F 
 1931      554E5445 
 1931      5200
 1932              	.LASF101:
 1933 0637 45455F63 		.ascii	"EE_counter_RAM\000"
 1933      6F756E74 
 1933      65725F52 
 1933      414D00
 1934              	.LASF40:
 1935 0646 73706563 		.ascii	"spec_id\000"
 1935      5F696400 
 1936              	.LASF49:
 1937 064e 45455F41 		.ascii	"EE_ACTION_EVENT\000"
 1937      4354494F 
 1937      4E5F4556 
 1937      454E5400 
 1938              	.LASF65:
 1939 065e 45455F68 		.ascii	"EE_hal_thread_body\000"
 1939      616C5F74 
 1939      68726561 
 1939      645F626F 
 1939      647900
 1940              	.LASF85:
 1941 0671 45455F73 		.ascii	"EE_sys_ceiling\000"
 1941      79735F63 
 1941      65696C69 
 1941      6E6700
 1942              	.LASF54:
ARM GAS  C:\Users\agila\AppData\Local\Temp\ccSedCnn.s 			page 41


 1943 0680 61637469 		.ascii	"action_kind\000"
 1943      6F6E5F6B 
 1943      696E6400 
 1944              	.LASF63:
 1945 068c 7461736B 		.ascii	"task\000"
 1945      00
 1946              	.LASF102:
 1947 0691 45455F6F 		.ascii	"EE_oo_counter_object_RAM\000"
 1947      6F5F636F 
 1947      756E7465 
 1947      725F6F62 
 1947      6A656374 
 1948              	.LASF53:
 1949 06aa 41637469 		.ascii	"ActionKindType\000"
 1949      6F6E4B69 
 1949      6E645479 
 1949      706500
 1950              	.LASF72:
 1951 06b9 45455F74 		.ascii	"EE_th_ready_prio\000"
 1951      685F7265 
 1951      6164795F 
 1951      7072696F 
 1951      00
 1952              	.LASF82:
 1953 06ca 45455F74 		.ascii	"EE_th_rnact\000"
 1953      685F726E 
 1953      61637400 
 1954              	.LASF90:
 1955 06d6 45455F72 		.ascii	"EE_rq_pairs_tid\000"
 1955      715F7061 
 1955      6972735F 
 1955      74696400 
 1956              	.LASF108:
 1957 06e6 45455F49 		.ascii	"EE_IRQ_nesting_level\000"
 1957      52515F6E 
 1957      65737469 
 1957      6E675F6C 
 1957      6576656C 
 1958              	.LASF12:
 1959 06fb 45455F55 		.ascii	"EE_UINT32\000"
 1959      494E5433 
 1959      3200
 1960              	.LASF11:
 1961 0705 45455F49 		.ascii	"EE_INT32\000"
 1961      4E543332 
 1961      00
 1962              	.LASF67:
 1963 070e 45455F74 		.ascii	"EE_terminate_data\000"
 1963      65726D69 
 1963      6E617465 
 1963      5F646174 
 1963      6100
 1964              	.LASF93:
 1965 0720 45455F74 		.ascii	"EE_th_event_active\000"
 1965      685F6576 
 1965      656E745F 
 1965      61637469 
ARM GAS  C:\Users\agila\AppData\Local\Temp\ccSedCnn.s 			page 42


 1965      766500
 1966              	.LASF44:
 1967 0733 636E7463 		.ascii	"cntcycle\000"
 1967      79636C65 
 1967      00
 1968              	.LASF28:
 1969 073c 5359535F 		.ascii	"SYS_tos\000"
 1969      746F7300 
 1970              	.LASF55:
 1971 0744 61637469 		.ascii	"action_task\000"
 1971      6F6E5F74 
 1971      61736B00 
 1972              	.LASF13:
 1973 0750 45455F41 		.ascii	"EE_ADDR\000"
 1973      44445200 
 1974              	.LASF96:
 1975 0758 45455F74 		.ascii	"EE_th_is_extended\000"
 1975      685F6973 
 1975      5F657874 
 1975      656E6465 
 1975      6400
 1976              	.LASF114:
 1977 076a 443A5C57 		.ascii	"D:\\WS25\\AMAEOS\\Lab\\Workspace01\\ReactionGame.cy"
 1977      5332355C 
 1977      414D4145 
 1977      4F535C4C 
 1977      61625C57 
 1978 0798 64736E00 		.ascii	"dsn\000"
 1979              	.LASF18:
 1980 079c 45455F46 		.ascii	"EE_FREG\000"
 1980      52454700 
 1981              	.LASF103:
 1982 07a4 45455F6F 		.ascii	"EE_oo_autostart_task_data\000"
 1982      6F5F6175 
 1982      746F7374 
 1982      6172745F 
 1982      7461736B 
 1983              		.ident	"GCC: (GNU Tools for ARM Embedded Processors) 5.4.1 20160609 (release) [ARM/embedded-5-bran
