ARM GAS  C:\Users\agila\AppData\Local\Temp\ccD94aSd.s 			page 1


   1              		.syntax unified
   2              		.cpu cortex-m3
   3              		.fpu softvfp
   4              		.eabi_attribute 20, 1
   5              		.eabi_attribute 21, 1
   6              		.eabi_attribute 23, 3
   7              		.eabi_attribute 24, 1
   8              		.eabi_attribute 25, 1
   9              		.eabi_attribute 26, 1
  10              		.eabi_attribute 30, 1
  11              		.eabi_attribute 34, 1
  12              		.eabi_attribute 18, 4
  13              		.thumb
  14              		.syntax unified
  15              		.file	"pins.c"
  16              		.text
  17              	.Ltext0:
  18              		.cfi_sections	.debug_frame
  19              		.section	.text.Pins_Init,"ax",%progbits
  20              		.align	2
  21              		.global	Pins_Init
  22              		.thumb
  23              		.thumb_func
  24              		.type	Pins_Init, %function
  25              	Pins_Init:
  26              	.LFB110:
  27              		.file 1 "source\\bsw\\LabBoard\\pins.c"
   1:source\bsw\LabBoard/pins.c **** /* ========================================
   2:source\bsw\LabBoard/pins.c ****  *
   3:source\bsw\LabBoard/pins.c ****  * Copyright YOUR COMPANY, THE YEAR
   4:source\bsw\LabBoard/pins.c ****  * All Rights Reserved
   5:source\bsw\LabBoard/pins.c ****  * UNPUBLISHED, LICENSED SOFTWARE.
   6:source\bsw\LabBoard/pins.c ****  *
   7:source\bsw\LabBoard/pins.c ****  * CONFIDENTIAL AND PROPRIETARY INFORMATION
   8:source\bsw\LabBoard/pins.c ****  * WHICH IS THE PROPERTY OF your company.
   9:source\bsw\LabBoard/pins.c ****  *
  10:source\bsw\LabBoard/pins.c ****  * ========================================
  11:source\bsw\LabBoard/pins.c **** */
  12:source\bsw\LabBoard/pins.c **** 
  13:source\bsw\LabBoard/pins.c **** #include "pins.h"
  14:source\bsw\LabBoard/pins.c **** 
  15:source\bsw\LabBoard/pins.c **** /* Initialize pins */
  16:source\bsw\LabBoard/pins.c **** void Pins_Init(void)
  17:source\bsw\LabBoard/pins.c **** {
  28              		.loc 1 17 0
  29              		.cfi_startproc
  30              		@ args = 0, pretend = 0, frame = 0
  31              		@ frame_needed = 0, uses_anonymous_args = 0
  32 0000 08B5     		push	{r3, lr}
  33              		.cfi_def_cfa_offset 8
  34              		.cfi_offset 3, -8
  35              		.cfi_offset 14, -4
  18:source\bsw\LabBoard/pins.c ****     /* Set each pin to low */
  19:source\bsw\LabBoard/pins.c ****     RED_LED_Write(0U);      // Pin 1
  36              		.loc 1 19 0
  37 0002 0020     		movs	r0, #0
  38 0004 FFF7FEFF 		bl	RED_LED_Write
ARM GAS  C:\Users\agila\AppData\Local\Temp\ccD94aSd.s 			page 2


  39              	.LVL0:
  20:source\bsw\LabBoard/pins.c ****     YELLOW_LED_Write(0U);   // Pin 2
  40              		.loc 1 20 0
  41 0008 0020     		movs	r0, #0
  42 000a FFF7FEFF 		bl	YELLOW_LED_Write
  43              	.LVL1:
  21:source\bsw\LabBoard/pins.c ****     GREEN_LED_Write(0U);    // Pin 3
  44              		.loc 1 21 0
  45 000e 0020     		movs	r0, #0
  46 0010 FFF7FEFF 		bl	GREEN_LED_Write
  47              	.LVL2:
  48 0014 08BD     		pop	{r3, pc}
  49              		.cfi_endproc
  50              	.LFE110:
  51              		.size	Pins_Init, .-Pins_Init
  52 0016 00BF     		.section	.text.Pin_1_Control,"ax",%progbits
  53              		.align	2
  54              		.global	Pin_1_Control
  55              		.thumb
  56              		.thumb_func
  57              		.type	Pin_1_Control, %function
  58              	Pin_1_Control:
  59              	.LFB111:
  22:source\bsw\LabBoard/pins.c **** }
  23:source\bsw\LabBoard/pins.c **** 
  24:source\bsw\LabBoard/pins.c **** /* Wrappers for RED LED */
  25:source\bsw\LabBoard/pins.c **** void Pin_1_Control(uint8_t state)
  26:source\bsw\LabBoard/pins.c **** {
  60              		.loc 1 26 0
  61              		.cfi_startproc
  62              		@ args = 0, pretend = 0, frame = 0
  63              		@ frame_needed = 0, uses_anonymous_args = 0
  64              	.LVL3:
  65 0000 08B5     		push	{r3, lr}
  66              		.cfi_def_cfa_offset 8
  67              		.cfi_offset 3, -8
  68              		.cfi_offset 14, -4
  27:source\bsw\LabBoard/pins.c ****     RED_LED_Write(state);
  69              		.loc 1 27 0
  70 0002 FFF7FEFF 		bl	RED_LED_Write
  71              	.LVL4:
  72 0006 08BD     		pop	{r3, pc}
  73              		.cfi_endproc
  74              	.LFE111:
  75              		.size	Pin_1_Control, .-Pin_1_Control
  76              		.section	.text.Pin_2_Control,"ax",%progbits
  77              		.align	2
  78              		.global	Pin_2_Control
  79              		.thumb
  80              		.thumb_func
  81              		.type	Pin_2_Control, %function
  82              	Pin_2_Control:
  83              	.LFB112:
  28:source\bsw\LabBoard/pins.c **** }
  29:source\bsw\LabBoard/pins.c **** 
  30:source\bsw\LabBoard/pins.c **** /* Wrappers for YELLOW LED */
  31:source\bsw\LabBoard/pins.c **** void Pin_2_Control(uint8_t state)
ARM GAS  C:\Users\agila\AppData\Local\Temp\ccD94aSd.s 			page 3


  32:source\bsw\LabBoard/pins.c **** {
  84              		.loc 1 32 0
  85              		.cfi_startproc
  86              		@ args = 0, pretend = 0, frame = 0
  87              		@ frame_needed = 0, uses_anonymous_args = 0
  88              	.LVL5:
  89 0000 08B5     		push	{r3, lr}
  90              		.cfi_def_cfa_offset 8
  91              		.cfi_offset 3, -8
  92              		.cfi_offset 14, -4
  33:source\bsw\LabBoard/pins.c ****     YELLOW_LED_Write(state);
  93              		.loc 1 33 0
  94 0002 FFF7FEFF 		bl	YELLOW_LED_Write
  95              	.LVL6:
  96 0006 08BD     		pop	{r3, pc}
  97              		.cfi_endproc
  98              	.LFE112:
  99              		.size	Pin_2_Control, .-Pin_2_Control
 100              		.section	.text.Pin_3_Control,"ax",%progbits
 101              		.align	2
 102              		.global	Pin_3_Control
 103              		.thumb
 104              		.thumb_func
 105              		.type	Pin_3_Control, %function
 106              	Pin_3_Control:
 107              	.LFB113:
  34:source\bsw\LabBoard/pins.c **** }
  35:source\bsw\LabBoard/pins.c **** 
  36:source\bsw\LabBoard/pins.c **** /* Wrappers for GREEN LED */
  37:source\bsw\LabBoard/pins.c **** void Pin_3_Control(uint8_t state)
  38:source\bsw\LabBoard/pins.c **** {
 108              		.loc 1 38 0
 109              		.cfi_startproc
 110              		@ args = 0, pretend = 0, frame = 0
 111              		@ frame_needed = 0, uses_anonymous_args = 0
 112              	.LVL7:
 113 0000 08B5     		push	{r3, lr}
 114              		.cfi_def_cfa_offset 8
 115              		.cfi_offset 3, -8
 116              		.cfi_offset 14, -4
  39:source\bsw\LabBoard/pins.c ****     GREEN_LED_Write(state);
 117              		.loc 1 39 0
 118 0002 FFF7FEFF 		bl	GREEN_LED_Write
 119              	.LVL8:
 120 0006 08BD     		pop	{r3, pc}
 121              		.cfi_endproc
 122              	.LFE113:
 123              		.size	Pin_3_Control, .-Pin_3_Control
 124              		.comm	Pin_t,1,1
 125              		.text
 126              	.Letext0:
 127              		.file 2 "c:\\h_da softwares & projects\\psoc creator\\4.4\\psoc creator\\import\\gnu\\arm\\5.4.1\\
 128              		.file 3 "c:\\h_da softwares & projects\\psoc creator\\4.4\\psoc creator\\import\\gnu\\arm\\5.4.1\\
 129              		.file 4 "Generated_Source\\PSoC5/ErikaOS_common_ee_types.inc"
 130              		.file 5 "Generated_Source\\PSoC5/ErikaOS_cortex_mx_ee_cpu.inc"
 131              		.file 6 "Generated_Source\\PSoC5/ErikaOS_ee_oo_intfunc.inc"
 132              		.file 7 "Generated_Source\\PSoC5/ErikaOS_cortex_mx_ee_context.inc"
ARM GAS  C:\Users\agila\AppData\Local\Temp\ccD94aSd.s 			page 4


 133              		.file 8 "Generated_Source\\PSoC5/ErikaOS_common_ee_primitives.inc"
 134              		.file 9 "Generated_Source\\PSoC5/core_cm3.h"
 135              		.file 10 "source\\bsw\\LabBoard\\pins.h"
 136              		.file 11 "Generated_Source\\PSoC5/RED_LED.h"
 137              		.file 12 "Generated_Source\\PSoC5/YELLOW_LED.h"
 138              		.file 13 "Generated_Source\\PSoC5/GREEN_LED.h"
 139              		.section	.debug_info,"",%progbits
 140              	.Ldebug_info0:
 141 0000 62020000 		.4byte	0x262
 142 0004 0400     		.2byte	0x4
 143 0006 00000000 		.4byte	.Ldebug_abbrev0
 144 000a 04       		.byte	0x4
 145 000b 01       		.uleb128 0x1
 146 000c 87000000 		.4byte	.LASF42
 147 0010 0C       		.byte	0xc
 148 0011 27000000 		.4byte	.LASF43
 149 0015 11020000 		.4byte	.LASF44
 150 0019 00000000 		.4byte	.Ldebug_ranges0+0
 151 001d 00000000 		.4byte	0
 152 0021 00000000 		.4byte	.Ldebug_line0
 153 0025 02       		.uleb128 0x2
 154 0026 01       		.byte	0x1
 155 0027 06       		.byte	0x6
 156 0028 D4020000 		.4byte	.LASF0
 157 002c 03       		.uleb128 0x3
 158 002d 00000000 		.4byte	.LASF4
 159 0031 02       		.byte	0x2
 160 0032 1D       		.byte	0x1d
 161 0033 37000000 		.4byte	0x37
 162 0037 02       		.uleb128 0x2
 163 0038 01       		.byte	0x1
 164 0039 08       		.byte	0x8
 165 003a 79000000 		.4byte	.LASF1
 166 003e 02       		.uleb128 0x2
 167 003f 02       		.byte	0x2
 168 0040 05       		.byte	0x5
 169 0041 92020000 		.4byte	.LASF2
 170 0045 02       		.uleb128 0x2
 171 0046 02       		.byte	0x2
 172 0047 07       		.byte	0x7
 173 0048 37010000 		.4byte	.LASF3
 174 004c 03       		.uleb128 0x3
 175 004d 14000000 		.4byte	.LASF5
 176 0051 02       		.byte	0x2
 177 0052 3F       		.byte	0x3f
 178 0053 57000000 		.4byte	0x57
 179 0057 02       		.uleb128 0x2
 180 0058 04       		.byte	0x4
 181 0059 05       		.byte	0x5
 182 005a 1E000000 		.4byte	.LASF6
 183 005e 02       		.uleb128 0x2
 184 005f 04       		.byte	0x4
 185 0060 07       		.byte	0x7
 186 0061 25010000 		.4byte	.LASF7
 187 0065 02       		.uleb128 0x2
 188 0066 08       		.byte	0x8
 189 0067 05       		.byte	0x5
ARM GAS  C:\Users\agila\AppData\Local\Temp\ccD94aSd.s 			page 5


 190 0068 43020000 		.4byte	.LASF8
 191 006c 02       		.uleb128 0x2
 192 006d 08       		.byte	0x8
 193 006e 07       		.byte	0x7
 194 006f C6010000 		.4byte	.LASF9
 195 0073 04       		.uleb128 0x4
 196 0074 04       		.byte	0x4
 197 0075 05       		.byte	0x5
 198 0076 696E7400 		.ascii	"int\000"
 199 007a 02       		.uleb128 0x2
 200 007b 04       		.byte	0x4
 201 007c 07       		.byte	0x7
 202 007d A5010000 		.4byte	.LASF10
 203 0081 03       		.uleb128 0x3
 204 0082 DD010000 		.4byte	.LASF11
 205 0086 03       		.byte	0x3
 206 0087 18       		.byte	0x18
 207 0088 2C000000 		.4byte	0x2c
 208 008c 03       		.uleb128 0x3
 209 008d 00020000 		.4byte	.LASF12
 210 0091 03       		.byte	0x3
 211 0092 2C       		.byte	0x2c
 212 0093 4C000000 		.4byte	0x4c
 213 0097 02       		.uleb128 0x2
 214 0098 04       		.byte	0x4
 215 0099 04       		.byte	0x4
 216 009a 73000000 		.4byte	.LASF13
 217 009e 02       		.uleb128 0x2
 218 009f 08       		.byte	0x8
 219 00a0 04       		.byte	0x4
 220 00a1 77010000 		.4byte	.LASF14
 221 00a5 02       		.uleb128 0x2
 222 00a6 01       		.byte	0x1
 223 00a7 08       		.byte	0x8
 224 00a8 51020000 		.4byte	.LASF15
 225 00ac 02       		.uleb128 0x2
 226 00ad 08       		.byte	0x8
 227 00ae 04       		.byte	0x4
 228 00af C8020000 		.4byte	.LASF16
 229 00b3 02       		.uleb128 0x2
 230 00b4 04       		.byte	0x4
 231 00b5 07       		.byte	0x7
 232 00b6 08020000 		.4byte	.LASF17
 233 00ba 03       		.uleb128 0x3
 234 00bb 53010000 		.4byte	.LASF18
 235 00bf 04       		.byte	0x4
 236 00c0 53       		.byte	0x53
 237 00c1 73000000 		.4byte	0x73
 238 00c5 03       		.uleb128 0x3
 239 00c6 BC010000 		.4byte	.LASF19
 240 00ca 04       		.byte	0x4
 241 00cb 54       		.byte	0x54
 242 00cc 7A000000 		.4byte	0x7a
 243 00d0 03       		.uleb128 0x3
 244 00d1 56020000 		.4byte	.LASF20
 245 00d5 05       		.byte	0x5
 246 00d6 4D       		.byte	0x4d
ARM GAS  C:\Users\agila\AppData\Local\Temp\ccD94aSd.s 			page 6


 247 00d7 C5000000 		.4byte	0xc5
 248 00db 03       		.uleb128 0x3
 249 00dc E5010000 		.4byte	.LASF21
 250 00e0 05       		.byte	0x5
 251 00e1 4F       		.byte	0x4f
 252 00e2 C5000000 		.4byte	0xc5
 253 00e6 03       		.uleb128 0x3
 254 00e7 66000000 		.4byte	.LASF22
 255 00eb 05       		.byte	0x5
 256 00ec 78       		.byte	0x78
 257 00ed BA000000 		.4byte	0xba
 258 00f1 05       		.uleb128 0x5
 259 00f2 01       		.byte	0x1
 260 00f3 37000000 		.4byte	0x37
 261 00f7 0A       		.byte	0xa
 262 00f8 18       		.byte	0x18
 263 00f9 16010000 		.4byte	0x116
 264 00fd 06       		.uleb128 0x6
 265 00fe 4A010000 		.4byte	.LASF23
 266 0102 00       		.byte	0
 267 0103 06       		.uleb128 0x6
 268 0104 E0020000 		.4byte	.LASF24
 269 0108 01       		.byte	0x1
 270 0109 06       		.uleb128 0x6
 271 010a 42000000 		.4byte	.LASF25
 272 010e 02       		.byte	0x2
 273 010f 06       		.uleb128 0x6
 274 0110 B2010000 		.4byte	.LASF26
 275 0114 03       		.byte	0x3
 276 0115 00       		.byte	0
 277 0116 07       		.uleb128 0x7
 278 0117 0A000000 		.4byte	.LASF27
 279 011b 01       		.byte	0x1
 280 011c 10       		.byte	0x10
 281 011d 00000000 		.4byte	.LFB110
 282 0121 16000000 		.4byte	.LFE110-.LFB110
 283 0125 01       		.uleb128 0x1
 284 0126 9C       		.byte	0x9c
 285 0127 61010000 		.4byte	0x161
 286 012b 08       		.uleb128 0x8
 287 012c 08000000 		.4byte	.LVL0
 288 0130 44020000 		.4byte	0x244
 289 0134 3E010000 		.4byte	0x13e
 290 0138 09       		.uleb128 0x9
 291 0139 01       		.uleb128 0x1
 292 013a 50       		.byte	0x50
 293 013b 01       		.uleb128 0x1
 294 013c 30       		.byte	0x30
 295 013d 00       		.byte	0
 296 013e 08       		.uleb128 0x8
 297 013f 0E000000 		.4byte	.LVL1
 298 0143 4F020000 		.4byte	0x24f
 299 0147 51010000 		.4byte	0x151
 300 014b 09       		.uleb128 0x9
 301 014c 01       		.uleb128 0x1
 302 014d 50       		.byte	0x50
 303 014e 01       		.uleb128 0x1
ARM GAS  C:\Users\agila\AppData\Local\Temp\ccD94aSd.s 			page 7


 304 014f 30       		.byte	0x30
 305 0150 00       		.byte	0
 306 0151 0A       		.uleb128 0xa
 307 0152 14000000 		.4byte	.LVL2
 308 0156 5A020000 		.4byte	0x25a
 309 015a 09       		.uleb128 0x9
 310 015b 01       		.uleb128 0x1
 311 015c 50       		.byte	0x50
 312 015d 01       		.uleb128 0x1
 313 015e 30       		.byte	0x30
 314 015f 00       		.byte	0
 315 0160 00       		.byte	0
 316 0161 07       		.uleb128 0x7
 317 0162 84020000 		.4byte	.LASF28
 318 0166 01       		.byte	0x1
 319 0167 19       		.byte	0x19
 320 0168 00000000 		.4byte	.LFB111
 321 016c 08000000 		.4byte	.LFE111-.LFB111
 322 0170 01       		.uleb128 0x1
 323 0171 9C       		.byte	0x9c
 324 0172 8F010000 		.4byte	0x18f
 325 0176 0B       		.uleb128 0xb
 326 0177 6D000000 		.4byte	.LASF30
 327 017b 01       		.byte	0x1
 328 017c 19       		.byte	0x19
 329 017d 81000000 		.4byte	0x81
 330 0181 00000000 		.4byte	.LLST0
 331 0185 0C       		.uleb128 0xc
 332 0186 06000000 		.4byte	.LVL4
 333 018a 44020000 		.4byte	0x244
 334 018e 00       		.byte	0
 335 018f 07       		.uleb128 0x7
 336 0190 7E010000 		.4byte	.LASF29
 337 0194 01       		.byte	0x1
 338 0195 1F       		.byte	0x1f
 339 0196 00000000 		.4byte	.LFB112
 340 019a 08000000 		.4byte	.LFE112-.LFB112
 341 019e 01       		.uleb128 0x1
 342 019f 9C       		.byte	0x9c
 343 01a0 BD010000 		.4byte	0x1bd
 344 01a4 0B       		.uleb128 0xb
 345 01a5 6D000000 		.4byte	.LASF30
 346 01a9 01       		.byte	0x1
 347 01aa 1F       		.byte	0x1f
 348 01ab 81000000 		.4byte	0x81
 349 01af 21000000 		.4byte	.LLST1
 350 01b3 0C       		.uleb128 0xc
 351 01b4 06000000 		.4byte	.LVL6
 352 01b8 4F020000 		.4byte	0x24f
 353 01bc 00       		.byte	0
 354 01bd 07       		.uleb128 0x7
 355 01be 69010000 		.4byte	.LASF31
 356 01c2 01       		.byte	0x1
 357 01c3 25       		.byte	0x25
 358 01c4 00000000 		.4byte	.LFB113
 359 01c8 08000000 		.4byte	.LFE113-.LFB113
 360 01cc 01       		.uleb128 0x1
ARM GAS  C:\Users\agila\AppData\Local\Temp\ccD94aSd.s 			page 8


 361 01cd 9C       		.byte	0x9c
 362 01ce EB010000 		.4byte	0x1eb
 363 01d2 0B       		.uleb128 0xb
 364 01d3 6D000000 		.4byte	.LASF30
 365 01d7 01       		.byte	0x1
 366 01d8 25       		.byte	0x25
 367 01d9 81000000 		.4byte	0x81
 368 01dd 42000000 		.4byte	.LLST2
 369 01e1 0C       		.uleb128 0xc
 370 01e2 06000000 		.4byte	.LVL8
 371 01e6 5A020000 		.4byte	0x25a
 372 01ea 00       		.byte	0
 373 01eb 0D       		.uleb128 0xd
 374 01ec 9C020000 		.4byte	.LASF32
 375 01f0 06       		.byte	0x6
 376 01f1 40       		.byte	0x40
 377 01f2 D0000000 		.4byte	0xd0
 378 01f6 0D       		.uleb128 0xd
 379 01f7 4D000000 		.4byte	.LASF33
 380 01fb 06       		.byte	0x6
 381 01fc 47       		.byte	0x47
 382 01fd DB000000 		.4byte	0xdb
 383 0201 0D       		.uleb128 0xd
 384 0202 ED010000 		.4byte	.LASF34
 385 0206 06       		.byte	0x6
 386 0207 4A       		.byte	0x4a
 387 0208 D0000000 		.4byte	0xd0
 388 020c 0D       		.uleb128 0xd
 389 020d 8C010000 		.4byte	.LASF35
 390 0211 07       		.byte	0x7
 391 0212 48       		.byte	0x48
 392 0213 E6000000 		.4byte	0xe6
 393 0217 0D       		.uleb128 0xd
 394 0218 5E020000 		.4byte	.LASF36
 395 021c 08       		.byte	0x8
 396 021d 44       		.byte	0x44
 397 021e D0000000 		.4byte	0xd0
 398 0222 0E       		.uleb128 0xe
 399 0223 5C010000 		.4byte	.LASF37
 400 0227 09       		.byte	0x9
 401 0228 1207     		.2byte	0x712
 402 022a 2E020000 		.4byte	0x22e
 403 022e 0F       		.uleb128 0xf
 404 022f 8C000000 		.4byte	0x8c
 405 0233 10       		.uleb128 0x10
 406 0234 B4020000 		.4byte	.LASF38
 407 0238 0A       		.byte	0xa
 408 0239 1D       		.byte	0x1d
 409 023a F1000000 		.4byte	0xf1
 410 023e 05       		.uleb128 0x5
 411 023f 03       		.byte	0x3
 412 0240 00000000 		.4byte	Pin_t
 413 0244 11       		.uleb128 0x11
 414 0245 BA020000 		.4byte	.LASF39
 415 0249 BA020000 		.4byte	.LASF39
 416 024d 0B       		.byte	0xb
 417 024e 26       		.byte	0x26
ARM GAS  C:\Users\agila\AppData\Local\Temp\ccD94aSd.s 			page 9


 418 024f 11       		.uleb128 0x11
 419 0250 73020000 		.4byte	.LASF40
 420 0254 73020000 		.4byte	.LASF40
 421 0258 0C       		.byte	0xc
 422 0259 26       		.byte	0x26
 423 025a 11       		.uleb128 0x11
 424 025b 15010000 		.4byte	.LASF41
 425 025f 15010000 		.4byte	.LASF41
 426 0263 0D       		.byte	0xd
 427 0264 26       		.byte	0x26
 428 0265 00       		.byte	0
 429              		.section	.debug_abbrev,"",%progbits
 430              	.Ldebug_abbrev0:
 431 0000 01       		.uleb128 0x1
 432 0001 11       		.uleb128 0x11
 433 0002 01       		.byte	0x1
 434 0003 25       		.uleb128 0x25
 435 0004 0E       		.uleb128 0xe
 436 0005 13       		.uleb128 0x13
 437 0006 0B       		.uleb128 0xb
 438 0007 03       		.uleb128 0x3
 439 0008 0E       		.uleb128 0xe
 440 0009 1B       		.uleb128 0x1b
 441 000a 0E       		.uleb128 0xe
 442 000b 55       		.uleb128 0x55
 443 000c 17       		.uleb128 0x17
 444 000d 11       		.uleb128 0x11
 445 000e 01       		.uleb128 0x1
 446 000f 10       		.uleb128 0x10
 447 0010 17       		.uleb128 0x17
 448 0011 00       		.byte	0
 449 0012 00       		.byte	0
 450 0013 02       		.uleb128 0x2
 451 0014 24       		.uleb128 0x24
 452 0015 00       		.byte	0
 453 0016 0B       		.uleb128 0xb
 454 0017 0B       		.uleb128 0xb
 455 0018 3E       		.uleb128 0x3e
 456 0019 0B       		.uleb128 0xb
 457 001a 03       		.uleb128 0x3
 458 001b 0E       		.uleb128 0xe
 459 001c 00       		.byte	0
 460 001d 00       		.byte	0
 461 001e 03       		.uleb128 0x3
 462 001f 16       		.uleb128 0x16
 463 0020 00       		.byte	0
 464 0021 03       		.uleb128 0x3
 465 0022 0E       		.uleb128 0xe
 466 0023 3A       		.uleb128 0x3a
 467 0024 0B       		.uleb128 0xb
 468 0025 3B       		.uleb128 0x3b
 469 0026 0B       		.uleb128 0xb
 470 0027 49       		.uleb128 0x49
 471 0028 13       		.uleb128 0x13
 472 0029 00       		.byte	0
 473 002a 00       		.byte	0
 474 002b 04       		.uleb128 0x4
ARM GAS  C:\Users\agila\AppData\Local\Temp\ccD94aSd.s 			page 10


 475 002c 24       		.uleb128 0x24
 476 002d 00       		.byte	0
 477 002e 0B       		.uleb128 0xb
 478 002f 0B       		.uleb128 0xb
 479 0030 3E       		.uleb128 0x3e
 480 0031 0B       		.uleb128 0xb
 481 0032 03       		.uleb128 0x3
 482 0033 08       		.uleb128 0x8
 483 0034 00       		.byte	0
 484 0035 00       		.byte	0
 485 0036 05       		.uleb128 0x5
 486 0037 04       		.uleb128 0x4
 487 0038 01       		.byte	0x1
 488 0039 0B       		.uleb128 0xb
 489 003a 0B       		.uleb128 0xb
 490 003b 49       		.uleb128 0x49
 491 003c 13       		.uleb128 0x13
 492 003d 3A       		.uleb128 0x3a
 493 003e 0B       		.uleb128 0xb
 494 003f 3B       		.uleb128 0x3b
 495 0040 0B       		.uleb128 0xb
 496 0041 01       		.uleb128 0x1
 497 0042 13       		.uleb128 0x13
 498 0043 00       		.byte	0
 499 0044 00       		.byte	0
 500 0045 06       		.uleb128 0x6
 501 0046 28       		.uleb128 0x28
 502 0047 00       		.byte	0
 503 0048 03       		.uleb128 0x3
 504 0049 0E       		.uleb128 0xe
 505 004a 1C       		.uleb128 0x1c
 506 004b 0B       		.uleb128 0xb
 507 004c 00       		.byte	0
 508 004d 00       		.byte	0
 509 004e 07       		.uleb128 0x7
 510 004f 2E       		.uleb128 0x2e
 511 0050 01       		.byte	0x1
 512 0051 3F       		.uleb128 0x3f
 513 0052 19       		.uleb128 0x19
 514 0053 03       		.uleb128 0x3
 515 0054 0E       		.uleb128 0xe
 516 0055 3A       		.uleb128 0x3a
 517 0056 0B       		.uleb128 0xb
 518 0057 3B       		.uleb128 0x3b
 519 0058 0B       		.uleb128 0xb
 520 0059 27       		.uleb128 0x27
 521 005a 19       		.uleb128 0x19
 522 005b 11       		.uleb128 0x11
 523 005c 01       		.uleb128 0x1
 524 005d 12       		.uleb128 0x12
 525 005e 06       		.uleb128 0x6
 526 005f 40       		.uleb128 0x40
 527 0060 18       		.uleb128 0x18
 528 0061 9742     		.uleb128 0x2117
 529 0063 19       		.uleb128 0x19
 530 0064 01       		.uleb128 0x1
 531 0065 13       		.uleb128 0x13
ARM GAS  C:\Users\agila\AppData\Local\Temp\ccD94aSd.s 			page 11


 532 0066 00       		.byte	0
 533 0067 00       		.byte	0
 534 0068 08       		.uleb128 0x8
 535 0069 898201   		.uleb128 0x4109
 536 006c 01       		.byte	0x1
 537 006d 11       		.uleb128 0x11
 538 006e 01       		.uleb128 0x1
 539 006f 31       		.uleb128 0x31
 540 0070 13       		.uleb128 0x13
 541 0071 01       		.uleb128 0x1
 542 0072 13       		.uleb128 0x13
 543 0073 00       		.byte	0
 544 0074 00       		.byte	0
 545 0075 09       		.uleb128 0x9
 546 0076 8A8201   		.uleb128 0x410a
 547 0079 00       		.byte	0
 548 007a 02       		.uleb128 0x2
 549 007b 18       		.uleb128 0x18
 550 007c 9142     		.uleb128 0x2111
 551 007e 18       		.uleb128 0x18
 552 007f 00       		.byte	0
 553 0080 00       		.byte	0
 554 0081 0A       		.uleb128 0xa
 555 0082 898201   		.uleb128 0x4109
 556 0085 01       		.byte	0x1
 557 0086 11       		.uleb128 0x11
 558 0087 01       		.uleb128 0x1
 559 0088 31       		.uleb128 0x31
 560 0089 13       		.uleb128 0x13
 561 008a 00       		.byte	0
 562 008b 00       		.byte	0
 563 008c 0B       		.uleb128 0xb
 564 008d 05       		.uleb128 0x5
 565 008e 00       		.byte	0
 566 008f 03       		.uleb128 0x3
 567 0090 0E       		.uleb128 0xe
 568 0091 3A       		.uleb128 0x3a
 569 0092 0B       		.uleb128 0xb
 570 0093 3B       		.uleb128 0x3b
 571 0094 0B       		.uleb128 0xb
 572 0095 49       		.uleb128 0x49
 573 0096 13       		.uleb128 0x13
 574 0097 02       		.uleb128 0x2
 575 0098 17       		.uleb128 0x17
 576 0099 00       		.byte	0
 577 009a 00       		.byte	0
 578 009b 0C       		.uleb128 0xc
 579 009c 898201   		.uleb128 0x4109
 580 009f 00       		.byte	0
 581 00a0 11       		.uleb128 0x11
 582 00a1 01       		.uleb128 0x1
 583 00a2 31       		.uleb128 0x31
 584 00a3 13       		.uleb128 0x13
 585 00a4 00       		.byte	0
 586 00a5 00       		.byte	0
 587 00a6 0D       		.uleb128 0xd
 588 00a7 34       		.uleb128 0x34
ARM GAS  C:\Users\agila\AppData\Local\Temp\ccD94aSd.s 			page 12


 589 00a8 00       		.byte	0
 590 00a9 03       		.uleb128 0x3
 591 00aa 0E       		.uleb128 0xe
 592 00ab 3A       		.uleb128 0x3a
 593 00ac 0B       		.uleb128 0xb
 594 00ad 3B       		.uleb128 0x3b
 595 00ae 0B       		.uleb128 0xb
 596 00af 49       		.uleb128 0x49
 597 00b0 13       		.uleb128 0x13
 598 00b1 3F       		.uleb128 0x3f
 599 00b2 19       		.uleb128 0x19
 600 00b3 3C       		.uleb128 0x3c
 601 00b4 19       		.uleb128 0x19
 602 00b5 00       		.byte	0
 603 00b6 00       		.byte	0
 604 00b7 0E       		.uleb128 0xe
 605 00b8 34       		.uleb128 0x34
 606 00b9 00       		.byte	0
 607 00ba 03       		.uleb128 0x3
 608 00bb 0E       		.uleb128 0xe
 609 00bc 3A       		.uleb128 0x3a
 610 00bd 0B       		.uleb128 0xb
 611 00be 3B       		.uleb128 0x3b
 612 00bf 05       		.uleb128 0x5
 613 00c0 49       		.uleb128 0x49
 614 00c1 13       		.uleb128 0x13
 615 00c2 3F       		.uleb128 0x3f
 616 00c3 19       		.uleb128 0x19
 617 00c4 3C       		.uleb128 0x3c
 618 00c5 19       		.uleb128 0x19
 619 00c6 00       		.byte	0
 620 00c7 00       		.byte	0
 621 00c8 0F       		.uleb128 0xf
 622 00c9 35       		.uleb128 0x35
 623 00ca 00       		.byte	0
 624 00cb 49       		.uleb128 0x49
 625 00cc 13       		.uleb128 0x13
 626 00cd 00       		.byte	0
 627 00ce 00       		.byte	0
 628 00cf 10       		.uleb128 0x10
 629 00d0 34       		.uleb128 0x34
 630 00d1 00       		.byte	0
 631 00d2 03       		.uleb128 0x3
 632 00d3 0E       		.uleb128 0xe
 633 00d4 3A       		.uleb128 0x3a
 634 00d5 0B       		.uleb128 0xb
 635 00d6 3B       		.uleb128 0x3b
 636 00d7 0B       		.uleb128 0xb
 637 00d8 49       		.uleb128 0x49
 638 00d9 13       		.uleb128 0x13
 639 00da 3F       		.uleb128 0x3f
 640 00db 19       		.uleb128 0x19
 641 00dc 02       		.uleb128 0x2
 642 00dd 18       		.uleb128 0x18
 643 00de 00       		.byte	0
 644 00df 00       		.byte	0
 645 00e0 11       		.uleb128 0x11
ARM GAS  C:\Users\agila\AppData\Local\Temp\ccD94aSd.s 			page 13


 646 00e1 2E       		.uleb128 0x2e
 647 00e2 00       		.byte	0
 648 00e3 3F       		.uleb128 0x3f
 649 00e4 19       		.uleb128 0x19
 650 00e5 3C       		.uleb128 0x3c
 651 00e6 19       		.uleb128 0x19
 652 00e7 6E       		.uleb128 0x6e
 653 00e8 0E       		.uleb128 0xe
 654 00e9 03       		.uleb128 0x3
 655 00ea 0E       		.uleb128 0xe
 656 00eb 3A       		.uleb128 0x3a
 657 00ec 0B       		.uleb128 0xb
 658 00ed 3B       		.uleb128 0x3b
 659 00ee 0B       		.uleb128 0xb
 660 00ef 00       		.byte	0
 661 00f0 00       		.byte	0
 662 00f1 00       		.byte	0
 663              		.section	.debug_loc,"",%progbits
 664              	.Ldebug_loc0:
 665              	.LLST0:
 666 0000 00000000 		.4byte	.LVL3
 667 0004 05000000 		.4byte	.LVL4-1
 668 0008 0100     		.2byte	0x1
 669 000a 50       		.byte	0x50
 670 000b 05000000 		.4byte	.LVL4-1
 671 000f 08000000 		.4byte	.LFE111
 672 0013 0400     		.2byte	0x4
 673 0015 F3       		.byte	0xf3
 674 0016 01       		.uleb128 0x1
 675 0017 50       		.byte	0x50
 676 0018 9F       		.byte	0x9f
 677 0019 00000000 		.4byte	0
 678 001d 00000000 		.4byte	0
 679              	.LLST1:
 680 0021 00000000 		.4byte	.LVL5
 681 0025 05000000 		.4byte	.LVL6-1
 682 0029 0100     		.2byte	0x1
 683 002b 50       		.byte	0x50
 684 002c 05000000 		.4byte	.LVL6-1
 685 0030 08000000 		.4byte	.LFE112
 686 0034 0400     		.2byte	0x4
 687 0036 F3       		.byte	0xf3
 688 0037 01       		.uleb128 0x1
 689 0038 50       		.byte	0x50
 690 0039 9F       		.byte	0x9f
 691 003a 00000000 		.4byte	0
 692 003e 00000000 		.4byte	0
 693              	.LLST2:
 694 0042 00000000 		.4byte	.LVL7
 695 0046 05000000 		.4byte	.LVL8-1
 696 004a 0100     		.2byte	0x1
 697 004c 50       		.byte	0x50
 698 004d 05000000 		.4byte	.LVL8-1
 699 0051 08000000 		.4byte	.LFE113
 700 0055 0400     		.2byte	0x4
 701 0057 F3       		.byte	0xf3
 702 0058 01       		.uleb128 0x1
ARM GAS  C:\Users\agila\AppData\Local\Temp\ccD94aSd.s 			page 14


 703 0059 50       		.byte	0x50
 704 005a 9F       		.byte	0x9f
 705 005b 00000000 		.4byte	0
 706 005f 00000000 		.4byte	0
 707              		.section	.debug_aranges,"",%progbits
 708 0000 34000000 		.4byte	0x34
 709 0004 0200     		.2byte	0x2
 710 0006 00000000 		.4byte	.Ldebug_info0
 711 000a 04       		.byte	0x4
 712 000b 00       		.byte	0
 713 000c 0000     		.2byte	0
 714 000e 0000     		.2byte	0
 715 0010 00000000 		.4byte	.LFB110
 716 0014 16000000 		.4byte	.LFE110-.LFB110
 717 0018 00000000 		.4byte	.LFB111
 718 001c 08000000 		.4byte	.LFE111-.LFB111
 719 0020 00000000 		.4byte	.LFB112
 720 0024 08000000 		.4byte	.LFE112-.LFB112
 721 0028 00000000 		.4byte	.LFB113
 722 002c 08000000 		.4byte	.LFE113-.LFB113
 723 0030 00000000 		.4byte	0
 724 0034 00000000 		.4byte	0
 725              		.section	.debug_ranges,"",%progbits
 726              	.Ldebug_ranges0:
 727 0000 00000000 		.4byte	.LFB110
 728 0004 16000000 		.4byte	.LFE110
 729 0008 00000000 		.4byte	.LFB111
 730 000c 08000000 		.4byte	.LFE111
 731 0010 00000000 		.4byte	.LFB112
 732 0014 08000000 		.4byte	.LFE112
 733 0018 00000000 		.4byte	.LFB113
 734 001c 08000000 		.4byte	.LFE113
 735 0020 00000000 		.4byte	0
 736 0024 00000000 		.4byte	0
 737              		.section	.debug_line,"",%progbits
 738              	.Ldebug_line0:
 739 0000 71020000 		.section	.debug_str,"MS",%progbits,1
 739      02002902 
 739      00000201 
 739      FB0E0D00 
 739      01010101 
 740              	.LASF4:
 741 0000 5F5F7569 		.ascii	"__uint8_t\000"
 741      6E74385F 
 741      7400
 742              	.LASF27:
 743 000a 50696E73 		.ascii	"Pins_Init\000"
 743      5F496E69 
 743      7400
 744              	.LASF5:
 745 0014 5F5F696E 		.ascii	"__int32_t\000"
 745      7433325F 
 745      7400
 746              	.LASF6:
 747 001e 6C6F6E67 		.ascii	"long int\000"
 747      20696E74 
 747      00
ARM GAS  C:\Users\agila\AppData\Local\Temp\ccD94aSd.s 			page 15


 748              	.LASF43:
 749 0027 736F7572 		.ascii	"source\\bsw\\LabBoard\\pins.c\000"
 749      63655C62 
 749      73775C4C 
 749      6162426F 
 749      6172645C 
 750              	.LASF25:
 751 0042 50494E5F 		.ascii	"PIN_YELLOW\000"
 751      59454C4C 
 751      4F5700
 752              	.LASF33:
 753 004d 45455F6F 		.ascii	"EE_oo_IRQ_suspend_status\000"
 753      6F5F4952 
 753      515F7375 
 753      7370656E 
 753      645F7374 
 754              	.LASF22:
 755 0066 45455F54 		.ascii	"EE_TID\000"
 755      494400
 756              	.LASF30:
 757 006d 73746174 		.ascii	"state\000"
 757      6500
 758              	.LASF13:
 759 0073 666C6F61 		.ascii	"float\000"
 759      7400
 760              	.LASF1:
 761 0079 756E7369 		.ascii	"unsigned char\000"
 761      676E6564 
 761      20636861 
 761      7200
 762              	.LASF42:
 763 0087 474E5520 		.ascii	"GNU C11 5.4.1 20160609 (release) [ARM/embedded-5-br"
 763      43313120 
 763      352E342E 
 763      31203230 
 763      31363036 
 764 00ba 616E6368 		.ascii	"anch revision 237715] -mcpu=cortex-m3 -mthumb -g -O"
 764      20726576 
 764      6973696F 
 764      6E203233 
 764      37373135 
 765 00ed 67202D66 		.ascii	"g -ffunction-sections -ffat-lto-objects\000"
 765      66756E63 
 765      74696F6E 
 765      2D736563 
 765      74696F6E 
 766              	.LASF41:
 767 0115 47524545 		.ascii	"GREEN_LED_Write\000"
 767      4E5F4C45 
 767      445F5772 
 767      69746500 
 768              	.LASF7:
 769 0125 6C6F6E67 		.ascii	"long unsigned int\000"
 769      20756E73 
 769      69676E65 
 769      6420696E 
 769      7400
ARM GAS  C:\Users\agila\AppData\Local\Temp\ccD94aSd.s 			page 16


 770              	.LASF3:
 771 0137 73686F72 		.ascii	"short unsigned int\000"
 771      7420756E 
 771      7369676E 
 771      65642069 
 771      6E7400
 772              	.LASF23:
 773 014a 50494E5F 		.ascii	"PIN_NONE\000"
 773      4E4F4E45 
 773      00
 774              	.LASF18:
 775 0153 45455F49 		.ascii	"EE_INT32\000"
 775      4E543332 
 775      00
 776              	.LASF37:
 777 015c 49544D5F 		.ascii	"ITM_RxBuffer\000"
 777      52784275 
 777      66666572 
 777      00
 778              	.LASF31:
 779 0169 50696E5F 		.ascii	"Pin_3_Control\000"
 779      335F436F 
 779      6E74726F 
 779      6C00
 780              	.LASF14:
 781 0177 646F7562 		.ascii	"double\000"
 781      6C6500
 782              	.LASF29:
 783 017e 50696E5F 		.ascii	"Pin_2_Control\000"
 783      325F436F 
 783      6E74726F 
 783      6C00
 784              	.LASF35:
 785 018c 45455F73 		.ascii	"EE_std_endcycle_next_tid\000"
 785      74645F65 
 785      6E646379 
 785      636C655F 
 785      6E657874 
 786              	.LASF10:
 787 01a5 756E7369 		.ascii	"unsigned int\000"
 787      676E6564 
 787      20696E74 
 787      00
 788              	.LASF26:
 789 01b2 50494E5F 		.ascii	"PIN_GREEN\000"
 789      47524545 
 789      4E00
 790              	.LASF19:
 791 01bc 45455F55 		.ascii	"EE_UINT32\000"
 791      494E5433 
 791      3200
 792              	.LASF9:
 793 01c6 6C6F6E67 		.ascii	"long long unsigned int\000"
 793      206C6F6E 
 793      6720756E 
 793      7369676E 
 793      65642069 
ARM GAS  C:\Users\agila\AppData\Local\Temp\ccD94aSd.s 			page 17


 794              	.LASF11:
 795 01dd 75696E74 		.ascii	"uint8_t\000"
 795      385F7400 
 796              	.LASF21:
 797 01e5 45455F46 		.ascii	"EE_FREG\000"
 797      52454700 
 798              	.LASF34:
 799 01ed 45455F41 		.ascii	"EE_ApplicationMode\000"
 799      70706C69 
 799      63617469 
 799      6F6E4D6F 
 799      646500
 800              	.LASF12:
 801 0200 696E7433 		.ascii	"int32_t\000"
 801      325F7400 
 802              	.LASF17:
 803 0208 73697A65 		.ascii	"sizetype\000"
 803      74797065 
 803      00
 804              	.LASF44:
 805 0211 443A5C57 		.ascii	"D:\\WS25\\AMAEOS\\Lab\\Workspace01\\ReactionGame.cy"
 805      5332355C 
 805      414D4145 
 805      4F535C4C 
 805      61625C57 
 806 023f 64736E00 		.ascii	"dsn\000"
 807              	.LASF8:
 808 0243 6C6F6E67 		.ascii	"long long int\000"
 808      206C6F6E 
 808      6720696E 
 808      7400
 809              	.LASF15:
 810 0251 63686172 		.ascii	"char\000"
 810      00
 811              	.LASF20:
 812 0256 45455F55 		.ascii	"EE_UREG\000"
 812      52454700 
 813              	.LASF36:
 814 025e 45455F49 		.ascii	"EE_IRQ_nesting_level\000"
 814      52515F6E 
 814      65737469 
 814      6E675F6C 
 814      6576656C 
 815              	.LASF40:
 816 0273 59454C4C 		.ascii	"YELLOW_LED_Write\000"
 816      4F575F4C 
 816      45445F57 
 816      72697465 
 816      00
 817              	.LASF28:
 818 0284 50696E5F 		.ascii	"Pin_1_Control\000"
 818      315F436F 
 818      6E74726F 
 818      6C00
 819              	.LASF2:
 820 0292 73686F72 		.ascii	"short int\000"
 820      7420696E 
ARM GAS  C:\Users\agila\AppData\Local\Temp\ccD94aSd.s 			page 18


 820      7400
 821              	.LASF32:
 822 029c 45455F6F 		.ascii	"EE_oo_IRQ_disable_count\000"
 822      6F5F4952 
 822      515F6469 
 822      7361626C 
 822      655F636F 
 823              	.LASF38:
 824 02b4 50696E5F 		.ascii	"Pin_t\000"
 824      7400
 825              	.LASF39:
 826 02ba 5245445F 		.ascii	"RED_LED_Write\000"
 826      4C45445F 
 826      57726974 
 826      6500
 827              	.LASF16:
 828 02c8 6C6F6E67 		.ascii	"long double\000"
 828      20646F75 
 828      626C6500 
 829              	.LASF0:
 830 02d4 7369676E 		.ascii	"signed char\000"
 830      65642063 
 830      68617200 
 831              	.LASF24:
 832 02e0 50494E5F 		.ascii	"PIN_RED\000"
 832      52454400 
 833              		.ident	"GCC: (GNU Tools for ARM Embedded Processors) 5.4.1 20160609 (release) [ARM/embedded-5-bran
